<html>
<head>
<title>TestNG:  Test</title>
<link href="../testng.css" rel="stylesheet" type="text/css" />
<link href="../my-testng.css" rel="stylesheet" type="text/css" />

<style type="text/css">
.log { display: none;} 
.stack-trace { display: none;} 
</style>
<script type="text/javascript">
<!--
function flip(e) {
  current = e.style.display;
  if (current == 'block') {
    e.style.display = 'none';
    return 0;
  }
  else {
    e.style.display = 'block';
    return 1;
  }
}

function toggleBox(szDivId, elem, msg1, msg2)
{
  var res = -1;  if (document.getElementById) {
    res = flip(document.getElementById(szDivId));
  }
  else if (document.all) {
    // this is the way old msie versions work
    res = flip(document.all[szDivId]);
  }
  if(elem) {
    if(res == 0) elem.innerHTML = msg1; else elem.innerHTML = msg2;
  }

}

function toggleAllBoxes() {
  if (document.getElementsByTagName) {
    d = document.getElementsByTagName('div');
    for (i = 0; i < d.length; i++) {
      if (d[i].className == 'log') {
        flip(d[i]);
      }
    }
  }
}

// -->
</script>

</head>
<body>
<h2 align='center'>Test</h2><table border='1' align="center">
<tr>
<td>Tests passed/Failed/Skipped:</td><td>38/14/0</td>
</tr><tr>
<td>Started on:</td><td>Mon Jul 31 21:54:12 IST 2023</td>
</tr>
<tr><td>Total time:</td><td>3295 seconds (3295557 ms)</td>
</tr><tr>
<td>Included groups:</td><td></td>
</tr><tr>
<td>Excluded groups:</td><td></td>
</tr>
</table><p/>
<small><i>(Hover the method name to see the test class name)</i></small><p/>
<table width='100%' border='1' class='invocation-failed'>
<tr><td colspan='4' align='center'><b>FAILED TESTS</b></td></tr>
<tr><td><b>Test method</b></td>
<td width="30%"><b>Exception</b></td>
<td width="10%"><b>Time (seconds)</b></td>
<td><b>Instance</b></td>
</tr>
<tr>
<td title='com.test.ViewMatterViewDetailsTest.uploadFilesandEnableWithcombinedDocumentNamesandDescriptionandSave()'><b>uploadFilesandEnableWithcombinedDocumentNamesandDescriptionandSave</b><br>Test class: com.test.ViewMatterViewDetailsTest<br>Parameters: {documentName1=, documentName3=, documentName2=, filePath=C:\Users\Vengadesh\Documents\Automate Image\Legal Matter\10, count=4, documName1=DocPDfImage1, documName2=DocPDfImage2, documName0=DocPDfImage, descp0=Welcome to digicoffer, comment=33.uploadFilesandEnableWithcombinedDocumentNamesandDescriptionandSave, descp2=Pdf Files merged, documName3=DocPDfImage3, descp1=Hello Lauditor customer, descp3=Files loading, matterName=Contract Breach}</td>
<td><div><pre>java.lang.IndexOutOfBoundsException: Index 3 out of bounds for length 3
	at java.base/jdk.internal.util.Preconditions.outOfBounds(Preconditions.java:100)
	at java.base/jdk.internal.util.Preconditions.outOfBoundsCheckIndex(Preconditions.java:106)
	at java.base/jdk.internal.util.Preconditions.checkIndex(Preconditions.java:302)
	at java.base/java.util.Objects.checkIndex(Objects.java:359)
	at java.base/java.util.ArrayList.get(ArrayList.java:427)
	at org.openqa.selenium.support.pagefactory.internal.LocatingElementListHandler.invoke(LocatingElementListHandler.java:40)
	at jdk.proxy2/jdk.proxy2.$Proxy19.get(Unknown Source)
	at com.pom.ViewMatterViewDetailsDocumentsPOM.editDocumentNameandDescriptionFields(ViewMatterViewDetailsDocumentsPOM.java:627)
	at com.test.ViewMatterViewDetailsTest.uploadFilesandEnableWithcombinedDocumentNamesandDescriptionandSave(ViewMatterViewDetailsTest.java:1023)
	at java.base/java.util.ArrayList.forEach(ArrayList.java:1511)
... Removed 27 stack frames</pre></div><a href='#' onClick='toggleBox("stack-trace1197430300", this, "Click to show all stack frames", "Click to hide stack frames")'>Click to show all stack frames</a>
<div class='stack-trace' id='stack-trace1197430300'><pre>java.lang.IndexOutOfBoundsException: Index 3 out of bounds for length 3
	at java.base/jdk.internal.util.Preconditions.outOfBounds(Preconditions.java:100)
	at java.base/jdk.internal.util.Preconditions.outOfBoundsCheckIndex(Preconditions.java:106)
	at java.base/jdk.internal.util.Preconditions.checkIndex(Preconditions.java:302)
	at java.base/java.util.Objects.checkIndex(Objects.java:359)
	at java.base/java.util.ArrayList.get(ArrayList.java:427)
	at java.base/jdk.internal.reflect.DirectMethodHandleAccessor.invoke(DirectMethodHandleAccessor.java:104)
	at java.base/java.lang.reflect.Method.invoke(Method.java:577)
	at org.openqa.selenium.support.pagefactory.internal.LocatingElementListHandler.invoke(LocatingElementListHandler.java:40)
	at jdk.proxy2/jdk.proxy2.$Proxy19.get(Unknown Source)
	at com.pom.ViewMatterViewDetailsDocumentsPOM.editDocumentNameandDescriptionFields(ViewMatterViewDetailsDocumentsPOM.java:627)
	at com.test.ViewMatterViewDetailsTest.uploadFilesandEnableWithcombinedDocumentNamesandDescriptionandSave(ViewMatterViewDetailsTest.java:1023)
	at java.base/jdk.internal.reflect.DirectMethodHandleAccessor.invoke(DirectMethodHandleAccessor.java:104)
	at java.base/java.lang.reflect.Method.invoke(Method.java:577)
	at org.testng.internal.MethodInvocationHelper.invokeMethod(MethodInvocationHelper.java:133)
	at org.testng.internal.TestInvoker.invokeMethod(TestInvoker.java:598)
	at org.testng.internal.TestInvoker.invokeTestMethod(TestInvoker.java:173)
	at org.testng.internal.MethodRunner.runInSequence(MethodRunner.java:46)
	at org.testng.internal.TestInvoker$MethodInvocationAgent.invoke(TestInvoker.java:824)
	at org.testng.internal.TestInvoker.invokeTestMethods(TestInvoker.java:146)
	at org.testng.internal.TestMethodWorker.invokeTestMethods(TestMethodWorker.java:146)
	at org.testng.internal.TestMethodWorker.run(TestMethodWorker.java:128)
	at java.base/java.util.ArrayList.forEach(ArrayList.java:1511)
	at org.testng.TestRunner.privateRun(TestRunner.java:794)
	at org.testng.TestRunner.run(TestRunner.java:596)
	at org.testng.SuiteRunner.runTest(SuiteRunner.java:377)
	at org.testng.SuiteRunner.runSequentially(SuiteRunner.java:371)
	at org.testng.SuiteRunner.privateRun(SuiteRunner.java:332)
	at org.testng.SuiteRunner.run(SuiteRunner.java:276)
	at org.testng.SuiteRunnerWorker.runSuite(SuiteRunnerWorker.java:53)
	at org.testng.SuiteRunnerWorker.run(SuiteRunnerWorker.java:96)
	at org.testng.TestNG.runSuitesSequentially(TestNG.java:1212)
	at org.testng.TestNG.runSuitesLocally(TestNG.java:1134)
	at org.testng.TestNG.runSuites(TestNG.java:1063)
	at org.testng.TestNG.run(TestNG.java:1031)
	at org.testng.remote.AbstractRemoteTestNG.run(AbstractRemoteTestNG.java:115)
	at org.testng.remote.RemoteTestNG.initAndRun(RemoteTestNG.java:251)
	at org.testng.remote.RemoteTestNG.main(RemoteTestNG.java:77)
</pre></div></td>
<td>59</td>
<td>com.test.ViewMatterViewDetailsTest@35b74c5c</td></tr>
<tr>
<td title='com.test.ViewMatterViewDetailsTest.removeDocumentOnLeftSideWithSave()'><b>removeDocumentOnLeftSideWithSave</b><br>Test class: com.test.ViewMatterViewDetailsTest<br>Parameters: {documentRemove1=Neela GH 1, documentRemove2=Apollo TM 2, comment=7.removeDocumentOnLeftSideWithSave, matterName=Contract Breach}</td>
<td><div><pre>org.openqa.selenium.TimeoutException: Expected condition failed: waiting for visibility of Proxy element for: DefaultElementLocator &apos;By.xpath: //input[@placeholder=&apos;Search Group&apos;]&apos; (tried for 10 second(s) with 500 milliseconds interval)
	at org.openqa.selenium.support.ui.WebDriverWait.timeoutException(WebDriverWait.java:87)
	at org.openqa.selenium.support.ui.FluentWait.until(FluentWait.java:231)
	at com.abst.Reusable.visibilityOfElementWait(Reusable.java:121)
	at com.pom.ViewMatterPOM.searchBarFieldsandActionBtn(ViewMatterPOM.java:338)
	at com.test.ViewMatterViewDetailsTest.removeDocumentOnLeftSideWithSave(ViewMatterViewDetailsTest.java:166)
	at java.base/java.util.ArrayList.forEach(ArrayList.java:1511)
Caused by: org.openqa.selenium.NoSuchElementException: no such element: Unable to locate element: {&quot;method&quot;:&quot;xpath&quot;,&quot;selector&quot;:&quot;//input[@placeholder=&apos;Search Group&apos;]&quot;}
  (Session info: chrome=115.0.5790.110)
For documentation on this error, please visit: https://selenium.dev/exceptions/#no_such_element
Build info: version: &apos;4.7.0&apos;, revision: &apos;0a5b49d16f&apos;
System info: os.name: &apos;Windows 10&apos;, os.arch: &apos;amd64&apos;, os.version: &apos;10.0&apos;, java.version: &apos;18.0.2.1&apos;
Driver info: org.openqa.selenium.chrome.ChromeDriver
Command: [aa0b0666193f7872b00de78128c7e4af, findElement {using=xpath, value=//input[@placeholder=&apos;Search Group&apos;]}]
Capabilities {acceptInsecureCerts: false, browserName: chrome, browserVersion: 115.0.5790.110, chrome: {chromedriverVersion: 114.0.5735.90 (386bc09e8f4f..., userDataDir: C:\Users\VENGAD~1\AppData\L...}, goog:chromeOptions: {debuggerAddress: localhost:60930}, networkConnectionEnabled: false, pageLoadStrategy: normal, platformName: WINDOWS, proxy: Proxy(), se:cdp: ws://localhost:60930/devtoo..., se:cdpVersion: 115.0.5790.110, setWindowRect: true, strictFileInteractability: false, timeouts: {implicit: 0, pageLoad: 300000, script: 30000}, unhandledPromptBehavior: dismiss and notify, webauthn:extension:credBlob: true, webauthn:extension:largeBlob: true, webauthn:extension:minPinLength: true, webauthn:extension:prf: true, webauthn:virtualAuthenticators: true}
Session ID: aa0b0666193f7872b00de78128c7e4af
	at org.openqa.selenium.remote.codec.w3c.W3CHttpResponseCodec.createException(W3CHttpResponseCodec.java:200)
	at org.openqa.selenium.remote.codec.w3c.W3CHttpResponseCodec.decode(W3CHttpResponseCodec.java:133)
	at org.openqa.selenium.remote.codec.w3c.W3CHttpResponseCodec.decode(W3CHttpResponseCodec.java:53)
	at org.openqa.selenium.remote.HttpCommandExecutor.execute(HttpCommandExecutor.java:184)
	at org.openqa.selenium.remote.service.DriverCommandExecutor.invokeExecute(DriverCommandExecutor.java:167)
	at org.openqa.selenium.remote.service.DriverCommandExecutor.execute(DriverCommandExecutor.java:142)
	at org.openqa.selenium.remote.RemoteWebDriver.execute(RemoteWebDriver.java:541)
	at org.openqa.selenium.remote.ElementLocation$ElementFinder$2.findElement(ElementLocation.java:162)
	at org.openqa.selenium.remote.ElementLocation.findElement(ElementLocation.java:60)
	at org.openqa.selenium.remote.RemoteWebDriver.findElement(RemoteWebDriver.java:365)
	at org.openqa.selenium.remote.RemoteWebDriver.findElement(RemoteWebDriver.java:357)
	at org.openqa.selenium.support.pagefactory.DefaultElementLocator.findElement(DefaultElementLocator.java:70)
	at org.openqa.selenium.support.pagefactory.internal.LocatingElementHandler.invoke(LocatingElementHandler.java:39)
	at jdk.proxy2/jdk.proxy2.$Proxy18.isDisplayed(Unknown Source)
	at org.openqa.selenium.support.ui.ExpectedConditions.elementIfVisible(ExpectedConditions.java:307)
	at org.openqa.selenium.support.ui.ExpectedConditions.access$000(ExpectedConditions.java:40)
	at org.openqa.selenium.support.ui.ExpectedConditions$10.apply(ExpectedConditions.java:293)
	at org.openqa.selenium.support.ui.ExpectedConditions$10.apply(ExpectedConditions.java:290)
	at org.openqa.selenium.support.ui.FluentWait.until(FluentWait.java:208)
	... 29 more
... Removed 28 stack frames</pre></div><a href='#' onClick='toggleBox("stack-trace1141049797", this, "Click to show all stack frames", "Click to hide stack frames")'>Click to show all stack frames</a>
<div class='stack-trace' id='stack-trace1141049797'><pre>org.openqa.selenium.TimeoutException: Expected condition failed: waiting for visibility of Proxy element for: DefaultElementLocator &apos;By.xpath: //input[@placeholder=&apos;Search Group&apos;]&apos; (tried for 10 second(s) with 500 milliseconds interval)
	at org.openqa.selenium.support.ui.WebDriverWait.timeoutException(WebDriverWait.java:87)
	at org.openqa.selenium.support.ui.FluentWait.until(FluentWait.java:231)
	at com.abst.Reusable.visibilityOfElementWait(Reusable.java:121)
	at com.pom.ViewMatterPOM.searchBarFieldsandActionBtn(ViewMatterPOM.java:338)
	at com.test.ViewMatterViewDetailsTest.removeDocumentOnLeftSideWithSave(ViewMatterViewDetailsTest.java:166)
	at java.base/jdk.internal.reflect.DirectMethodHandleAccessor.invoke(DirectMethodHandleAccessor.java:104)
	at java.base/java.lang.reflect.Method.invoke(Method.java:577)
	at org.testng.internal.MethodInvocationHelper.invokeMethod(MethodInvocationHelper.java:133)
	at org.testng.internal.TestInvoker.invokeMethod(TestInvoker.java:598)
	at org.testng.internal.TestInvoker.invokeTestMethod(TestInvoker.java:173)
	at org.testng.internal.MethodRunner.runInSequence(MethodRunner.java:46)
	at org.testng.internal.TestInvoker$MethodInvocationAgent.invoke(TestInvoker.java:824)
	at org.testng.internal.TestInvoker.invokeTestMethods(TestInvoker.java:146)
	at org.testng.internal.TestMethodWorker.invokeTestMethods(TestMethodWorker.java:146)
	at org.testng.internal.TestMethodWorker.run(TestMethodWorker.java:128)
	at java.base/java.util.ArrayList.forEach(ArrayList.java:1511)
	at org.testng.TestRunner.privateRun(TestRunner.java:794)
	at org.testng.TestRunner.run(TestRunner.java:596)
	at org.testng.SuiteRunner.runTest(SuiteRunner.java:377)
	at org.testng.SuiteRunner.runSequentially(SuiteRunner.java:371)
	at org.testng.SuiteRunner.privateRun(SuiteRunner.java:332)
	at org.testng.SuiteRunner.run(SuiteRunner.java:276)
	at org.testng.SuiteRunnerWorker.runSuite(SuiteRunnerWorker.java:53)
	at org.testng.SuiteRunnerWorker.run(SuiteRunnerWorker.java:96)
	at org.testng.TestNG.runSuitesSequentially(TestNG.java:1212)
	at org.testng.TestNG.runSuitesLocally(TestNG.java:1134)
	at org.testng.TestNG.runSuites(TestNG.java:1063)
	at org.testng.TestNG.run(TestNG.java:1031)
	at org.testng.remote.AbstractRemoteTestNG.run(AbstractRemoteTestNG.java:115)
	at org.testng.remote.RemoteTestNG.initAndRun(RemoteTestNG.java:251)
	at org.testng.remote.RemoteTestNG.main(RemoteTestNG.java:77)
Caused by: org.openqa.selenium.NoSuchElementException: no such element: Unable to locate element: {&quot;method&quot;:&quot;xpath&quot;,&quot;selector&quot;:&quot;//input[@placeholder=&apos;Search Group&apos;]&quot;}
  (Session info: chrome=115.0.5790.110)
For documentation on this error, please visit: https://selenium.dev/exceptions/#no_such_element
Build info: version: &apos;4.7.0&apos;, revision: &apos;0a5b49d16f&apos;
System info: os.name: &apos;Windows 10&apos;, os.arch: &apos;amd64&apos;, os.version: &apos;10.0&apos;, java.version: &apos;18.0.2.1&apos;
Driver info: org.openqa.selenium.chrome.ChromeDriver
Command: [aa0b0666193f7872b00de78128c7e4af, findElement {using=xpath, value=//input[@placeholder=&apos;Search Group&apos;]}]
Capabilities {acceptInsecureCerts: false, browserName: chrome, browserVersion: 115.0.5790.110, chrome: {chromedriverVersion: 114.0.5735.90 (386bc09e8f4f..., userDataDir: C:\Users\VENGAD~1\AppData\L...}, goog:chromeOptions: {debuggerAddress: localhost:60930}, networkConnectionEnabled: false, pageLoadStrategy: normal, platformName: WINDOWS, proxy: Proxy(), se:cdp: ws://localhost:60930/devtoo..., se:cdpVersion: 115.0.5790.110, setWindowRect: true, strictFileInteractability: false, timeouts: {implicit: 0, pageLoad: 300000, script: 30000}, unhandledPromptBehavior: dismiss and notify, webauthn:extension:credBlob: true, webauthn:extension:largeBlob: true, webauthn:extension:minPinLength: true, webauthn:extension:prf: true, webauthn:virtualAuthenticators: true}
Session ID: aa0b0666193f7872b00de78128c7e4af
	at java.base/jdk.internal.reflect.DirectConstructorHandleAccessor.newInstance(DirectConstructorHandleAccessor.java:67)
	at java.base/java.lang.reflect.Constructor.newInstanceWithCaller(Constructor.java:499)
	at java.base/java.lang.reflect.Constructor.newInstance(Constructor.java:483)
	at org.openqa.selenium.remote.codec.w3c.W3CHttpResponseCodec.createException(W3CHttpResponseCodec.java:200)
	at org.openqa.selenium.remote.codec.w3c.W3CHttpResponseCodec.decode(W3CHttpResponseCodec.java:133)
	at org.openqa.selenium.remote.codec.w3c.W3CHttpResponseCodec.decode(W3CHttpResponseCodec.java:53)
	at org.openqa.selenium.remote.HttpCommandExecutor.execute(HttpCommandExecutor.java:184)
	at org.openqa.selenium.remote.service.DriverCommandExecutor.invokeExecute(DriverCommandExecutor.java:167)
	at org.openqa.selenium.remote.service.DriverCommandExecutor.execute(DriverCommandExecutor.java:142)
	at org.openqa.selenium.remote.RemoteWebDriver.execute(RemoteWebDriver.java:541)
	at org.openqa.selenium.remote.ElementLocation$ElementFinder$2.findElement(ElementLocation.java:162)
	at org.openqa.selenium.remote.ElementLocation.findElement(ElementLocation.java:60)
	at org.openqa.selenium.remote.RemoteWebDriver.findElement(RemoteWebDriver.java:365)
	at org.openqa.selenium.remote.RemoteWebDriver.findElement(RemoteWebDriver.java:357)
	at org.openqa.selenium.support.pagefactory.DefaultElementLocator.findElement(DefaultElementLocator.java:70)
	at org.openqa.selenium.support.pagefactory.internal.LocatingElementHandler.invoke(LocatingElementHandler.java:39)
	at jdk.proxy2/jdk.proxy2.$Proxy18.isDisplayed(Unknown Source)
	at org.openqa.selenium.support.ui.ExpectedConditions.elementIfVisible(ExpectedConditions.java:307)
	at org.openqa.selenium.support.ui.ExpectedConditions.access$000(ExpectedConditions.java:40)
	at org.openqa.selenium.support.ui.ExpectedConditions$10.apply(ExpectedConditions.java:293)
	at org.openqa.selenium.support.ui.ExpectedConditions$10.apply(ExpectedConditions.java:290)
	at org.openqa.selenium.support.ui.FluentWait.until(FluentWait.java:208)
	... 29 more
</pre></div></td>
<td>23</td>
<td>com.test.ViewMatterViewDetailsTest@35b74c5c</td></tr>
<tr>
<td title='com.test.ViewMatterViewDetailsTest.uploadFilesandDisableWithcombinedDocumentNamesandDateandSave()'><b>uploadFilesandDisableWithcombinedDocumentNamesandDateandSave</b><br>Test class: com.test.ViewMatterViewDetailsTest<br>Parameters: {documentName1=, documentName2=, filePath=C:\Users\Vengadesh\Documents\Automate Image\Legal Matter\16, count=4, date3= 13 , date2= 2 , date1= 18 , date0= 21 , documName1=ImgFIlesLocal2, documName2=ReAddImageFIlesLoc2, documName0=TextFilesLA1, comment=45.uploadFilesandDisableWithcombinedDocumentNamesandDateandSave, documName3=AugFiles, matterName=Contract Breach}</td>
<td><div><pre>java.lang.IndexOutOfBoundsException: Index 3 out of bounds for length 3
	at java.base/jdk.internal.util.Preconditions.outOfBounds(Preconditions.java:100)
	at java.base/jdk.internal.util.Preconditions.outOfBoundsCheckIndex(Preconditions.java:106)
	at java.base/jdk.internal.util.Preconditions.checkIndex(Preconditions.java:302)
	at java.base/java.util.Objects.checkIndex(Objects.java:359)
	at java.base/java.util.ArrayList.get(ArrayList.java:427)
	at org.openqa.selenium.support.pagefactory.internal.LocatingElementListHandler.invoke(LocatingElementListHandler.java:40)
	at jdk.proxy2/jdk.proxy2.$Proxy19.get(Unknown Source)
	at com.pom.ViewMatterViewDetailsDocumentsPOM.editDocumentNameandDateFields(ViewMatterViewDetailsDocumentsPOM.java:611)
	at com.test.ViewMatterViewDetailsTest.uploadFilesandDisableWithcombinedDocumentNamesandDateandSave(ViewMatterViewDetailsTest.java:1540)
	at java.base/java.util.ArrayList.forEach(ArrayList.java:1511)
... Removed 27 stack frames</pre></div><a href='#' onClick='toggleBox("stack-trace1454596821", this, "Click to show all stack frames", "Click to hide stack frames")'>Click to show all stack frames</a>
<div class='stack-trace' id='stack-trace1454596821'><pre>java.lang.IndexOutOfBoundsException: Index 3 out of bounds for length 3
	at java.base/jdk.internal.util.Preconditions.outOfBounds(Preconditions.java:100)
	at java.base/jdk.internal.util.Preconditions.outOfBoundsCheckIndex(Preconditions.java:106)
	at java.base/jdk.internal.util.Preconditions.checkIndex(Preconditions.java:302)
	at java.base/java.util.Objects.checkIndex(Objects.java:359)
	at java.base/java.util.ArrayList.get(ArrayList.java:427)
	at java.base/jdk.internal.reflect.DirectMethodHandleAccessor.invoke(DirectMethodHandleAccessor.java:104)
	at java.base/java.lang.reflect.Method.invoke(Method.java:577)
	at org.openqa.selenium.support.pagefactory.internal.LocatingElementListHandler.invoke(LocatingElementListHandler.java:40)
	at jdk.proxy2/jdk.proxy2.$Proxy19.get(Unknown Source)
	at com.pom.ViewMatterViewDetailsDocumentsPOM.editDocumentNameandDateFields(ViewMatterViewDetailsDocumentsPOM.java:611)
	at com.test.ViewMatterViewDetailsTest.uploadFilesandDisableWithcombinedDocumentNamesandDateandSave(ViewMatterViewDetailsTest.java:1540)
	at java.base/jdk.internal.reflect.DirectMethodHandleAccessor.invoke(DirectMethodHandleAccessor.java:104)
	at java.base/java.lang.reflect.Method.invoke(Method.java:577)
	at org.testng.internal.MethodInvocationHelper.invokeMethod(MethodInvocationHelper.java:133)
	at org.testng.internal.TestInvoker.invokeMethod(TestInvoker.java:598)
	at org.testng.internal.TestInvoker.invokeTestMethod(TestInvoker.java:173)
	at org.testng.internal.MethodRunner.runInSequence(MethodRunner.java:46)
	at org.testng.internal.TestInvoker$MethodInvocationAgent.invoke(TestInvoker.java:824)
	at org.testng.internal.TestInvoker.invokeTestMethods(TestInvoker.java:146)
	at org.testng.internal.TestMethodWorker.invokeTestMethods(TestMethodWorker.java:146)
	at org.testng.internal.TestMethodWorker.run(TestMethodWorker.java:128)
	at java.base/java.util.ArrayList.forEach(ArrayList.java:1511)
	at org.testng.TestRunner.privateRun(TestRunner.java:794)
	at org.testng.TestRunner.run(TestRunner.java:596)
	at org.testng.SuiteRunner.runTest(SuiteRunner.java:377)
	at org.testng.SuiteRunner.runSequentially(SuiteRunner.java:371)
	at org.testng.SuiteRunner.privateRun(SuiteRunner.java:332)
	at org.testng.SuiteRunner.run(SuiteRunner.java:276)
	at org.testng.SuiteRunnerWorker.runSuite(SuiteRunnerWorker.java:53)
	at org.testng.SuiteRunnerWorker.run(SuiteRunnerWorker.java:96)
	at org.testng.TestNG.runSuitesSequentially(TestNG.java:1212)
	at org.testng.TestNG.runSuitesLocally(TestNG.java:1134)
	at org.testng.TestNG.runSuites(TestNG.java:1063)
	at org.testng.TestNG.run(TestNG.java:1031)
	at org.testng.remote.AbstractRemoteTestNG.run(AbstractRemoteTestNG.java:115)
	at org.testng.remote.RemoteTestNG.initAndRun(RemoteTestNG.java:251)
	at org.testng.remote.RemoteTestNG.main(RemoteTestNG.java:77)
</pre></div></td>
<td>60</td>
<td>com.test.ViewMatterViewDetailsTest@35b74c5c</td></tr>
<tr>
<td title='com.test.ViewMatterViewDetailsTest.uploadFilesandEnableWithcombinedDocumentNamesandDateandSave()'><b>uploadFilesandEnableWithcombinedDocumentNamesandDateandSave</b><br>Test class: com.test.ViewMatterViewDetailsTest<br>Parameters: {documentName1=, documentName2=, filePath=C:\Users\Vengadesh\Documents\Automate Image\Legal Matter\9, count=4, date3= 13 , date2= 2 , date1= 18 , date0= 21 , documName1=ImgFIlesLocal2, documName2=ReAddImageFIlesLoc2, documName0=TextFilesLA1, comment=31.uploadFilesandEnableWithcombinedDocumentNamesandDateandSave, documName3=AugFiles, matterName=Contract Breach}</td>
<td><div><pre>java.lang.IndexOutOfBoundsException: Index 3 out of bounds for length 3
	at java.base/jdk.internal.util.Preconditions.outOfBounds(Preconditions.java:100)
	at java.base/jdk.internal.util.Preconditions.outOfBoundsCheckIndex(Preconditions.java:106)
	at java.base/jdk.internal.util.Preconditions.checkIndex(Preconditions.java:302)
	at java.base/java.util.Objects.checkIndex(Objects.java:359)
	at java.base/java.util.ArrayList.get(ArrayList.java:427)
	at org.openqa.selenium.support.pagefactory.internal.LocatingElementListHandler.invoke(LocatingElementListHandler.java:40)
	at jdk.proxy2/jdk.proxy2.$Proxy19.get(Unknown Source)
	at com.pom.ViewMatterViewDetailsDocumentsPOM.editDocumentNameandDateFields(ViewMatterViewDetailsDocumentsPOM.java:611)
	at com.test.ViewMatterViewDetailsTest.uploadFilesandEnableWithcombinedDocumentNamesandDateandSave(ViewMatterViewDetailsTest.java:939)
	at java.base/java.util.ArrayList.forEach(ArrayList.java:1511)
... Removed 27 stack frames</pre></div><a href='#' onClick='toggleBox("stack-trace1544808308", this, "Click to show all stack frames", "Click to hide stack frames")'>Click to show all stack frames</a>
<div class='stack-trace' id='stack-trace1544808308'><pre>java.lang.IndexOutOfBoundsException: Index 3 out of bounds for length 3
	at java.base/jdk.internal.util.Preconditions.outOfBounds(Preconditions.java:100)
	at java.base/jdk.internal.util.Preconditions.outOfBoundsCheckIndex(Preconditions.java:106)
	at java.base/jdk.internal.util.Preconditions.checkIndex(Preconditions.java:302)
	at java.base/java.util.Objects.checkIndex(Objects.java:359)
	at java.base/java.util.ArrayList.get(ArrayList.java:427)
	at java.base/jdk.internal.reflect.DirectMethodHandleAccessor.invoke(DirectMethodHandleAccessor.java:104)
	at java.base/java.lang.reflect.Method.invoke(Method.java:577)
	at org.openqa.selenium.support.pagefactory.internal.LocatingElementListHandler.invoke(LocatingElementListHandler.java:40)
	at jdk.proxy2/jdk.proxy2.$Proxy19.get(Unknown Source)
	at com.pom.ViewMatterViewDetailsDocumentsPOM.editDocumentNameandDateFields(ViewMatterViewDetailsDocumentsPOM.java:611)
	at com.test.ViewMatterViewDetailsTest.uploadFilesandEnableWithcombinedDocumentNamesandDateandSave(ViewMatterViewDetailsTest.java:939)
	at java.base/jdk.internal.reflect.DirectMethodHandleAccessor.invoke(DirectMethodHandleAccessor.java:104)
	at java.base/java.lang.reflect.Method.invoke(Method.java:577)
	at org.testng.internal.MethodInvocationHelper.invokeMethod(MethodInvocationHelper.java:133)
	at org.testng.internal.TestInvoker.invokeMethod(TestInvoker.java:598)
	at org.testng.internal.TestInvoker.invokeTestMethod(TestInvoker.java:173)
	at org.testng.internal.MethodRunner.runInSequence(MethodRunner.java:46)
	at org.testng.internal.TestInvoker$MethodInvocationAgent.invoke(TestInvoker.java:824)
	at org.testng.internal.TestInvoker.invokeTestMethods(TestInvoker.java:146)
	at org.testng.internal.TestMethodWorker.invokeTestMethods(TestMethodWorker.java:146)
	at org.testng.internal.TestMethodWorker.run(TestMethodWorker.java:128)
	at java.base/java.util.ArrayList.forEach(ArrayList.java:1511)
	at org.testng.TestRunner.privateRun(TestRunner.java:794)
	at org.testng.TestRunner.run(TestRunner.java:596)
	at org.testng.SuiteRunner.runTest(SuiteRunner.java:377)
	at org.testng.SuiteRunner.runSequentially(SuiteRunner.java:371)
	at org.testng.SuiteRunner.privateRun(SuiteRunner.java:332)
	at org.testng.SuiteRunner.run(SuiteRunner.java:276)
	at org.testng.SuiteRunnerWorker.runSuite(SuiteRunnerWorker.java:53)
	at org.testng.SuiteRunnerWorker.run(SuiteRunnerWorker.java:96)
	at org.testng.TestNG.runSuitesSequentially(TestNG.java:1212)
	at org.testng.TestNG.runSuitesLocally(TestNG.java:1134)
	at org.testng.TestNG.runSuites(TestNG.java:1063)
	at org.testng.TestNG.run(TestNG.java:1031)
	at org.testng.remote.AbstractRemoteTestNG.run(AbstractRemoteTestNG.java:115)
	at org.testng.remote.RemoteTestNG.initAndRun(RemoteTestNG.java:251)
	at org.testng.remote.RemoteTestNG.main(RemoteTestNG.java:77)
</pre></div></td>
<td>58</td>
<td>com.test.ViewMatterViewDetailsTest@35b74c5c</td></tr>
<tr>
<td title='com.test.ViewMatterViewDetailsTest.uploadFilesandEnableWithMultipleAddTagsandSave()'><b>uploadFilesandEnableWithMultipleAddTagsandSave</b><br>Test class: com.test.ViewMatterViewDetailsTest<br>Parameters: {addtags0=Year, addtags1=Month, documentName1=, documentName2=, filePath=C:\Users\Vengadesh\Documents\Automate Image\Legal Matter\19, tags0= 1999 , count=2, tags1= 07 , comment=51.uploadFilesandEnableWithMultipleAddTagsandSave, matterName=Criminal Case 15}</td>
<td><div><pre>org.openqa.selenium.TimeoutException: Expected condition failed: waiting for visibility of Proxy element for: DefaultElementLocator &apos;By.xpath: //ul[@class=&apos;dropdown-menu custom-dropdown show&apos;] //li[1]&apos; (tried for 10 second(s) with 500 milliseconds interval)
	at org.openqa.selenium.support.ui.WebDriverWait.timeoutException(WebDriverWait.java:87)
	at org.openqa.selenium.support.ui.FluentWait.until(FluentWait.java:231)
	at com.abst.Reusable.visibilityOfElementWait(Reusable.java:121)
	at com.pom.ViewMatterViewDetailsPOM.viewDetailsBtn(ViewMatterViewDetailsPOM.java:30)
	at com.test.ViewMatterViewDetailsTest.uploadFilesandEnableWithMultipleAddTagsandSave(ViewMatterViewDetailsTest.java:1786)
	at java.base/java.util.ArrayList.forEach(ArrayList.java:1511)
Caused by: org.openqa.selenium.NoSuchElementException: no such element: Unable to locate element: {&quot;method&quot;:&quot;xpath&quot;,&quot;selector&quot;:&quot;//ul[@class=&apos;dropdown-menu custom-dropdown show&apos;] //li[1]&quot;}
  (Session info: chrome=115.0.5790.110)
For documentation on this error, please visit: https://selenium.dev/exceptions/#no_such_element
Build info: version: &apos;4.7.0&apos;, revision: &apos;0a5b49d16f&apos;
System info: os.name: &apos;Windows 10&apos;, os.arch: &apos;amd64&apos;, os.version: &apos;10.0&apos;, java.version: &apos;18.0.2.1&apos;
Driver info: org.openqa.selenium.chrome.ChromeDriver
Command: [aa0b0666193f7872b00de78128c7e4af, findElement {using=xpath, value=//ul[@class=&apos;dropdown-menu custom-dropdown show&apos;] //li[1]}]
Capabilities {acceptInsecureCerts: false, browserName: chrome, browserVersion: 115.0.5790.110, chrome: {chromedriverVersion: 114.0.5735.90 (386bc09e8f4f..., userDataDir: C:\Users\VENGAD~1\AppData\L...}, goog:chromeOptions: {debuggerAddress: localhost:60930}, networkConnectionEnabled: false, pageLoadStrategy: normal, platformName: WINDOWS, proxy: Proxy(), se:cdp: ws://localhost:60930/devtoo..., se:cdpVersion: 115.0.5790.110, setWindowRect: true, strictFileInteractability: false, timeouts: {implicit: 0, pageLoad: 300000, script: 30000}, unhandledPromptBehavior: dismiss and notify, webauthn:extension:credBlob: true, webauthn:extension:largeBlob: true, webauthn:extension:minPinLength: true, webauthn:extension:prf: true, webauthn:virtualAuthenticators: true}
Session ID: aa0b0666193f7872b00de78128c7e4af
	at org.openqa.selenium.remote.codec.w3c.W3CHttpResponseCodec.createException(W3CHttpResponseCodec.java:200)
	at org.openqa.selenium.remote.codec.w3c.W3CHttpResponseCodec.decode(W3CHttpResponseCodec.java:133)
	at org.openqa.selenium.remote.codec.w3c.W3CHttpResponseCodec.decode(W3CHttpResponseCodec.java:53)
	at org.openqa.selenium.remote.HttpCommandExecutor.execute(HttpCommandExecutor.java:184)
	at org.openqa.selenium.remote.service.DriverCommandExecutor.invokeExecute(DriverCommandExecutor.java:167)
	at org.openqa.selenium.remote.service.DriverCommandExecutor.execute(DriverCommandExecutor.java:142)
	at org.openqa.selenium.remote.RemoteWebDriver.execute(RemoteWebDriver.java:541)
	at org.openqa.selenium.remote.ElementLocation$ElementFinder$2.findElement(ElementLocation.java:162)
	at org.openqa.selenium.remote.ElementLocation.findElement(ElementLocation.java:60)
	at org.openqa.selenium.remote.RemoteWebDriver.findElement(RemoteWebDriver.java:365)
	at org.openqa.selenium.remote.RemoteWebDriver.findElement(RemoteWebDriver.java:357)
	at org.openqa.selenium.support.pagefactory.DefaultElementLocator.findElement(DefaultElementLocator.java:70)
	at org.openqa.selenium.support.pagefactory.internal.LocatingElementHandler.invoke(LocatingElementHandler.java:39)
	at jdk.proxy2/jdk.proxy2.$Proxy18.isDisplayed(Unknown Source)
	at org.openqa.selenium.support.ui.ExpectedConditions.elementIfVisible(ExpectedConditions.java:307)
	at org.openqa.selenium.support.ui.ExpectedConditions.access$000(ExpectedConditions.java:40)
	at org.openqa.selenium.support.ui.ExpectedConditions$10.apply(ExpectedConditions.java:293)
	at org.openqa.selenium.support.ui.ExpectedConditions$10.apply(ExpectedConditions.java:290)
	at org.openqa.selenium.support.ui.FluentWait.until(FluentWait.java:208)
	... 29 more
... Removed 28 stack frames</pre></div><a href='#' onClick='toggleBox("stack-trace843054904", this, "Click to show all stack frames", "Click to hide stack frames")'>Click to show all stack frames</a>
<div class='stack-trace' id='stack-trace843054904'><pre>org.openqa.selenium.TimeoutException: Expected condition failed: waiting for visibility of Proxy element for: DefaultElementLocator &apos;By.xpath: //ul[@class=&apos;dropdown-menu custom-dropdown show&apos;] //li[1]&apos; (tried for 10 second(s) with 500 milliseconds interval)
	at org.openqa.selenium.support.ui.WebDriverWait.timeoutException(WebDriverWait.java:87)
	at org.openqa.selenium.support.ui.FluentWait.until(FluentWait.java:231)
	at com.abst.Reusable.visibilityOfElementWait(Reusable.java:121)
	at com.pom.ViewMatterViewDetailsPOM.viewDetailsBtn(ViewMatterViewDetailsPOM.java:30)
	at com.test.ViewMatterViewDetailsTest.uploadFilesandEnableWithMultipleAddTagsandSave(ViewMatterViewDetailsTest.java:1786)
	at java.base/jdk.internal.reflect.DirectMethodHandleAccessor.invoke(DirectMethodHandleAccessor.java:104)
	at java.base/java.lang.reflect.Method.invoke(Method.java:577)
	at org.testng.internal.MethodInvocationHelper.invokeMethod(MethodInvocationHelper.java:133)
	at org.testng.internal.TestInvoker.invokeMethod(TestInvoker.java:598)
	at org.testng.internal.TestInvoker.invokeTestMethod(TestInvoker.java:173)
	at org.testng.internal.MethodRunner.runInSequence(MethodRunner.java:46)
	at org.testng.internal.TestInvoker$MethodInvocationAgent.invoke(TestInvoker.java:824)
	at org.testng.internal.TestInvoker.invokeTestMethods(TestInvoker.java:146)
	at org.testng.internal.TestMethodWorker.invokeTestMethods(TestMethodWorker.java:146)
	at org.testng.internal.TestMethodWorker.run(TestMethodWorker.java:128)
	at java.base/java.util.ArrayList.forEach(ArrayList.java:1511)
	at org.testng.TestRunner.privateRun(TestRunner.java:794)
	at org.testng.TestRunner.run(TestRunner.java:596)
	at org.testng.SuiteRunner.runTest(SuiteRunner.java:377)
	at org.testng.SuiteRunner.runSequentially(SuiteRunner.java:371)
	at org.testng.SuiteRunner.privateRun(SuiteRunner.java:332)
	at org.testng.SuiteRunner.run(SuiteRunner.java:276)
	at org.testng.SuiteRunnerWorker.runSuite(SuiteRunnerWorker.java:53)
	at org.testng.SuiteRunnerWorker.run(SuiteRunnerWorker.java:96)
	at org.testng.TestNG.runSuitesSequentially(TestNG.java:1212)
	at org.testng.TestNG.runSuitesLocally(TestNG.java:1134)
	at org.testng.TestNG.runSuites(TestNG.java:1063)
	at org.testng.TestNG.run(TestNG.java:1031)
	at org.testng.remote.AbstractRemoteTestNG.run(AbstractRemoteTestNG.java:115)
	at org.testng.remote.RemoteTestNG.initAndRun(RemoteTestNG.java:251)
	at org.testng.remote.RemoteTestNG.main(RemoteTestNG.java:77)
Caused by: org.openqa.selenium.NoSuchElementException: no such element: Unable to locate element: {&quot;method&quot;:&quot;xpath&quot;,&quot;selector&quot;:&quot;//ul[@class=&apos;dropdown-menu custom-dropdown show&apos;] //li[1]&quot;}
  (Session info: chrome=115.0.5790.110)
For documentation on this error, please visit: https://selenium.dev/exceptions/#no_such_element
Build info: version: &apos;4.7.0&apos;, revision: &apos;0a5b49d16f&apos;
System info: os.name: &apos;Windows 10&apos;, os.arch: &apos;amd64&apos;, os.version: &apos;10.0&apos;, java.version: &apos;18.0.2.1&apos;
Driver info: org.openqa.selenium.chrome.ChromeDriver
Command: [aa0b0666193f7872b00de78128c7e4af, findElement {using=xpath, value=//ul[@class=&apos;dropdown-menu custom-dropdown show&apos;] //li[1]}]
Capabilities {acceptInsecureCerts: false, browserName: chrome, browserVersion: 115.0.5790.110, chrome: {chromedriverVersion: 114.0.5735.90 (386bc09e8f4f..., userDataDir: C:\Users\VENGAD~1\AppData\L...}, goog:chromeOptions: {debuggerAddress: localhost:60930}, networkConnectionEnabled: false, pageLoadStrategy: normal, platformName: WINDOWS, proxy: Proxy(), se:cdp: ws://localhost:60930/devtoo..., se:cdpVersion: 115.0.5790.110, setWindowRect: true, strictFileInteractability: false, timeouts: {implicit: 0, pageLoad: 300000, script: 30000}, unhandledPromptBehavior: dismiss and notify, webauthn:extension:credBlob: true, webauthn:extension:largeBlob: true, webauthn:extension:minPinLength: true, webauthn:extension:prf: true, webauthn:virtualAuthenticators: true}
Session ID: aa0b0666193f7872b00de78128c7e4af
	at java.base/jdk.internal.reflect.DirectConstructorHandleAccessor.newInstance(DirectConstructorHandleAccessor.java:67)
	at java.base/java.lang.reflect.Constructor.newInstanceWithCaller(Constructor.java:499)
	at java.base/java.lang.reflect.Constructor.newInstance(Constructor.java:483)
	at org.openqa.selenium.remote.codec.w3c.W3CHttpResponseCodec.createException(W3CHttpResponseCodec.java:200)
	at org.openqa.selenium.remote.codec.w3c.W3CHttpResponseCodec.decode(W3CHttpResponseCodec.java:133)
	at org.openqa.selenium.remote.codec.w3c.W3CHttpResponseCodec.decode(W3CHttpResponseCodec.java:53)
	at org.openqa.selenium.remote.HttpCommandExecutor.execute(HttpCommandExecutor.java:184)
	at org.openqa.selenium.remote.service.DriverCommandExecutor.invokeExecute(DriverCommandExecutor.java:167)
	at org.openqa.selenium.remote.service.DriverCommandExecutor.execute(DriverCommandExecutor.java:142)
	at org.openqa.selenium.remote.RemoteWebDriver.execute(RemoteWebDriver.java:541)
	at org.openqa.selenium.remote.ElementLocation$ElementFinder$2.findElement(ElementLocation.java:162)
	at org.openqa.selenium.remote.ElementLocation.findElement(ElementLocation.java:60)
	at org.openqa.selenium.remote.RemoteWebDriver.findElement(RemoteWebDriver.java:365)
	at org.openqa.selenium.remote.RemoteWebDriver.findElement(RemoteWebDriver.java:357)
	at org.openqa.selenium.support.pagefactory.DefaultElementLocator.findElement(DefaultElementLocator.java:70)
	at org.openqa.selenium.support.pagefactory.internal.LocatingElementHandler.invoke(LocatingElementHandler.java:39)
	at jdk.proxy2/jdk.proxy2.$Proxy18.isDisplayed(Unknown Source)
	at org.openqa.selenium.support.ui.ExpectedConditions.elementIfVisible(ExpectedConditions.java:307)
	at org.openqa.selenium.support.ui.ExpectedConditions.access$000(ExpectedConditions.java:40)
	at org.openqa.selenium.support.ui.ExpectedConditions$10.apply(ExpectedConditions.java:293)
	at org.openqa.selenium.support.ui.ExpectedConditions$10.apply(ExpectedConditions.java:290)
	at org.openqa.selenium.support.ui.FluentWait.until(FluentWait.java:208)
	... 29 more
</pre></div></td>
<td>43</td>
<td>com.test.ViewMatterViewDetailsTest@35b74c5c</td></tr>
<tr>
<td title='com.test.ViewMatterViewDetailsTest.uploadFilesandDisableWithEditAllandSave()'><b>uploadFilesandDisableWithEditAllandSave</b><br>Test class: com.test.ViewMatterViewDetailsTest<br>Parameters: {documentName1=, documentName2=, filePath=C:\Users\Vengadesh\Documents\Automate Image\Legal Matter\12, count=4, date3= 7 , date2= 6 , date1= 2 , date0= 1 , documName1=pdfFilesEdit1323, documName2=pdfFilesEdit1424, documName0=pdfFilesEdit1244, descp0=Re edit the text, comment=37.uploadFilesandDisableWithEditAllandSave, descp2=Add the document, documName3=pdfFilesEdit1523, descp1=Modify the test, descp3=document are added, matterName=Contract Breach}</td>
<td><div><pre>java.lang.IndexOutOfBoundsException: Index 3 out of bounds for length 3
	at java.base/jdk.internal.util.Preconditions.outOfBounds(Preconditions.java:100)
	at java.base/jdk.internal.util.Preconditions.outOfBoundsCheckIndex(Preconditions.java:106)
	at java.base/jdk.internal.util.Preconditions.checkIndex(Preconditions.java:302)
	at java.base/java.util.Objects.checkIndex(Objects.java:359)
	at java.base/java.util.ArrayList.get(ArrayList.java:427)
	at org.openqa.selenium.support.pagefactory.internal.LocatingElementListHandler.invoke(LocatingElementListHandler.java:40)
	at jdk.proxy2/jdk.proxy2.$Proxy19.get(Unknown Source)
	at com.pom.ViewMatterViewDetailsDocumentsPOM.editAllField(ViewMatterViewDetailsDocumentsPOM.java:546)
	at com.test.ViewMatterViewDetailsTest.uploadFilesandDisableWithEditAllandSave(ViewMatterViewDetailsTest.java:1196)
	at java.base/java.util.ArrayList.forEach(ArrayList.java:1511)
... Removed 27 stack frames</pre></div><a href='#' onClick='toggleBox("stack-trace1012688086", this, "Click to show all stack frames", "Click to hide stack frames")'>Click to show all stack frames</a>
<div class='stack-trace' id='stack-trace1012688086'><pre>java.lang.IndexOutOfBoundsException: Index 3 out of bounds for length 3
	at java.base/jdk.internal.util.Preconditions.outOfBounds(Preconditions.java:100)
	at java.base/jdk.internal.util.Preconditions.outOfBoundsCheckIndex(Preconditions.java:106)
	at java.base/jdk.internal.util.Preconditions.checkIndex(Preconditions.java:302)
	at java.base/java.util.Objects.checkIndex(Objects.java:359)
	at java.base/java.util.ArrayList.get(ArrayList.java:427)
	at java.base/jdk.internal.reflect.DirectMethodHandleAccessor.invoke(DirectMethodHandleAccessor.java:104)
	at java.base/java.lang.reflect.Method.invoke(Method.java:577)
	at org.openqa.selenium.support.pagefactory.internal.LocatingElementListHandler.invoke(LocatingElementListHandler.java:40)
	at jdk.proxy2/jdk.proxy2.$Proxy19.get(Unknown Source)
	at com.pom.ViewMatterViewDetailsDocumentsPOM.editAllField(ViewMatterViewDetailsDocumentsPOM.java:546)
	at com.test.ViewMatterViewDetailsTest.uploadFilesandDisableWithEditAllandSave(ViewMatterViewDetailsTest.java:1196)
	at java.base/jdk.internal.reflect.DirectMethodHandleAccessor.invoke(DirectMethodHandleAccessor.java:104)
	at java.base/java.lang.reflect.Method.invoke(Method.java:577)
	at org.testng.internal.MethodInvocationHelper.invokeMethod(MethodInvocationHelper.java:133)
	at org.testng.internal.TestInvoker.invokeMethod(TestInvoker.java:598)
	at org.testng.internal.TestInvoker.invokeTestMethod(TestInvoker.java:173)
	at org.testng.internal.MethodRunner.runInSequence(MethodRunner.java:46)
	at org.testng.internal.TestInvoker$MethodInvocationAgent.invoke(TestInvoker.java:824)
	at org.testng.internal.TestInvoker.invokeTestMethods(TestInvoker.java:146)
	at org.testng.internal.TestMethodWorker.invokeTestMethods(TestMethodWorker.java:146)
	at org.testng.internal.TestMethodWorker.run(TestMethodWorker.java:128)
	at java.base/java.util.ArrayList.forEach(ArrayList.java:1511)
	at org.testng.TestRunner.privateRun(TestRunner.java:794)
	at org.testng.TestRunner.run(TestRunner.java:596)
	at org.testng.SuiteRunner.runTest(SuiteRunner.java:377)
	at org.testng.SuiteRunner.runSequentially(SuiteRunner.java:371)
	at org.testng.SuiteRunner.privateRun(SuiteRunner.java:332)
	at org.testng.SuiteRunner.run(SuiteRunner.java:276)
	at org.testng.SuiteRunnerWorker.runSuite(SuiteRunnerWorker.java:53)
	at org.testng.SuiteRunnerWorker.run(SuiteRunnerWorker.java:96)
	at org.testng.TestNG.runSuitesSequentially(TestNG.java:1212)
	at org.testng.TestNG.runSuitesLocally(TestNG.java:1134)
	at org.testng.TestNG.runSuites(TestNG.java:1063)
	at org.testng.TestNG.run(TestNG.java:1031)
	at org.testng.remote.AbstractRemoteTestNG.run(AbstractRemoteTestNG.java:115)
	at org.testng.remote.RemoteTestNG.initAndRun(RemoteTestNG.java:251)
	at org.testng.remote.RemoteTestNG.main(RemoteTestNG.java:77)
</pre></div></td>
<td>61</td>
<td>com.test.ViewMatterViewDetailsTest@35b74c5c</td></tr>
<tr>
<td title='com.test.ViewMatterViewDetailsTest.unSelectAllClickSave()'><b>unSelectAllClickSave</b><br>Test class: com.test.ViewMatterViewDetailsTest<br>Parameters: {comment=11.unSelectAllClickSave, matterName=Contract Breach}</td>
<td><div><pre>java.lang.AssertionError: expected [true] but found [false]
	at com.pom.ViewMatterViewDetailsDocumentsPOM.checkSelectAllCheckboxIsUnSelected(ViewMatterViewDetailsDocumentsPOM.java:210)
	at com.test.ViewMatterViewDetailsTest.unSelectAllClickSave(ViewMatterViewDetailsTest.java:254)
	at java.base/java.util.ArrayList.forEach(ArrayList.java:1511)
... Removed 29 stack frames</pre></div><a href='#' onClick='toggleBox("stack-trace1380077804", this, "Click to show all stack frames", "Click to hide stack frames")'>Click to show all stack frames</a>
<div class='stack-trace' id='stack-trace1380077804'><pre>java.lang.AssertionError: expected [true] but found [false]
	at org.testng.Assert.fail(Assert.java:99)
	at org.testng.Assert.failNotEquals(Assert.java:1037)
	at org.testng.Assert.assertTrue(Assert.java:45)
	at org.testng.Assert.assertTrue(Assert.java:55)
	at com.pom.ViewMatterViewDetailsDocumentsPOM.checkSelectAllCheckboxIsUnSelected(ViewMatterViewDetailsDocumentsPOM.java:210)
	at com.test.ViewMatterViewDetailsTest.unSelectAllClickSave(ViewMatterViewDetailsTest.java:254)
	at java.base/jdk.internal.reflect.DirectMethodHandleAccessor.invoke(DirectMethodHandleAccessor.java:104)
	at java.base/java.lang.reflect.Method.invoke(Method.java:577)
	at org.testng.internal.MethodInvocationHelper.invokeMethod(MethodInvocationHelper.java:133)
	at org.testng.internal.TestInvoker.invokeMethod(TestInvoker.java:598)
	at org.testng.internal.TestInvoker.invokeTestMethod(TestInvoker.java:173)
	at org.testng.internal.MethodRunner.runInSequence(MethodRunner.java:46)
	at org.testng.internal.TestInvoker$MethodInvocationAgent.invoke(TestInvoker.java:824)
	at org.testng.internal.TestInvoker.invokeTestMethods(TestInvoker.java:146)
	at org.testng.internal.TestMethodWorker.invokeTestMethods(TestMethodWorker.java:146)
	at org.testng.internal.TestMethodWorker.run(TestMethodWorker.java:128)
	at java.base/java.util.ArrayList.forEach(ArrayList.java:1511)
	at org.testng.TestRunner.privateRun(TestRunner.java:794)
	at org.testng.TestRunner.run(TestRunner.java:596)
	at org.testng.SuiteRunner.runTest(SuiteRunner.java:377)
	at org.testng.SuiteRunner.runSequentially(SuiteRunner.java:371)
	at org.testng.SuiteRunner.privateRun(SuiteRunner.java:332)
	at org.testng.SuiteRunner.run(SuiteRunner.java:276)
	at org.testng.SuiteRunnerWorker.runSuite(SuiteRunnerWorker.java:53)
	at org.testng.SuiteRunnerWorker.run(SuiteRunnerWorker.java:96)
	at org.testng.TestNG.runSuitesSequentially(TestNG.java:1212)
	at org.testng.TestNG.runSuitesLocally(TestNG.java:1134)
	at org.testng.TestNG.runSuites(TestNG.java:1063)
	at org.testng.TestNG.run(TestNG.java:1031)
	at org.testng.remote.AbstractRemoteTestNG.run(AbstractRemoteTestNG.java:115)
	at org.testng.remote.RemoteTestNG.initAndRun(RemoteTestNG.java:251)
	at org.testng.remote.RemoteTestNG.main(RemoteTestNG.java:77)
</pre></div></td>
<td>22</td>
<td>com.test.ViewMatterViewDetailsTest@35b74c5c</td></tr>
<tr>
<td title='com.test.ViewMatterViewDetailsTest.uploadFilesandDisableWithcombinedDocumentNamesandDescriptionandSave()'><b>uploadFilesandDisableWithcombinedDocumentNamesandDescriptionandSave</b><br>Test class: com.test.ViewMatterViewDetailsTest<br>Parameters: {documentName1=, documentName3=, documentName2=, filePath=C:\Users\Vengadesh\Documents\Automate Image\Legal Matter\17, count=4, documName1=DocPDfImage1, documName2=DocPDfImage2, documName0=DocPDfImage, descp0=Welcome to digicoffer, comment=47.uploadFilesandDisableWithcombinedDocumentNamesandDescriptionandSave, descp2=Pdf Files merged, documName3=DocPDfImage3, descp1=Hello Lauditor customer, descp3=Files loading, matterName=Contract Breach}</td>
<td><div><pre>java.lang.IndexOutOfBoundsException: Index 3 out of bounds for length 3
	at java.base/jdk.internal.util.Preconditions.outOfBounds(Preconditions.java:100)
	at java.base/jdk.internal.util.Preconditions.outOfBoundsCheckIndex(Preconditions.java:106)
	at java.base/jdk.internal.util.Preconditions.checkIndex(Preconditions.java:302)
	at java.base/java.util.Objects.checkIndex(Objects.java:359)
	at java.base/java.util.ArrayList.get(ArrayList.java:427)
	at org.openqa.selenium.support.pagefactory.internal.LocatingElementListHandler.invoke(LocatingElementListHandler.java:40)
	at jdk.proxy2/jdk.proxy2.$Proxy19.get(Unknown Source)
	at com.pom.ViewMatterViewDetailsDocumentsPOM.editDocumentNameandDescriptionFields(ViewMatterViewDetailsDocumentsPOM.java:627)
	at com.test.ViewMatterViewDetailsTest.uploadFilesandDisableWithcombinedDocumentNamesandDescriptionandSave(ViewMatterViewDetailsTest.java:1628)
	at java.base/java.util.ArrayList.forEach(ArrayList.java:1511)
... Removed 27 stack frames</pre></div><a href='#' onClick='toggleBox("stack-trace316820365", this, "Click to show all stack frames", "Click to hide stack frames")'>Click to show all stack frames</a>
<div class='stack-trace' id='stack-trace316820365'><pre>java.lang.IndexOutOfBoundsException: Index 3 out of bounds for length 3
	at java.base/jdk.internal.util.Preconditions.outOfBounds(Preconditions.java:100)
	at java.base/jdk.internal.util.Preconditions.outOfBoundsCheckIndex(Preconditions.java:106)
	at java.base/jdk.internal.util.Preconditions.checkIndex(Preconditions.java:302)
	at java.base/java.util.Objects.checkIndex(Objects.java:359)
	at java.base/java.util.ArrayList.get(ArrayList.java:427)
	at java.base/jdk.internal.reflect.DirectMethodHandleAccessor.invoke(DirectMethodHandleAccessor.java:104)
	at java.base/java.lang.reflect.Method.invoke(Method.java:577)
	at org.openqa.selenium.support.pagefactory.internal.LocatingElementListHandler.invoke(LocatingElementListHandler.java:40)
	at jdk.proxy2/jdk.proxy2.$Proxy19.get(Unknown Source)
	at com.pom.ViewMatterViewDetailsDocumentsPOM.editDocumentNameandDescriptionFields(ViewMatterViewDetailsDocumentsPOM.java:627)
	at com.test.ViewMatterViewDetailsTest.uploadFilesandDisableWithcombinedDocumentNamesandDescriptionandSave(ViewMatterViewDetailsTest.java:1628)
	at java.base/jdk.internal.reflect.DirectMethodHandleAccessor.invoke(DirectMethodHandleAccessor.java:104)
	at java.base/java.lang.reflect.Method.invoke(Method.java:577)
	at org.testng.internal.MethodInvocationHelper.invokeMethod(MethodInvocationHelper.java:133)
	at org.testng.internal.TestInvoker.invokeMethod(TestInvoker.java:598)
	at org.testng.internal.TestInvoker.invokeTestMethod(TestInvoker.java:173)
	at org.testng.internal.MethodRunner.runInSequence(MethodRunner.java:46)
	at org.testng.internal.TestInvoker$MethodInvocationAgent.invoke(TestInvoker.java:824)
	at org.testng.internal.TestInvoker.invokeTestMethods(TestInvoker.java:146)
	at org.testng.internal.TestMethodWorker.invokeTestMethods(TestMethodWorker.java:146)
	at org.testng.internal.TestMethodWorker.run(TestMethodWorker.java:128)
	at java.base/java.util.ArrayList.forEach(ArrayList.java:1511)
	at org.testng.TestRunner.privateRun(TestRunner.java:794)
	at org.testng.TestRunner.run(TestRunner.java:596)
	at org.testng.SuiteRunner.runTest(SuiteRunner.java:377)
	at org.testng.SuiteRunner.runSequentially(SuiteRunner.java:371)
	at org.testng.SuiteRunner.privateRun(SuiteRunner.java:332)
	at org.testng.SuiteRunner.run(SuiteRunner.java:276)
	at org.testng.SuiteRunnerWorker.runSuite(SuiteRunnerWorker.java:53)
	at org.testng.SuiteRunnerWorker.run(SuiteRunnerWorker.java:96)
	at org.testng.TestNG.runSuitesSequentially(TestNG.java:1212)
	at org.testng.TestNG.runSuitesLocally(TestNG.java:1134)
	at org.testng.TestNG.runSuites(TestNG.java:1063)
	at org.testng.TestNG.run(TestNG.java:1031)
	at org.testng.remote.AbstractRemoteTestNG.run(AbstractRemoteTestNG.java:115)
	at org.testng.remote.RemoteTestNG.initAndRun(RemoteTestNG.java:251)
	at org.testng.remote.RemoteTestNG.main(RemoteTestNG.java:77)
</pre></div></td>
<td>61</td>
<td>com.test.ViewMatterViewDetailsTest@35b74c5c</td></tr>
<tr>
<td title='com.test.ViewMatterViewDetailsTest.selectDocumentOnRightSideWithSave()'><b>selectDocumentOnRightSideWithSave</b><br>Test class: com.test.ViewMatterViewDetailsTest<br>Parameters: {comment=6.selectDocumentOnRightSideWithSave, documentSelect2=Apollo TM 2, matterName=Contract Breach, documentSelect1=Neela GH 1}</td>
<td><div><pre>org.openqa.selenium.ElementClickInterceptedException: element click intercepted: Element is not clickable at point (35, -63)
  (Session info: chrome=115.0.5790.110)
Build info: version: &apos;4.7.0&apos;, revision: &apos;0a5b49d16f&apos;
System info: os.name: &apos;Windows 10&apos;, os.arch: &apos;amd64&apos;, os.version: &apos;10.0&apos;, java.version: &apos;18.0.2.1&apos;
Driver info: org.openqa.selenium.chrome.ChromeDriver
Command: [aa0b0666193f7872b00de78128c7e4af, clickElement {id=353DC6E427DA3FC584361FC455F8F71E_element_50}]
Capabilities {acceptInsecureCerts: false, browserName: chrome, browserVersion: 115.0.5790.110, chrome: {chromedriverVersion: 114.0.5735.90 (386bc09e8f4f..., userDataDir: C:\Users\VENGAD~1\AppData\L...}, goog:chromeOptions: {debuggerAddress: localhost:60930}, networkConnectionEnabled: false, pageLoadStrategy: normal, platformName: WINDOWS, proxy: Proxy(), se:cdp: ws://localhost:60930/devtoo..., se:cdpVersion: 115.0.5790.110, setWindowRect: true, strictFileInteractability: false, timeouts: {implicit: 0, pageLoad: 300000, script: 30000}, unhandledPromptBehavior: dismiss and notify, webauthn:extension:credBlob: true, webauthn:extension:largeBlob: true, webauthn:extension:minPinLength: true, webauthn:extension:prf: true, webauthn:virtualAuthenticators: true}
Element: [[ChromeDriver: chrome on WINDOWS (aa0b0666193f7872b00de78128c7e4af)] -&gt; xpath: (//div //img[@class=&apos;mattersicon&apos;])[1]]
Session ID: aa0b0666193f7872b00de78128c7e4af
	at org.openqa.selenium.remote.codec.w3c.W3CHttpResponseCodec.createException(W3CHttpResponseCodec.java:200)
	at org.openqa.selenium.remote.codec.w3c.W3CHttpResponseCodec.decode(W3CHttpResponseCodec.java:133)
	at org.openqa.selenium.remote.codec.w3c.W3CHttpResponseCodec.decode(W3CHttpResponseCodec.java:53)
	at org.openqa.selenium.remote.HttpCommandExecutor.execute(HttpCommandExecutor.java:184)
	at org.openqa.selenium.remote.service.DriverCommandExecutor.invokeExecute(DriverCommandExecutor.java:167)
	at org.openqa.selenium.remote.service.DriverCommandExecutor.execute(DriverCommandExecutor.java:142)
	at org.openqa.selenium.remote.RemoteWebDriver.execute(RemoteWebDriver.java:541)
	at org.openqa.selenium.remote.RemoteWebElement.execute(RemoteWebElement.java:257)
	at org.openqa.selenium.remote.RemoteWebElement.click(RemoteWebElement.java:78)
	at org.openqa.selenium.support.pagefactory.internal.LocatingElementHandler.invoke(LocatingElementHandler.java:52)
	at jdk.proxy2/jdk.proxy2.$Proxy18.click(Unknown Source)
	at com.pom.ViewMatterPOM.leftMatterTab(ViewMatterPOM.java:35)
	at com.test.ViewMatterViewDetailsTest.selectDocumentOnRightSideWithSave(ViewMatterViewDetailsTest.java:158)
	at java.base/java.util.ArrayList.forEach(ArrayList.java:1511)
... Removed 30 stack frames</pre></div><a href='#' onClick='toggleBox("stack-trace2072030256", this, "Click to show all stack frames", "Click to hide stack frames")'>Click to show all stack frames</a>
<div class='stack-trace' id='stack-trace2072030256'><pre>org.openqa.selenium.ElementClickInterceptedException: element click intercepted: Element is not clickable at point (35, -63)
  (Session info: chrome=115.0.5790.110)
Build info: version: &apos;4.7.0&apos;, revision: &apos;0a5b49d16f&apos;
System info: os.name: &apos;Windows 10&apos;, os.arch: &apos;amd64&apos;, os.version: &apos;10.0&apos;, java.version: &apos;18.0.2.1&apos;
Driver info: org.openqa.selenium.chrome.ChromeDriver
Command: [aa0b0666193f7872b00de78128c7e4af, clickElement {id=353DC6E427DA3FC584361FC455F8F71E_element_50}]
Capabilities {acceptInsecureCerts: false, browserName: chrome, browserVersion: 115.0.5790.110, chrome: {chromedriverVersion: 114.0.5735.90 (386bc09e8f4f..., userDataDir: C:\Users\VENGAD~1\AppData\L...}, goog:chromeOptions: {debuggerAddress: localhost:60930}, networkConnectionEnabled: false, pageLoadStrategy: normal, platformName: WINDOWS, proxy: Proxy(), se:cdp: ws://localhost:60930/devtoo..., se:cdpVersion: 115.0.5790.110, setWindowRect: true, strictFileInteractability: false, timeouts: {implicit: 0, pageLoad: 300000, script: 30000}, unhandledPromptBehavior: dismiss and notify, webauthn:extension:credBlob: true, webauthn:extension:largeBlob: true, webauthn:extension:minPinLength: true, webauthn:extension:prf: true, webauthn:virtualAuthenticators: true}
Element: [[ChromeDriver: chrome on WINDOWS (aa0b0666193f7872b00de78128c7e4af)] -&gt; xpath: (//div //img[@class=&apos;mattersicon&apos;])[1]]
Session ID: aa0b0666193f7872b00de78128c7e4af
	at java.base/jdk.internal.reflect.DirectConstructorHandleAccessor.newInstance(DirectConstructorHandleAccessor.java:67)
	at java.base/java.lang.reflect.Constructor.newInstanceWithCaller(Constructor.java:499)
	at java.base/java.lang.reflect.Constructor.newInstance(Constructor.java:483)
	at org.openqa.selenium.remote.codec.w3c.W3CHttpResponseCodec.createException(W3CHttpResponseCodec.java:200)
	at org.openqa.selenium.remote.codec.w3c.W3CHttpResponseCodec.decode(W3CHttpResponseCodec.java:133)
	at org.openqa.selenium.remote.codec.w3c.W3CHttpResponseCodec.decode(W3CHttpResponseCodec.java:53)
	at org.openqa.selenium.remote.HttpCommandExecutor.execute(HttpCommandExecutor.java:184)
	at org.openqa.selenium.remote.service.DriverCommandExecutor.invokeExecute(DriverCommandExecutor.java:167)
	at org.openqa.selenium.remote.service.DriverCommandExecutor.execute(DriverCommandExecutor.java:142)
	at org.openqa.selenium.remote.RemoteWebDriver.execute(RemoteWebDriver.java:541)
	at org.openqa.selenium.remote.RemoteWebElement.execute(RemoteWebElement.java:257)
	at org.openqa.selenium.remote.RemoteWebElement.click(RemoteWebElement.java:78)
	at java.base/jdk.internal.reflect.DirectMethodHandleAccessor.invoke(DirectMethodHandleAccessor.java:104)
	at java.base/java.lang.reflect.Method.invoke(Method.java:577)
	at org.openqa.selenium.support.pagefactory.internal.LocatingElementHandler.invoke(LocatingElementHandler.java:52)
	at jdk.proxy2/jdk.proxy2.$Proxy18.click(Unknown Source)
	at com.pom.ViewMatterPOM.leftMatterTab(ViewMatterPOM.java:35)
	at com.test.ViewMatterViewDetailsTest.selectDocumentOnRightSideWithSave(ViewMatterViewDetailsTest.java:158)
	at java.base/jdk.internal.reflect.DirectMethodHandleAccessor.invoke(DirectMethodHandleAccessor.java:104)
	at java.base/java.lang.reflect.Method.invoke(Method.java:577)
	at org.testng.internal.MethodInvocationHelper.invokeMethod(MethodInvocationHelper.java:133)
	at org.testng.internal.TestInvoker.invokeMethod(TestInvoker.java:598)
	at org.testng.internal.TestInvoker.invokeTestMethod(TestInvoker.java:173)
	at org.testng.internal.MethodRunner.runInSequence(MethodRunner.java:46)
	at org.testng.internal.TestInvoker$MethodInvocationAgent.invoke(TestInvoker.java:824)
	at org.testng.internal.TestInvoker.invokeTestMethods(TestInvoker.java:146)
	at org.testng.internal.TestMethodWorker.invokeTestMethods(TestMethodWorker.java:146)
	at org.testng.internal.TestMethodWorker.run(TestMethodWorker.java:128)
	at java.base/java.util.ArrayList.forEach(ArrayList.java:1511)
	at org.testng.TestRunner.privateRun(TestRunner.java:794)
	at org.testng.TestRunner.run(TestRunner.java:596)
	at org.testng.SuiteRunner.runTest(SuiteRunner.java:377)
	at org.testng.SuiteRunner.runSequentially(SuiteRunner.java:371)
	at org.testng.SuiteRunner.privateRun(SuiteRunner.java:332)
	at org.testng.SuiteRunner.run(SuiteRunner.java:276)
	at org.testng.SuiteRunnerWorker.runSuite(SuiteRunnerWorker.java:53)
	at org.testng.SuiteRunnerWorker.run(SuiteRunnerWorker.java:96)
	at org.testng.TestNG.runSuitesSequentially(TestNG.java:1212)
	at org.testng.TestNG.runSuitesLocally(TestNG.java:1134)
	at org.testng.TestNG.runSuites(TestNG.java:1063)
	at org.testng.TestNG.run(TestNG.java:1031)
	at org.testng.remote.AbstractRemoteTestNG.run(AbstractRemoteTestNG.java:115)
	at org.testng.remote.RemoteTestNG.initAndRun(RemoteTestNG.java:251)
	at org.testng.remote.RemoteTestNG.main(RemoteTestNG.java:77)
</pre></div></td>
<td>93</td>
<td>com.test.ViewMatterViewDetailsTest@35b74c5c</td></tr>
<tr>
<td title='com.test.ViewMatterViewDetailsTest.uploadFilesandRemoveMultipleDocumentAndEnableWithCancel()'><b>uploadFilesandRemoveMultipleDocumentAndEnableWithCancel</b><br>Test class: com.test.ViewMatterViewDetailsTest<br>Parameters: {removeFile2=PLCSV.csv, comment=20.uploadFilesandRemoveMultipleDocumentAndEnableWithCancel, removeFile1=LADPNG.png, filePath=C:\Users\Vengadesh\Documents\Automate Image\MultipleCheck, matterName=Contract Breach}</td>
<td><div><pre>org.openqa.selenium.TimeoutException: Expected condition failed: waiting for visibility of all [Proxy element for: DefaultElementLocator &apos;By.xpath: (//button[@id=&apos;pills-profile-tab&apos;])[2]&apos;] (tried for 10 second(s) with 500 milliseconds interval)
	at org.openqa.selenium.support.ui.WebDriverWait.timeoutException(WebDriverWait.java:87)
	at org.openqa.selenium.support.ui.FluentWait.until(FluentWait.java:231)
	at com.abst.Reusable.visibilityOfAllElements(Reusable.java:132)
	at com.pom.ViewMatterViewDetailsDocumentsPOM.uploadNewBtn(ViewMatterViewDetailsDocumentsPOM.java:220)
	at com.test.ViewMatterViewDetailsTest.uploadFilesandRemoveMultipleDocumentAndEnableWithCancel(ViewMatterViewDetailsTest.java:498)
	at java.base/java.util.ArrayList.forEach(ArrayList.java:1511)
Caused by: org.openqa.selenium.NoSuchElementException: no such element: Unable to locate element: {&quot;method&quot;:&quot;xpath&quot;,&quot;selector&quot;:&quot;(//button[@id=&apos;pills-profile-tab&apos;])[2]&quot;}
  (Session info: chrome=115.0.5790.110)
For documentation on this error, please visit: https://selenium.dev/exceptions/#no_such_element
Build info: version: &apos;4.7.0&apos;, revision: &apos;0a5b49d16f&apos;
System info: os.name: &apos;Windows 10&apos;, os.arch: &apos;amd64&apos;, os.version: &apos;10.0&apos;, java.version: &apos;18.0.2.1&apos;
Driver info: org.openqa.selenium.chrome.ChromeDriver
Command: [aa0b0666193f7872b00de78128c7e4af, findElement {using=xpath, value=(//button[@id=&apos;pills-profile-tab&apos;])[2]}]
Capabilities {acceptInsecureCerts: false, browserName: chrome, browserVersion: 115.0.5790.110, chrome: {chromedriverVersion: 114.0.5735.90 (386bc09e8f4f..., userDataDir: C:\Users\VENGAD~1\AppData\L...}, goog:chromeOptions: {debuggerAddress: localhost:60930}, networkConnectionEnabled: false, pageLoadStrategy: normal, platformName: WINDOWS, proxy: Proxy(), se:cdp: ws://localhost:60930/devtoo..., se:cdpVersion: 115.0.5790.110, setWindowRect: true, strictFileInteractability: false, timeouts: {implicit: 0, pageLoad: 300000, script: 30000}, unhandledPromptBehavior: dismiss and notify, webauthn:extension:credBlob: true, webauthn:extension:largeBlob: true, webauthn:extension:minPinLength: true, webauthn:extension:prf: true, webauthn:virtualAuthenticators: true}
Session ID: aa0b0666193f7872b00de78128c7e4af
	at org.openqa.selenium.remote.codec.w3c.W3CHttpResponseCodec.createException(W3CHttpResponseCodec.java:200)
	at org.openqa.selenium.remote.codec.w3c.W3CHttpResponseCodec.decode(W3CHttpResponseCodec.java:133)
	at org.openqa.selenium.remote.codec.w3c.W3CHttpResponseCodec.decode(W3CHttpResponseCodec.java:53)
	at org.openqa.selenium.remote.HttpCommandExecutor.execute(HttpCommandExecutor.java:184)
	at org.openqa.selenium.remote.service.DriverCommandExecutor.invokeExecute(DriverCommandExecutor.java:167)
	at org.openqa.selenium.remote.service.DriverCommandExecutor.execute(DriverCommandExecutor.java:142)
	at org.openqa.selenium.remote.RemoteWebDriver.execute(RemoteWebDriver.java:541)
	at org.openqa.selenium.remote.ElementLocation$ElementFinder$2.findElement(ElementLocation.java:162)
	at org.openqa.selenium.remote.ElementLocation.findElement(ElementLocation.java:60)
	at org.openqa.selenium.remote.RemoteWebDriver.findElement(RemoteWebDriver.java:365)
	at org.openqa.selenium.remote.RemoteWebDriver.findElement(RemoteWebDriver.java:357)
	at org.openqa.selenium.support.pagefactory.DefaultElementLocator.findElement(DefaultElementLocator.java:70)
	at org.openqa.selenium.support.pagefactory.internal.LocatingElementHandler.invoke(LocatingElementHandler.java:39)
	at jdk.proxy2/jdk.proxy2.$Proxy18.isDisplayed(Unknown Source)
	at org.openqa.selenium.support.ui.ExpectedConditions$9.apply(ExpectedConditions.java:267)
	at org.openqa.selenium.support.ui.ExpectedConditions$9.apply(ExpectedConditions.java:263)
	at org.openqa.selenium.support.ui.FluentWait.until(FluentWait.java:208)
	... 29 more
... Removed 28 stack frames</pre></div><a href='#' onClick='toggleBox("stack-trace1186185666", this, "Click to show all stack frames", "Click to hide stack frames")'>Click to show all stack frames</a>
<div class='stack-trace' id='stack-trace1186185666'><pre>org.openqa.selenium.TimeoutException: Expected condition failed: waiting for visibility of all [Proxy element for: DefaultElementLocator &apos;By.xpath: (//button[@id=&apos;pills-profile-tab&apos;])[2]&apos;] (tried for 10 second(s) with 500 milliseconds interval)
	at org.openqa.selenium.support.ui.WebDriverWait.timeoutException(WebDriverWait.java:87)
	at org.openqa.selenium.support.ui.FluentWait.until(FluentWait.java:231)
	at com.abst.Reusable.visibilityOfAllElements(Reusable.java:132)
	at com.pom.ViewMatterViewDetailsDocumentsPOM.uploadNewBtn(ViewMatterViewDetailsDocumentsPOM.java:220)
	at com.test.ViewMatterViewDetailsTest.uploadFilesandRemoveMultipleDocumentAndEnableWithCancel(ViewMatterViewDetailsTest.java:498)
	at java.base/jdk.internal.reflect.DirectMethodHandleAccessor.invoke(DirectMethodHandleAccessor.java:104)
	at java.base/java.lang.reflect.Method.invoke(Method.java:577)
	at org.testng.internal.MethodInvocationHelper.invokeMethod(MethodInvocationHelper.java:133)
	at org.testng.internal.TestInvoker.invokeMethod(TestInvoker.java:598)
	at org.testng.internal.TestInvoker.invokeTestMethod(TestInvoker.java:173)
	at org.testng.internal.MethodRunner.runInSequence(MethodRunner.java:46)
	at org.testng.internal.TestInvoker$MethodInvocationAgent.invoke(TestInvoker.java:824)
	at org.testng.internal.TestInvoker.invokeTestMethods(TestInvoker.java:146)
	at org.testng.internal.TestMethodWorker.invokeTestMethods(TestMethodWorker.java:146)
	at org.testng.internal.TestMethodWorker.run(TestMethodWorker.java:128)
	at java.base/java.util.ArrayList.forEach(ArrayList.java:1511)
	at org.testng.TestRunner.privateRun(TestRunner.java:794)
	at org.testng.TestRunner.run(TestRunner.java:596)
	at org.testng.SuiteRunner.runTest(SuiteRunner.java:377)
	at org.testng.SuiteRunner.runSequentially(SuiteRunner.java:371)
	at org.testng.SuiteRunner.privateRun(SuiteRunner.java:332)
	at org.testng.SuiteRunner.run(SuiteRunner.java:276)
	at org.testng.SuiteRunnerWorker.runSuite(SuiteRunnerWorker.java:53)
	at org.testng.SuiteRunnerWorker.run(SuiteRunnerWorker.java:96)
	at org.testng.TestNG.runSuitesSequentially(TestNG.java:1212)
	at org.testng.TestNG.runSuitesLocally(TestNG.java:1134)
	at org.testng.TestNG.runSuites(TestNG.java:1063)
	at org.testng.TestNG.run(TestNG.java:1031)
	at org.testng.remote.AbstractRemoteTestNG.run(AbstractRemoteTestNG.java:115)
	at org.testng.remote.RemoteTestNG.initAndRun(RemoteTestNG.java:251)
	at org.testng.remote.RemoteTestNG.main(RemoteTestNG.java:77)
Caused by: org.openqa.selenium.NoSuchElementException: no such element: Unable to locate element: {&quot;method&quot;:&quot;xpath&quot;,&quot;selector&quot;:&quot;(//button[@id=&apos;pills-profile-tab&apos;])[2]&quot;}
  (Session info: chrome=115.0.5790.110)
For documentation on this error, please visit: https://selenium.dev/exceptions/#no_such_element
Build info: version: &apos;4.7.0&apos;, revision: &apos;0a5b49d16f&apos;
System info: os.name: &apos;Windows 10&apos;, os.arch: &apos;amd64&apos;, os.version: &apos;10.0&apos;, java.version: &apos;18.0.2.1&apos;
Driver info: org.openqa.selenium.chrome.ChromeDriver
Command: [aa0b0666193f7872b00de78128c7e4af, findElement {using=xpath, value=(//button[@id=&apos;pills-profile-tab&apos;])[2]}]
Capabilities {acceptInsecureCerts: false, browserName: chrome, browserVersion: 115.0.5790.110, chrome: {chromedriverVersion: 114.0.5735.90 (386bc09e8f4f..., userDataDir: C:\Users\VENGAD~1\AppData\L...}, goog:chromeOptions: {debuggerAddress: localhost:60930}, networkConnectionEnabled: false, pageLoadStrategy: normal, platformName: WINDOWS, proxy: Proxy(), se:cdp: ws://localhost:60930/devtoo..., se:cdpVersion: 115.0.5790.110, setWindowRect: true, strictFileInteractability: false, timeouts: {implicit: 0, pageLoad: 300000, script: 30000}, unhandledPromptBehavior: dismiss and notify, webauthn:extension:credBlob: true, webauthn:extension:largeBlob: true, webauthn:extension:minPinLength: true, webauthn:extension:prf: true, webauthn:virtualAuthenticators: true}
Session ID: aa0b0666193f7872b00de78128c7e4af
	at java.base/jdk.internal.reflect.DirectConstructorHandleAccessor.newInstance(DirectConstructorHandleAccessor.java:67)
	at java.base/java.lang.reflect.Constructor.newInstanceWithCaller(Constructor.java:499)
	at java.base/java.lang.reflect.Constructor.newInstance(Constructor.java:483)
	at org.openqa.selenium.remote.codec.w3c.W3CHttpResponseCodec.createException(W3CHttpResponseCodec.java:200)
	at org.openqa.selenium.remote.codec.w3c.W3CHttpResponseCodec.decode(W3CHttpResponseCodec.java:133)
	at org.openqa.selenium.remote.codec.w3c.W3CHttpResponseCodec.decode(W3CHttpResponseCodec.java:53)
	at org.openqa.selenium.remote.HttpCommandExecutor.execute(HttpCommandExecutor.java:184)
	at org.openqa.selenium.remote.service.DriverCommandExecutor.invokeExecute(DriverCommandExecutor.java:167)
	at org.openqa.selenium.remote.service.DriverCommandExecutor.execute(DriverCommandExecutor.java:142)
	at org.openqa.selenium.remote.RemoteWebDriver.execute(RemoteWebDriver.java:541)
	at org.openqa.selenium.remote.ElementLocation$ElementFinder$2.findElement(ElementLocation.java:162)
	at org.openqa.selenium.remote.ElementLocation.findElement(ElementLocation.java:60)
	at org.openqa.selenium.remote.RemoteWebDriver.findElement(RemoteWebDriver.java:365)
	at org.openqa.selenium.remote.RemoteWebDriver.findElement(RemoteWebDriver.java:357)
	at org.openqa.selenium.support.pagefactory.DefaultElementLocator.findElement(DefaultElementLocator.java:70)
	at org.openqa.selenium.support.pagefactory.internal.LocatingElementHandler.invoke(LocatingElementHandler.java:39)
	at jdk.proxy2/jdk.proxy2.$Proxy18.isDisplayed(Unknown Source)
	at org.openqa.selenium.support.ui.ExpectedConditions$9.apply(ExpectedConditions.java:267)
	at org.openqa.selenium.support.ui.ExpectedConditions$9.apply(ExpectedConditions.java:263)
	at org.openqa.selenium.support.ui.FluentWait.until(FluentWait.java:208)
	... 29 more
</pre></div></td>
<td>39</td>
<td>com.test.ViewMatterViewDetailsTest@35b74c5c</td></tr>
<tr>
<td title='com.test.ViewMatterViewDetailsTest.uploadFilesandDisableWithEditDescriptionFieldOnlyandSave()'><b>uploadFilesandDisableWithEditDescriptionFieldOnlyandSave</b><br>Test class: com.test.ViewMatterViewDetailsTest<br>Parameters: {documentName1=, documentName3=, documentName2=, filePath=C:\Users\Vengadesh\Documents\Automate Image\Legal Matter\14, count=4, descp0=Document added, comment=41.uploadFilesandDisableWithEditDescriptionFieldOnlyandSave, descp2=Pass the text through automation, descp1=Check the document names, descp3=Test Case pass, matterName=Contract Breach}</td>
<td><div><pre>java.lang.IndexOutOfBoundsException: Index 3 out of bounds for length 3
	at java.base/jdk.internal.util.Preconditions.outOfBounds(Preconditions.java:100)
	at java.base/jdk.internal.util.Preconditions.outOfBoundsCheckIndex(Preconditions.java:106)
	at java.base/jdk.internal.util.Preconditions.checkIndex(Preconditions.java:302)
	at java.base/java.util.Objects.checkIndex(Objects.java:359)
	at java.base/java.util.ArrayList.get(ArrayList.java:427)
	at org.openqa.selenium.support.pagefactory.internal.LocatingElementListHandler.invoke(LocatingElementListHandler.java:40)
	at jdk.proxy2/jdk.proxy2.$Proxy19.get(Unknown Source)
	at com.pom.ViewMatterViewDetailsDocumentsPOM.editDocumentNameField(ViewMatterViewDetailsDocumentsPOM.java:561)
	at com.test.ViewMatterViewDetailsTest.uploadFilesandDisableWithEditDescriptionFieldOnlyandSave(ViewMatterViewDetailsTest.java:1366)
	at java.base/java.util.ArrayList.forEach(ArrayList.java:1511)
... Removed 27 stack frames</pre></div><a href='#' onClick='toggleBox("stack-trace728813193", this, "Click to show all stack frames", "Click to hide stack frames")'>Click to show all stack frames</a>
<div class='stack-trace' id='stack-trace728813193'><pre>java.lang.IndexOutOfBoundsException: Index 3 out of bounds for length 3
	at java.base/jdk.internal.util.Preconditions.outOfBounds(Preconditions.java:100)
	at java.base/jdk.internal.util.Preconditions.outOfBoundsCheckIndex(Preconditions.java:106)
	at java.base/jdk.internal.util.Preconditions.checkIndex(Preconditions.java:302)
	at java.base/java.util.Objects.checkIndex(Objects.java:359)
	at java.base/java.util.ArrayList.get(ArrayList.java:427)
	at java.base/jdk.internal.reflect.DirectMethodHandleAccessor.invoke(DirectMethodHandleAccessor.java:104)
	at java.base/java.lang.reflect.Method.invoke(Method.java:577)
	at org.openqa.selenium.support.pagefactory.internal.LocatingElementListHandler.invoke(LocatingElementListHandler.java:40)
	at jdk.proxy2/jdk.proxy2.$Proxy19.get(Unknown Source)
	at com.pom.ViewMatterViewDetailsDocumentsPOM.editDocumentNameField(ViewMatterViewDetailsDocumentsPOM.java:561)
	at com.test.ViewMatterViewDetailsTest.uploadFilesandDisableWithEditDescriptionFieldOnlyandSave(ViewMatterViewDetailsTest.java:1366)
	at java.base/jdk.internal.reflect.DirectMethodHandleAccessor.invoke(DirectMethodHandleAccessor.java:104)
	at java.base/java.lang.reflect.Method.invoke(Method.java:577)
	at org.testng.internal.MethodInvocationHelper.invokeMethod(MethodInvocationHelper.java:133)
	at org.testng.internal.TestInvoker.invokeMethod(TestInvoker.java:598)
	at org.testng.internal.TestInvoker.invokeTestMethod(TestInvoker.java:173)
	at org.testng.internal.MethodRunner.runInSequence(MethodRunner.java:46)
	at org.testng.internal.TestInvoker$MethodInvocationAgent.invoke(TestInvoker.java:824)
	at org.testng.internal.TestInvoker.invokeTestMethods(TestInvoker.java:146)
	at org.testng.internal.TestMethodWorker.invokeTestMethods(TestMethodWorker.java:146)
	at org.testng.internal.TestMethodWorker.run(TestMethodWorker.java:128)
	at java.base/java.util.ArrayList.forEach(ArrayList.java:1511)
	at org.testng.TestRunner.privateRun(TestRunner.java:794)
	at org.testng.TestRunner.run(TestRunner.java:596)
	at org.testng.SuiteRunner.runTest(SuiteRunner.java:377)
	at org.testng.SuiteRunner.runSequentially(SuiteRunner.java:371)
	at org.testng.SuiteRunner.privateRun(SuiteRunner.java:332)
	at org.testng.SuiteRunner.run(SuiteRunner.java:276)
	at org.testng.SuiteRunnerWorker.runSuite(SuiteRunnerWorker.java:53)
	at org.testng.SuiteRunnerWorker.run(SuiteRunnerWorker.java:96)
	at org.testng.TestNG.runSuitesSequentially(TestNG.java:1212)
	at org.testng.TestNG.runSuitesLocally(TestNG.java:1134)
	at org.testng.TestNG.runSuites(TestNG.java:1063)
	at org.testng.TestNG.run(TestNG.java:1031)
	at org.testng.remote.AbstractRemoteTestNG.run(AbstractRemoteTestNG.java:115)
	at org.testng.remote.RemoteTestNG.initAndRun(RemoteTestNG.java:251)
	at org.testng.remote.RemoteTestNG.main(RemoteTestNG.java:77)
</pre></div></td>
<td>48</td>
<td>com.test.ViewMatterViewDetailsTest@35b74c5c</td></tr>
<tr>
<td title='com.test.ViewMatterViewDetailsTest.uploadFilesandEnableWithMultipleAddTagsandCancel()'><b>uploadFilesandEnableWithMultipleAddTagsandCancel</b><br>Test class: com.test.ViewMatterViewDetailsTest<br>Parameters: {addtags0=Year, addtags1=Month, filePath=C:\Users\Vengadesh\Documents\Automate Image\MultipleCheck, tags0= 2050 , count=2, tags1= 07 , comment=52.uploadFilesandEnableWithMultipleAddTagsandCancel, matterName=Criminal Case 15}</td>
<td><div><pre>org.openqa.selenium.TimeoutException: Expected condition failed: waiting for visibility of Proxy element for: DefaultElementLocator &apos;By.xpath: //ul[@class=&apos;dropdown-menu custom-dropdown show&apos;] //li[1]&apos; (tried for 10 second(s) with 500 milliseconds interval)
	at org.openqa.selenium.support.ui.WebDriverWait.timeoutException(WebDriverWait.java:87)
	at org.openqa.selenium.support.ui.FluentWait.until(FluentWait.java:231)
	at com.abst.Reusable.visibilityOfElementWait(Reusable.java:121)
	at com.pom.ViewMatterViewDetailsPOM.viewDetailsBtn(ViewMatterViewDetailsPOM.java:30)
	at com.test.ViewMatterViewDetailsTest.uploadFilesandEnableWithMultipleAddTagsandCancel(ViewMatterViewDetailsTest.java:1834)
	at java.base/java.util.ArrayList.forEach(ArrayList.java:1511)
Caused by: org.openqa.selenium.NoSuchElementException: no such element: Unable to locate element: {&quot;method&quot;:&quot;xpath&quot;,&quot;selector&quot;:&quot;//ul[@class=&apos;dropdown-menu custom-dropdown show&apos;] //li[1]&quot;}
  (Session info: chrome=115.0.5790.110)
For documentation on this error, please visit: https://selenium.dev/exceptions/#no_such_element
Build info: version: &apos;4.7.0&apos;, revision: &apos;0a5b49d16f&apos;
System info: os.name: &apos;Windows 10&apos;, os.arch: &apos;amd64&apos;, os.version: &apos;10.0&apos;, java.version: &apos;18.0.2.1&apos;
Driver info: org.openqa.selenium.chrome.ChromeDriver
Command: [aa0b0666193f7872b00de78128c7e4af, findElement {using=xpath, value=//ul[@class=&apos;dropdown-menu custom-dropdown show&apos;] //li[1]}]
Capabilities {acceptInsecureCerts: false, browserName: chrome, browserVersion: 115.0.5790.110, chrome: {chromedriverVersion: 114.0.5735.90 (386bc09e8f4f..., userDataDir: C:\Users\VENGAD~1\AppData\L...}, goog:chromeOptions: {debuggerAddress: localhost:60930}, networkConnectionEnabled: false, pageLoadStrategy: normal, platformName: WINDOWS, proxy: Proxy(), se:cdp: ws://localhost:60930/devtoo..., se:cdpVersion: 115.0.5790.110, setWindowRect: true, strictFileInteractability: false, timeouts: {implicit: 0, pageLoad: 300000, script: 30000}, unhandledPromptBehavior: dismiss and notify, webauthn:extension:credBlob: true, webauthn:extension:largeBlob: true, webauthn:extension:minPinLength: true, webauthn:extension:prf: true, webauthn:virtualAuthenticators: true}
Session ID: aa0b0666193f7872b00de78128c7e4af
	at org.openqa.selenium.remote.codec.w3c.W3CHttpResponseCodec.createException(W3CHttpResponseCodec.java:200)
	at org.openqa.selenium.remote.codec.w3c.W3CHttpResponseCodec.decode(W3CHttpResponseCodec.java:133)
	at org.openqa.selenium.remote.codec.w3c.W3CHttpResponseCodec.decode(W3CHttpResponseCodec.java:53)
	at org.openqa.selenium.remote.HttpCommandExecutor.execute(HttpCommandExecutor.java:184)
	at org.openqa.selenium.remote.service.DriverCommandExecutor.invokeExecute(DriverCommandExecutor.java:167)
	at org.openqa.selenium.remote.service.DriverCommandExecutor.execute(DriverCommandExecutor.java:142)
	at org.openqa.selenium.remote.RemoteWebDriver.execute(RemoteWebDriver.java:541)
	at org.openqa.selenium.remote.ElementLocation$ElementFinder$2.findElement(ElementLocation.java:162)
	at org.openqa.selenium.remote.ElementLocation.findElement(ElementLocation.java:60)
	at org.openqa.selenium.remote.RemoteWebDriver.findElement(RemoteWebDriver.java:365)
	at org.openqa.selenium.remote.RemoteWebDriver.findElement(RemoteWebDriver.java:357)
	at org.openqa.selenium.support.pagefactory.DefaultElementLocator.findElement(DefaultElementLocator.java:70)
	at org.openqa.selenium.support.pagefactory.internal.LocatingElementHandler.invoke(LocatingElementHandler.java:39)
	at jdk.proxy2/jdk.proxy2.$Proxy18.isDisplayed(Unknown Source)
	at org.openqa.selenium.support.ui.ExpectedConditions.elementIfVisible(ExpectedConditions.java:307)
	at org.openqa.selenium.support.ui.ExpectedConditions.access$000(ExpectedConditions.java:40)
	at org.openqa.selenium.support.ui.ExpectedConditions$10.apply(ExpectedConditions.java:293)
	at org.openqa.selenium.support.ui.ExpectedConditions$10.apply(ExpectedConditions.java:290)
	at org.openqa.selenium.support.ui.FluentWait.until(FluentWait.java:208)
	... 29 more
... Removed 28 stack frames</pre></div><a href='#' onClick='toggleBox("stack-trace1562687997", this, "Click to show all stack frames", "Click to hide stack frames")'>Click to show all stack frames</a>
<div class='stack-trace' id='stack-trace1562687997'><pre>org.openqa.selenium.TimeoutException: Expected condition failed: waiting for visibility of Proxy element for: DefaultElementLocator &apos;By.xpath: //ul[@class=&apos;dropdown-menu custom-dropdown show&apos;] //li[1]&apos; (tried for 10 second(s) with 500 milliseconds interval)
	at org.openqa.selenium.support.ui.WebDriverWait.timeoutException(WebDriverWait.java:87)
	at org.openqa.selenium.support.ui.FluentWait.until(FluentWait.java:231)
	at com.abst.Reusable.visibilityOfElementWait(Reusable.java:121)
	at com.pom.ViewMatterViewDetailsPOM.viewDetailsBtn(ViewMatterViewDetailsPOM.java:30)
	at com.test.ViewMatterViewDetailsTest.uploadFilesandEnableWithMultipleAddTagsandCancel(ViewMatterViewDetailsTest.java:1834)
	at java.base/jdk.internal.reflect.DirectMethodHandleAccessor.invoke(DirectMethodHandleAccessor.java:104)
	at java.base/java.lang.reflect.Method.invoke(Method.java:577)
	at org.testng.internal.MethodInvocationHelper.invokeMethod(MethodInvocationHelper.java:133)
	at org.testng.internal.TestInvoker.invokeMethod(TestInvoker.java:598)
	at org.testng.internal.TestInvoker.invokeTestMethod(TestInvoker.java:173)
	at org.testng.internal.MethodRunner.runInSequence(MethodRunner.java:46)
	at org.testng.internal.TestInvoker$MethodInvocationAgent.invoke(TestInvoker.java:824)
	at org.testng.internal.TestInvoker.invokeTestMethods(TestInvoker.java:146)
	at org.testng.internal.TestMethodWorker.invokeTestMethods(TestMethodWorker.java:146)
	at org.testng.internal.TestMethodWorker.run(TestMethodWorker.java:128)
	at java.base/java.util.ArrayList.forEach(ArrayList.java:1511)
	at org.testng.TestRunner.privateRun(TestRunner.java:794)
	at org.testng.TestRunner.run(TestRunner.java:596)
	at org.testng.SuiteRunner.runTest(SuiteRunner.java:377)
	at org.testng.SuiteRunner.runSequentially(SuiteRunner.java:371)
	at org.testng.SuiteRunner.privateRun(SuiteRunner.java:332)
	at org.testng.SuiteRunner.run(SuiteRunner.java:276)
	at org.testng.SuiteRunnerWorker.runSuite(SuiteRunnerWorker.java:53)
	at org.testng.SuiteRunnerWorker.run(SuiteRunnerWorker.java:96)
	at org.testng.TestNG.runSuitesSequentially(TestNG.java:1212)
	at org.testng.TestNG.runSuitesLocally(TestNG.java:1134)
	at org.testng.TestNG.runSuites(TestNG.java:1063)
	at org.testng.TestNG.run(TestNG.java:1031)
	at org.testng.remote.AbstractRemoteTestNG.run(AbstractRemoteTestNG.java:115)
	at org.testng.remote.RemoteTestNG.initAndRun(RemoteTestNG.java:251)
	at org.testng.remote.RemoteTestNG.main(RemoteTestNG.java:77)
Caused by: org.openqa.selenium.NoSuchElementException: no such element: Unable to locate element: {&quot;method&quot;:&quot;xpath&quot;,&quot;selector&quot;:&quot;//ul[@class=&apos;dropdown-menu custom-dropdown show&apos;] //li[1]&quot;}
  (Session info: chrome=115.0.5790.110)
For documentation on this error, please visit: https://selenium.dev/exceptions/#no_such_element
Build info: version: &apos;4.7.0&apos;, revision: &apos;0a5b49d16f&apos;
System info: os.name: &apos;Windows 10&apos;, os.arch: &apos;amd64&apos;, os.version: &apos;10.0&apos;, java.version: &apos;18.0.2.1&apos;
Driver info: org.openqa.selenium.chrome.ChromeDriver
Command: [aa0b0666193f7872b00de78128c7e4af, findElement {using=xpath, value=//ul[@class=&apos;dropdown-menu custom-dropdown show&apos;] //li[1]}]
Capabilities {acceptInsecureCerts: false, browserName: chrome, browserVersion: 115.0.5790.110, chrome: {chromedriverVersion: 114.0.5735.90 (386bc09e8f4f..., userDataDir: C:\Users\VENGAD~1\AppData\L...}, goog:chromeOptions: {debuggerAddress: localhost:60930}, networkConnectionEnabled: false, pageLoadStrategy: normal, platformName: WINDOWS, proxy: Proxy(), se:cdp: ws://localhost:60930/devtoo..., se:cdpVersion: 115.0.5790.110, setWindowRect: true, strictFileInteractability: false, timeouts: {implicit: 0, pageLoad: 300000, script: 30000}, unhandledPromptBehavior: dismiss and notify, webauthn:extension:credBlob: true, webauthn:extension:largeBlob: true, webauthn:extension:minPinLength: true, webauthn:extension:prf: true, webauthn:virtualAuthenticators: true}
Session ID: aa0b0666193f7872b00de78128c7e4af
	at java.base/jdk.internal.reflect.DirectConstructorHandleAccessor.newInstance(DirectConstructorHandleAccessor.java:67)
	at java.base/java.lang.reflect.Constructor.newInstanceWithCaller(Constructor.java:499)
	at java.base/java.lang.reflect.Constructor.newInstance(Constructor.java:483)
	at org.openqa.selenium.remote.codec.w3c.W3CHttpResponseCodec.createException(W3CHttpResponseCodec.java:200)
	at org.openqa.selenium.remote.codec.w3c.W3CHttpResponseCodec.decode(W3CHttpResponseCodec.java:133)
	at org.openqa.selenium.remote.codec.w3c.W3CHttpResponseCodec.decode(W3CHttpResponseCodec.java:53)
	at org.openqa.selenium.remote.HttpCommandExecutor.execute(HttpCommandExecutor.java:184)
	at org.openqa.selenium.remote.service.DriverCommandExecutor.invokeExecute(DriverCommandExecutor.java:167)
	at org.openqa.selenium.remote.service.DriverCommandExecutor.execute(DriverCommandExecutor.java:142)
	at org.openqa.selenium.remote.RemoteWebDriver.execute(RemoteWebDriver.java:541)
	at org.openqa.selenium.remote.ElementLocation$ElementFinder$2.findElement(ElementLocation.java:162)
	at org.openqa.selenium.remote.ElementLocation.findElement(ElementLocation.java:60)
	at org.openqa.selenium.remote.RemoteWebDriver.findElement(RemoteWebDriver.java:365)
	at org.openqa.selenium.remote.RemoteWebDriver.findElement(RemoteWebDriver.java:357)
	at org.openqa.selenium.support.pagefactory.DefaultElementLocator.findElement(DefaultElementLocator.java:70)
	at org.openqa.selenium.support.pagefactory.internal.LocatingElementHandler.invoke(LocatingElementHandler.java:39)
	at jdk.proxy2/jdk.proxy2.$Proxy18.isDisplayed(Unknown Source)
	at org.openqa.selenium.support.ui.ExpectedConditions.elementIfVisible(ExpectedConditions.java:307)
	at org.openqa.selenium.support.ui.ExpectedConditions.access$000(ExpectedConditions.java:40)
	at org.openqa.selenium.support.ui.ExpectedConditions$10.apply(ExpectedConditions.java:293)
	at org.openqa.selenium.support.ui.ExpectedConditions$10.apply(ExpectedConditions.java:290)
	at org.openqa.selenium.support.ui.FluentWait.until(FluentWait.java:208)
	... 29 more
</pre></div></td>
<td>43</td>
<td>com.test.ViewMatterViewDetailsTest@35b74c5c</td></tr>
<tr>
<td title='com.test.ViewMatterViewDetailsTest.uploadFilesandEnableWithAddTagsSelectAllandSave()'><b>uploadFilesandEnableWithAddTagsSelectAllandSave</b><br>Test class: com.test.ViewMatterViewDetailsTest<br>Parameters: {addtags0=Year, comment=53.uploadFilesandEnableWithAddTagsSelectAllandSave, filePath=C:\Users\Vengadesh\Documents\Automate Image\Legal Matter\20, tags0= 2000 , matterName=Criminal Case 15}</td>
<td><div><pre>org.openqa.selenium.TimeoutException: Expected condition failed: waiting for visibility of Proxy element for: DefaultElementLocator &apos;By.xpath: //ul[@class=&apos;dropdown-menu custom-dropdown show&apos;] //li[1]&apos; (tried for 10 second(s) with 500 milliseconds interval)
	at org.openqa.selenium.support.ui.WebDriverWait.timeoutException(WebDriverWait.java:87)
	at org.openqa.selenium.support.ui.FluentWait.until(FluentWait.java:231)
	at com.abst.Reusable.visibilityOfElementWait(Reusable.java:121)
	at com.pom.ViewMatterViewDetailsPOM.viewDetailsBtn(ViewMatterViewDetailsPOM.java:30)
	at com.test.ViewMatterViewDetailsTest.uploadFilesandEnableWithAddTagsSelectAllandSave(ViewMatterViewDetailsTest.java:1870)
	at java.base/java.util.ArrayList.forEach(ArrayList.java:1511)
Caused by: org.openqa.selenium.NoSuchElementException: no such element: Unable to locate element: {&quot;method&quot;:&quot;xpath&quot;,&quot;selector&quot;:&quot;//ul[@class=&apos;dropdown-menu custom-dropdown show&apos;] //li[1]&quot;}
  (Session info: chrome=115.0.5790.110)
For documentation on this error, please visit: https://selenium.dev/exceptions/#no_such_element
Build info: version: &apos;4.7.0&apos;, revision: &apos;0a5b49d16f&apos;
System info: os.name: &apos;Windows 10&apos;, os.arch: &apos;amd64&apos;, os.version: &apos;10.0&apos;, java.version: &apos;18.0.2.1&apos;
Driver info: org.openqa.selenium.chrome.ChromeDriver
Command: [aa0b0666193f7872b00de78128c7e4af, findElement {using=xpath, value=//ul[@class=&apos;dropdown-menu custom-dropdown show&apos;] //li[1]}]
Capabilities {acceptInsecureCerts: false, browserName: chrome, browserVersion: 115.0.5790.110, chrome: {chromedriverVersion: 114.0.5735.90 (386bc09e8f4f..., userDataDir: C:\Users\VENGAD~1\AppData\L...}, goog:chromeOptions: {debuggerAddress: localhost:60930}, networkConnectionEnabled: false, pageLoadStrategy: normal, platformName: WINDOWS, proxy: Proxy(), se:cdp: ws://localhost:60930/devtoo..., se:cdpVersion: 115.0.5790.110, setWindowRect: true, strictFileInteractability: false, timeouts: {implicit: 0, pageLoad: 300000, script: 30000}, unhandledPromptBehavior: dismiss and notify, webauthn:extension:credBlob: true, webauthn:extension:largeBlob: true, webauthn:extension:minPinLength: true, webauthn:extension:prf: true, webauthn:virtualAuthenticators: true}
Session ID: aa0b0666193f7872b00de78128c7e4af
	at org.openqa.selenium.remote.codec.w3c.W3CHttpResponseCodec.createException(W3CHttpResponseCodec.java:200)
	at org.openqa.selenium.remote.codec.w3c.W3CHttpResponseCodec.decode(W3CHttpResponseCodec.java:133)
	at org.openqa.selenium.remote.codec.w3c.W3CHttpResponseCodec.decode(W3CHttpResponseCodec.java:53)
	at org.openqa.selenium.remote.HttpCommandExecutor.execute(HttpCommandExecutor.java:184)
	at org.openqa.selenium.remote.service.DriverCommandExecutor.invokeExecute(DriverCommandExecutor.java:167)
	at org.openqa.selenium.remote.service.DriverCommandExecutor.execute(DriverCommandExecutor.java:142)
	at org.openqa.selenium.remote.RemoteWebDriver.execute(RemoteWebDriver.java:541)
	at org.openqa.selenium.remote.ElementLocation$ElementFinder$2.findElement(ElementLocation.java:162)
	at org.openqa.selenium.remote.ElementLocation.findElement(ElementLocation.java:60)
	at org.openqa.selenium.remote.RemoteWebDriver.findElement(RemoteWebDriver.java:365)
	at org.openqa.selenium.remote.RemoteWebDriver.findElement(RemoteWebDriver.java:357)
	at org.openqa.selenium.support.pagefactory.DefaultElementLocator.findElement(DefaultElementLocator.java:70)
	at org.openqa.selenium.support.pagefactory.internal.LocatingElementHandler.invoke(LocatingElementHandler.java:39)
	at jdk.proxy2/jdk.proxy2.$Proxy18.isDisplayed(Unknown Source)
	at org.openqa.selenium.support.ui.ExpectedConditions.elementIfVisible(ExpectedConditions.java:307)
	at org.openqa.selenium.support.ui.ExpectedConditions.access$000(ExpectedConditions.java:40)
	at org.openqa.selenium.support.ui.ExpectedConditions$10.apply(ExpectedConditions.java:293)
	at org.openqa.selenium.support.ui.ExpectedConditions$10.apply(ExpectedConditions.java:290)
	at org.openqa.selenium.support.ui.FluentWait.until(FluentWait.java:208)
	... 29 more
... Removed 28 stack frames</pre></div><a href='#' onClick='toggleBox("stack-trace746648411", this, "Click to show all stack frames", "Click to hide stack frames")'>Click to show all stack frames</a>
<div class='stack-trace' id='stack-trace746648411'><pre>org.openqa.selenium.TimeoutException: Expected condition failed: waiting for visibility of Proxy element for: DefaultElementLocator &apos;By.xpath: //ul[@class=&apos;dropdown-menu custom-dropdown show&apos;] //li[1]&apos; (tried for 10 second(s) with 500 milliseconds interval)
	at org.openqa.selenium.support.ui.WebDriverWait.timeoutException(WebDriverWait.java:87)
	at org.openqa.selenium.support.ui.FluentWait.until(FluentWait.java:231)
	at com.abst.Reusable.visibilityOfElementWait(Reusable.java:121)
	at com.pom.ViewMatterViewDetailsPOM.viewDetailsBtn(ViewMatterViewDetailsPOM.java:30)
	at com.test.ViewMatterViewDetailsTest.uploadFilesandEnableWithAddTagsSelectAllandSave(ViewMatterViewDetailsTest.java:1870)
	at java.base/jdk.internal.reflect.DirectMethodHandleAccessor.invoke(DirectMethodHandleAccessor.java:104)
	at java.base/java.lang.reflect.Method.invoke(Method.java:577)
	at org.testng.internal.MethodInvocationHelper.invokeMethod(MethodInvocationHelper.java:133)
	at org.testng.internal.TestInvoker.invokeMethod(TestInvoker.java:598)
	at org.testng.internal.TestInvoker.invokeTestMethod(TestInvoker.java:173)
	at org.testng.internal.MethodRunner.runInSequence(MethodRunner.java:46)
	at org.testng.internal.TestInvoker$MethodInvocationAgent.invoke(TestInvoker.java:824)
	at org.testng.internal.TestInvoker.invokeTestMethods(TestInvoker.java:146)
	at org.testng.internal.TestMethodWorker.invokeTestMethods(TestMethodWorker.java:146)
	at org.testng.internal.TestMethodWorker.run(TestMethodWorker.java:128)
	at java.base/java.util.ArrayList.forEach(ArrayList.java:1511)
	at org.testng.TestRunner.privateRun(TestRunner.java:794)
	at org.testng.TestRunner.run(TestRunner.java:596)
	at org.testng.SuiteRunner.runTest(SuiteRunner.java:377)
	at org.testng.SuiteRunner.runSequentially(SuiteRunner.java:371)
	at org.testng.SuiteRunner.privateRun(SuiteRunner.java:332)
	at org.testng.SuiteRunner.run(SuiteRunner.java:276)
	at org.testng.SuiteRunnerWorker.runSuite(SuiteRunnerWorker.java:53)
	at org.testng.SuiteRunnerWorker.run(SuiteRunnerWorker.java:96)
	at org.testng.TestNG.runSuitesSequentially(TestNG.java:1212)
	at org.testng.TestNG.runSuitesLocally(TestNG.java:1134)
	at org.testng.TestNG.runSuites(TestNG.java:1063)
	at org.testng.TestNG.run(TestNG.java:1031)
	at org.testng.remote.AbstractRemoteTestNG.run(AbstractRemoteTestNG.java:115)
	at org.testng.remote.RemoteTestNG.initAndRun(RemoteTestNG.java:251)
	at org.testng.remote.RemoteTestNG.main(RemoteTestNG.java:77)
Caused by: org.openqa.selenium.NoSuchElementException: no such element: Unable to locate element: {&quot;method&quot;:&quot;xpath&quot;,&quot;selector&quot;:&quot;//ul[@class=&apos;dropdown-menu custom-dropdown show&apos;] //li[1]&quot;}
  (Session info: chrome=115.0.5790.110)
For documentation on this error, please visit: https://selenium.dev/exceptions/#no_such_element
Build info: version: &apos;4.7.0&apos;, revision: &apos;0a5b49d16f&apos;
System info: os.name: &apos;Windows 10&apos;, os.arch: &apos;amd64&apos;, os.version: &apos;10.0&apos;, java.version: &apos;18.0.2.1&apos;
Driver info: org.openqa.selenium.chrome.ChromeDriver
Command: [aa0b0666193f7872b00de78128c7e4af, findElement {using=xpath, value=//ul[@class=&apos;dropdown-menu custom-dropdown show&apos;] //li[1]}]
Capabilities {acceptInsecureCerts: false, browserName: chrome, browserVersion: 115.0.5790.110, chrome: {chromedriverVersion: 114.0.5735.90 (386bc09e8f4f..., userDataDir: C:\Users\VENGAD~1\AppData\L...}, goog:chromeOptions: {debuggerAddress: localhost:60930}, networkConnectionEnabled: false, pageLoadStrategy: normal, platformName: WINDOWS, proxy: Proxy(), se:cdp: ws://localhost:60930/devtoo..., se:cdpVersion: 115.0.5790.110, setWindowRect: true, strictFileInteractability: false, timeouts: {implicit: 0, pageLoad: 300000, script: 30000}, unhandledPromptBehavior: dismiss and notify, webauthn:extension:credBlob: true, webauthn:extension:largeBlob: true, webauthn:extension:minPinLength: true, webauthn:extension:prf: true, webauthn:virtualAuthenticators: true}
Session ID: aa0b0666193f7872b00de78128c7e4af
	at java.base/jdk.internal.reflect.DirectConstructorHandleAccessor.newInstance(DirectConstructorHandleAccessor.java:67)
	at java.base/java.lang.reflect.Constructor.newInstanceWithCaller(Constructor.java:499)
	at java.base/java.lang.reflect.Constructor.newInstance(Constructor.java:483)
	at org.openqa.selenium.remote.codec.w3c.W3CHttpResponseCodec.createException(W3CHttpResponseCodec.java:200)
	at org.openqa.selenium.remote.codec.w3c.W3CHttpResponseCodec.decode(W3CHttpResponseCodec.java:133)
	at org.openqa.selenium.remote.codec.w3c.W3CHttpResponseCodec.decode(W3CHttpResponseCodec.java:53)
	at org.openqa.selenium.remote.HttpCommandExecutor.execute(HttpCommandExecutor.java:184)
	at org.openqa.selenium.remote.service.DriverCommandExecutor.invokeExecute(DriverCommandExecutor.java:167)
	at org.openqa.selenium.remote.service.DriverCommandExecutor.execute(DriverCommandExecutor.java:142)
	at org.openqa.selenium.remote.RemoteWebDriver.execute(RemoteWebDriver.java:541)
	at org.openqa.selenium.remote.ElementLocation$ElementFinder$2.findElement(ElementLocation.java:162)
	at org.openqa.selenium.remote.ElementLocation.findElement(ElementLocation.java:60)
	at org.openqa.selenium.remote.RemoteWebDriver.findElement(RemoteWebDriver.java:365)
	at org.openqa.selenium.remote.RemoteWebDriver.findElement(RemoteWebDriver.java:357)
	at org.openqa.selenium.support.pagefactory.DefaultElementLocator.findElement(DefaultElementLocator.java:70)
	at org.openqa.selenium.support.pagefactory.internal.LocatingElementHandler.invoke(LocatingElementHandler.java:39)
	at jdk.proxy2/jdk.proxy2.$Proxy18.isDisplayed(Unknown Source)
	at org.openqa.selenium.support.ui.ExpectedConditions.elementIfVisible(ExpectedConditions.java:307)
	at org.openqa.selenium.support.ui.ExpectedConditions.access$000(ExpectedConditions.java:40)
	at org.openqa.selenium.support.ui.ExpectedConditions$10.apply(ExpectedConditions.java:293)
	at org.openqa.selenium.support.ui.ExpectedConditions$10.apply(ExpectedConditions.java:290)
	at org.openqa.selenium.support.ui.FluentWait.until(FluentWait.java:208)
	... 29 more
</pre></div></td>
<td>43</td>
<td>com.test.ViewMatterViewDetailsTest@35b74c5c</td></tr>
<tr>
<td title='com.test.ViewMatterViewDetailsTest.unSelectAllClickCancel()'><b>unSelectAllClickCancel</b><br>Test class: com.test.ViewMatterViewDetailsTest<br>Parameters: {comment=10.unSelectAllClickCancel, matterName=Contract Breach}</td>
<td><div><pre>java.lang.AssertionError: expected [true] but found [false]
	at com.pom.ViewMatterViewDetailsDocumentsPOM.checkSelectAllCheckboxIsUnSelected(ViewMatterViewDetailsDocumentsPOM.java:210)
	at com.test.ViewMatterViewDetailsTest.unSelectAllClickCancel(ViewMatterViewDetailsTest.java:236)
	at java.base/java.util.ArrayList.forEach(ArrayList.java:1511)
... Removed 29 stack frames</pre></div><a href='#' onClick='toggleBox("stack-trace1193493596", this, "Click to show all stack frames", "Click to hide stack frames")'>Click to show all stack frames</a>
<div class='stack-trace' id='stack-trace1193493596'><pre>java.lang.AssertionError: expected [true] but found [false]
	at org.testng.Assert.fail(Assert.java:99)
	at org.testng.Assert.failNotEquals(Assert.java:1037)
	at org.testng.Assert.assertTrue(Assert.java:45)
	at org.testng.Assert.assertTrue(Assert.java:55)
	at com.pom.ViewMatterViewDetailsDocumentsPOM.checkSelectAllCheckboxIsUnSelected(ViewMatterViewDetailsDocumentsPOM.java:210)
	at com.test.ViewMatterViewDetailsTest.unSelectAllClickCancel(ViewMatterViewDetailsTest.java:236)
	at java.base/jdk.internal.reflect.DirectMethodHandleAccessor.invoke(DirectMethodHandleAccessor.java:104)
	at java.base/java.lang.reflect.Method.invoke(Method.java:577)
	at org.testng.internal.MethodInvocationHelper.invokeMethod(MethodInvocationHelper.java:133)
	at org.testng.internal.TestInvoker.invokeMethod(TestInvoker.java:598)
	at org.testng.internal.TestInvoker.invokeTestMethod(TestInvoker.java:173)
	at org.testng.internal.MethodRunner.runInSequence(MethodRunner.java:46)
	at org.testng.internal.TestInvoker$MethodInvocationAgent.invoke(TestInvoker.java:824)
	at org.testng.internal.TestInvoker.invokeTestMethods(TestInvoker.java:146)
	at org.testng.internal.TestMethodWorker.invokeTestMethods(TestMethodWorker.java:146)
	at org.testng.internal.TestMethodWorker.run(TestMethodWorker.java:128)
	at java.base/java.util.ArrayList.forEach(ArrayList.java:1511)
	at org.testng.TestRunner.privateRun(TestRunner.java:794)
	at org.testng.TestRunner.run(TestRunner.java:596)
	at org.testng.SuiteRunner.runTest(SuiteRunner.java:377)
	at org.testng.SuiteRunner.runSequentially(SuiteRunner.java:371)
	at org.testng.SuiteRunner.privateRun(SuiteRunner.java:332)
	at org.testng.SuiteRunner.run(SuiteRunner.java:276)
	at org.testng.SuiteRunnerWorker.runSuite(SuiteRunnerWorker.java:53)
	at org.testng.SuiteRunnerWorker.run(SuiteRunnerWorker.java:96)
	at org.testng.TestNG.runSuitesSequentially(TestNG.java:1212)
	at org.testng.TestNG.runSuitesLocally(TestNG.java:1134)
	at org.testng.TestNG.runSuites(TestNG.java:1063)
	at org.testng.TestNG.run(TestNG.java:1031)
	at org.testng.remote.AbstractRemoteTestNG.run(AbstractRemoteTestNG.java:115)
	at org.testng.remote.RemoteTestNG.initAndRun(RemoteTestNG.java:251)
	at org.testng.remote.RemoteTestNG.main(RemoteTestNG.java:77)
</pre></div></td>
<td>22</td>
<td>com.test.ViewMatterViewDetailsTest@35b74c5c</td></tr>
</table><p>
<table width='100%' border='1' class='invocation-passed'>
<tr><td colspan='4' align='center'><b>PASSED TESTS</b></td></tr>
<tr><td><b>Test method</b></td>
<td width="30%"><b>Exception</b></td>
<td width="10%"><b>Time (seconds)</b></td>
<td><b>Instance</b></td>
</tr>
<tr>
<td title='com.test.ViewMatterViewDetailsTest.uploadFilestAndDisableWithCancel()'><b>uploadFilestAndDisableWithCancel</b><br>Test class: com.test.ViewMatterViewDetailsTest<br>Parameters: {comment=18.browseandUploadFilestAndDisableWithCancel, filePath=C:\Users\Vengadesh\Documents\Automate Image\MultipleCheck, matterName=Contract Breach}</td>
<td></td>
<td>51</td>
<td>com.test.ViewMatterViewDetailsTest@35b74c5c</td></tr>
<tr>
<td title='com.test.ViewMatterViewDetailsTest.browseandUploadFilesandRemoveDocumentWithCancelButton()'><b>browseandUploadFilesandRemoveDocumentWithCancelButton</b><br>Test class: com.test.ViewMatterViewDetailsTest<br>Parameters: {removeFile2=LADText.txt, comment=13.browseandUploadFilesandRemoveDocumentWithCancelButton, removeFile1=LADPNG.png, filePath=C:\Users\Vengadesh\Documents\Automate Image\MultipleCheck, matterName=Contract Breach}</td>
<td></td>
<td>51</td>
<td>com.test.ViewMatterViewDetailsTest@35b74c5c</td></tr>
<tr>
<td title='com.test.ViewMatterViewDetailsTest.uploadFilesandDisableWithcombinedDateandDescriptionandSave()'><b>uploadFilesandDisableWithcombinedDateandDescriptionandSave</b><br>Test class: com.test.ViewMatterViewDetailsTest<br>Parameters: {documentName1=, documentName2=, filePath=C:\Users\Vengadesh\Documents\Automate Image\Legal Matter\18, count=4, date3= 7 , date2= 16 , date1= 28 , date0= 12 , descp0=Verify the documents, comment=49.uploadFilesandDisableWithcombinedDateandDescriptionandSave, descp2=Document name reedit, descp1=Modify the names, descp3=text verifications, matterName=Contract Breach}</td>
<td></td>
<td>89</td>
<td>com.test.ViewMatterViewDetailsTest@35b74c5c</td></tr>
<tr>
<td title='com.test.ViewMatterViewDetailsTest.browseandUploadFilesandRemoveDocumentWithNext()'><b>browseandUploadFilesandRemoveDocumentWithNext</b><br>Test class: com.test.ViewMatterViewDetailsTest<br>Parameters: {removeFile2=LADText.txt, comment=14.browseandUploadFilesandRemoveDocumentWithNext, removeFile1=LADPNG.png, filePath=C:\Users\Vengadesh\Documents\Automate Image\MultipleCheck, matterName=Contract Breach}</td>
<td></td>
<td>71</td>
<td>com.test.ViewMatterViewDetailsTest@35b74c5c</td></tr>
<tr>
<td title='com.test.ViewMatterViewDetailsTest.uploadFilesandEnableWithEditDocumNameFieldOnlyandSave()'><b>uploadFilesandEnableWithEditDocumNameFieldOnlyandSave</b><br>Test class: com.test.ViewMatterViewDetailsTest<br>Parameters: {documentName1=, documName1=CSVFiles12, documName2=CSVFiles13, documentName2=, filePath=C:\Users\Vengadesh\Documents\Automate Image\Legal Matter\6, documName0=CSVFiles1, count=4, comment=25.uploadFilesandEnableWithEditDocumNameFieldOnlyandSave, documName3=CSVFiles14, matterName=Contract Breach}</td>
<td></td>
<td>74</td>
<td>com.test.ViewMatterViewDetailsTest@35b74c5c</td></tr>
<tr>
<td title='com.test.ViewMatterViewDetailsTest.uploadFilesandRemoveMultipleDocumentAndDisableWithSave()'><b>uploadFilesandRemoveMultipleDocumentAndDisableWithSave</b><br>Test class: com.test.ViewMatterViewDetailsTest<br>Parameters: {documentName1=, documentName2=, filePath=C:\Users\Vengadesh\Documents\Automate Image\Legal Matter\4, removeFile2=QA123.csv, comment=21.uploadFilesandRemoveMultipleDocumentAndDisableWithSave, removeFile1=QA12.txt, matterName=Contract Breach}</td>
<td></td>
<td>70</td>
<td>com.test.ViewMatterViewDetailsTest@35b74c5c</td></tr>
<tr>
<td title='com.test.ViewMatterViewDetailsTest.uploadFilestAndDisableWithSave()'><b>uploadFilestAndDisableWithSave</b><br>Test class: com.test.ViewMatterViewDetailsTest<br>Parameters: {documentName1=, documentName3=, documentName2=, filePath=C:\Users\Vengadesh\Documents\Automate Image\Legal Matter\2, documentName4=, comment=17.browseandUploadFilestAndDisableWithSave, matterName=Contract Breach}</td>
<td></td>
<td>59</td>
<td>com.test.ViewMatterViewDetailsTest@35b74c5c</td></tr>
<tr>
<td title='com.test.ViewMatterViewDetailsTest.uploadFilesandEnableWithexpirateDateFieldOnlyandSave()'><b>uploadFilesandEnableWithexpirateDateFieldOnlyandSave</b><br>Test class: com.test.ViewMatterViewDetailsTest<br>Parameters: {documentName1=, documentName2=, filePath=C:\Users\Vengadesh\Documents\Automate Image\Legal Matter\8, count=4, comment=29.uploadFilesandEnableWithexpirateDateFieldOnlyandSave, date3= 18 , date2= 6 , date1= 26 , date0= 21 , matterName=Contract Breach}</td>
<td></td>
<td>83</td>
<td>com.test.ViewMatterViewDetailsTest@35b74c5c</td></tr>
<tr>
<td title='com.test.ViewMatterViewDetailsTest.uploadFilesandEnableWithEditDescriptionFieldOnlyandCancel()'><b>uploadFilesandEnableWithEditDescriptionFieldOnlyandCancel</b><br>Test class: com.test.ViewMatterViewDetailsTest<br>Parameters: {filePath=C:\Users\Vengadesh\Documents\Automate Image\MultipleCheck, count=4, descp0=Modify the description, comment=28.uploadFilesandEnableWithEditDescriptionFieldOnlyandCancel, descp2=recheck the names, descp1=Successfully edited, descp3=Files uploading, matterName=Contract Breach}</td>
<td></td>
<td>67</td>
<td>com.test.ViewMatterViewDetailsTest@35b74c5c</td></tr>
<tr>
<td title='com.test.ViewMatterViewDetailsTest.uploadFilesandEnableWithcombinedDocumentNamesandDateandCancel()'><b>uploadFilesandEnableWithcombinedDocumentNamesandDateandCancel</b><br>Test class: com.test.ViewMatterViewDetailsTest<br>Parameters: {filePath=C:\Users\Vengadesh\Documents\Automate Image\MultipleCheck, count=4, date3= 17 , date2= 23 , date1= 28 , date0= 8 , documName1=PPtxFiles12, documName2=PPtxFiles13, documName0=PPtxFiles1, comment=32.uploadFilesandEnableWithcombinedDocumentNamesandDateandCancel, documName3=PPtxFiles14, matterName=Contract Breach}</td>
<td></td>
<td>88</td>
<td>com.test.ViewMatterViewDetailsTest@35b74c5c</td></tr>
<tr>
<td title='com.test.ViewMatterViewDetailsTest.meetingNameAppearOrNot()'><b>meetingNameAppearOrNot</b><br>Test class: com.test.ViewMatterViewDetailsTest<br>Parameters: {comment=0.meetingNameAppearOrNot, meetingName=Contract Breach - Consultation, matterName=Contract Breach}</td>
<td></td>
<td>25</td>
<td>com.test.ViewMatterViewDetailsTest@35b74c5c</td></tr>
<tr>
<td title='com.test.ViewMatterViewDetailsTest.uploadFilesandEnableWithcombinedDateandDescriptionandCancel()'><b>uploadFilesandEnableWithcombinedDateandDescriptionandCancel</b><br>Test class: com.test.ViewMatterViewDetailsTest<br>Parameters: {filePath=C:\Users\Vengadesh\Documents\Automate Image\MultipleCheck, count=4, date3= 17 , date2= 12 , date1= 28 , date0= 1 , descp0=Edit description, comment=36.uploadFilesandEnableWithcombinedDateandDescriptionandCancel, descp2=names verifications, descp1=document files correction, descp3=Files checking , matterName=Contract Breach}</td>
<td></td>
<td>80</td>
<td>com.test.ViewMatterViewDetailsTest@35b74c5c</td></tr>
<tr>
<td title='com.test.ViewMatterViewDetailsTest.browseAndUploadFilesAndCancel()'><b>browseAndUploadFilesAndCancel</b><br>Test class: com.test.ViewMatterViewDetailsTest<br>Parameters: {comment=12.browseAndUploadFilesAndCancel, filePath=C:\Users\Vengadesh\Documents\Automate Image\MultipleCheck, matterName=Contract Breach}</td>
<td></td>
<td>42</td>
<td>com.test.ViewMatterViewDetailsTest@35b74c5c</td></tr>
<tr>
<td title='com.test.ViewMatterViewDetailsTest.uploadFilesAndEnableWithSave()'><b>uploadFilesAndEnableWithSave</b><br>Test class: com.test.ViewMatterViewDetailsTest<br>Parameters: {documentName1=FZA1.pdf, documentName3=FZA3.txt, documentName2=FZA2.png, filePath=C:\Users\Vengadesh\Documents\Automate Image\Legal Matter\1, documentName4=FZA4.csv, comment=15.uploadFilesAndEnableWithSave, matterName=Contract Breach}</td>
<td></td>
<td>61</td>
<td>com.test.ViewMatterViewDetailsTest@35b74c5c</td></tr>
<tr>
<td title='com.test.ViewMatterViewDetailsTest.removeDocumentOnLeftSideWithCancel()'><b>removeDocumentOnLeftSideWithCancel</b><br>Test class: com.test.ViewMatterViewDetailsTest<br>Parameters: {documentRemove1=AnathKumar GH 1, documentRemove2=Family law GH 1, comment=4.removeDocumentOnLeftSideWithCancel, matterName=Contract Breach}</td>
<td></td>
<td>71</td>
<td>com.test.ViewMatterViewDetailsTest@35b74c5c</td></tr>
<tr>
<td title='com.test.ViewMatterViewDetailsTest.uploadFilesandDisableWithEditAllandCancel()'><b>uploadFilesandDisableWithEditAllandCancel</b><br>Test class: com.test.ViewMatterViewDetailsTest<br>Parameters: {filePath=C:\Users\Vengadesh\Documents\Automate Image\MultipleCheck, count=4, date3= 19 , date2= 17 , date1= 15 , date0= 11 , documName1=imageFileUpload63, documName2=imageFileUpload64, documName0=imageFileUpload, descp0=document names, comment=38.uploadFilesandDisableWithEditAllandCancel, descp2=Successfully added, documName3=imageFileUpload65, descp1=Files Uploaded, descp3=readded the documents , matterName=Contract Breach}</td>
<td></td>
<td>90</td>
<td>com.test.ViewMatterViewDetailsTest@35b74c5c</td></tr>
<tr>
<td title='com.test.ViewMatterViewDetailsTest.uploadFilestAndEnableWithCancel()'><b>uploadFilestAndEnableWithCancel</b><br>Test class: com.test.ViewMatterViewDetailsTest<br>Parameters: {comment=16.browseandUploadFilestAndEnableWithCancel, filePath=C:\Users\Vengadesh\Documents\Automate Image\MultipleCheck, matterName=Contract Breach}</td>
<td></td>
<td>51</td>
<td>com.test.ViewMatterViewDetailsTest@35b74c5c</td></tr>
<tr>
<td title='com.test.ViewMatterViewDetailsTest.uploadFilesandEnableWithEditAllandSave()'><b>uploadFilesandEnableWithEditAllandSave</b><br>Test class: com.test.ViewMatterViewDetailsTest<br>Parameters: {documentName1=, documentName2=, filePath=C:\Users\Vengadesh\Documents\Automate Image\Legal Matter\5, count=4, date3= 7 , date2= 6 , date1= 2 , date0= 1 , documName1=pdfFilesEdit1323, documName2=pdfFilesEdit1424, documName0=pdfFilesEdit1244, descp0=Re edit the text, comment=23.uploadFilesandEnableWithEditAllandSave, descp2=Add the document, documName3=pdfFilesEdit1523, descp1=Modify the test, descp3=document are added, matterName=Contract Breach}</td>
<td></td>
<td>82</td>
<td>com.test.ViewMatterViewDetailsTest@35b74c5c</td></tr>
<tr>
<td title='com.test.ViewMatterViewDetailsTest.uploadFilesandEnableWithcombinedDocumentNamesandDescriptionandCancel()'><b>uploadFilesandEnableWithcombinedDocumentNamesandDescriptionandCancel</b><br>Test class: com.test.ViewMatterViewDetailsTest<br>Parameters: {filePath=C:\Users\Vengadesh\Documents\Automate Image\MultipleCheck, count=4, documName1=MergeDocFiles12, documName2=MergeDocFiles123, documName0=MergeDocFiles1, descp0=Verify the documents, comment=34.uploadFilesandEnableWithcombinedDocumentNamesandDescriptionandCancel, descp2=still verify the testcase, documName3=MergeDocFiles14, descp1=check the document using automation, descp3=Still uploading the files, matterName=Contract Breach}</td>
<td></td>
<td>72</td>
<td>com.test.ViewMatterViewDetailsTest@35b74c5c</td></tr>
<tr>
<td title='com.test.ViewMatterViewDetailsTest.documentNameCheckingOnDocuments()'><b>documentNameCheckingOnDocuments</b><br>Test class: com.test.ViewMatterViewDetailsTest<br>Parameters: {comment=2.documentNameCheckingOnDocuments, documentName=AnathKumar GH 1, matterName=Contract Breach}</td>
<td></td>
<td>23</td>
<td>com.test.ViewMatterViewDetailsTest@35b74c5c</td></tr>
<tr>
<td title='com.test.ViewMatterViewDetailsTest.uploadFilesandDisableWithcombinedDateandDescriptionandCancel()'><b>uploadFilesandDisableWithcombinedDateandDescriptionandCancel</b><br>Test class: com.test.ViewMatterViewDetailsTest<br>Parameters: {filePath=C:\Users\Vengadesh\Documents\Automate Image\MultipleCheck, count=4, date3= 17 , date2= 12 , date1= 28 , date0= 1 , descp0=Edit description, comment=50.uploadFilesandDisableWithcombinedDateandDescriptionandCancel, descp2=names verifications, descp1=document files correction, descp3=Files checking , matterName=Contract Breach}</td>
<td></td>
<td>82</td>
<td>com.test.ViewMatterViewDetailsTest@35b74c5c</td></tr>
<tr>
<td title='com.test.ViewMatterViewDetailsTest.uploadFilesandEnableWithexpirateDateFieldOnlyandCancel()'><b>uploadFilesandEnableWithexpirateDateFieldOnlyandCancel</b><br>Test class: com.test.ViewMatterViewDetailsTest<br>Parameters: {filePath=C:\Users\Vengadesh\Documents\Automate Image\MultipleCheck, count=4, comment=30.uploadFilesandEnableWithexpirateDateFieldOnlyandCancel, date3= 3 , date2= 23 , date1= 8 , date0= 13 , matterName=Contract Breach}</td>
<td></td>
<td>76</td>
<td>com.test.ViewMatterViewDetailsTest@35b74c5c</td></tr>
<tr>
<td title='com.test.ViewMatterViewDetailsTest.documentRemoveOnDocuments()'><b>documentRemoveOnDocuments</b><br>Test class: com.test.ViewMatterViewDetailsTest<br>Parameters: {documentRemove1=Alliance TM 2, documentRemove2=Apollo TM 2, comment=3.documentRemoveOnDocumentsandSave, matterName=Contract Breach}</td>
<td></td>
<td>29</td>
<td>com.test.ViewMatterViewDetailsTest@35b74c5c</td></tr>
<tr>
<td title='com.test.ViewMatterViewDetailsTest.uploadFilesandDisableWithexpirateDateFieldOnlyandSave()'><b>uploadFilesandDisableWithexpirateDateFieldOnlyandSave</b><br>Test class: com.test.ViewMatterViewDetailsTest<br>Parameters: {documentName1=, documentName2=, filePath=C:\Users\Vengadesh\Documents\Automate Image\Legal Matter\15, count=4, comment=43.uploadFilesandDisableWithexpirateDateFieldOnlyandSave, date3= 18 , date2= 6 , date1= 26 , date0= 21 , matterName=Contract Breach}</td>
<td></td>
<td>85</td>
<td>com.test.ViewMatterViewDetailsTest@35b74c5c</td></tr>
<tr>
<td title='com.test.ViewMatterViewDetailsTest.selectAllClickCancel()'><b>selectAllClickCancel</b><br>Test class: com.test.ViewMatterViewDetailsTest<br>Parameters: {comment=8.selectAllClickCancel, matterName=Contract Breach}</td>
<td></td>
<td>26</td>
<td>com.test.ViewMatterViewDetailsTest@35b74c5c</td></tr>
<tr>
<td title='com.test.ViewMatterViewDetailsTest.uploadFilesandDisableWithEditDocumNameFieldOnlyandCancel()'><b>uploadFilesandDisableWithEditDocumNameFieldOnlyandCancel</b><br>Test class: com.test.ViewMatterViewDetailsTest<br>Parameters: {documName1=PPtFilesNew1, documName2=PPtFilesNew2, filePath=C:\Users\Vengadesh\Documents\Automate Image\MultipleCheck, documName0=PPtFilesNew, count=4, comment=40.uploadFilesandDisableWithEditDocumNameFieldOnlyandCancel, documName3=PPtFilesNew3, matterName=Contract Breach}</td>
<td></td>
<td>76</td>
<td>com.test.ViewMatterViewDetailsTest@35b74c5c</td></tr>
<tr>
<td title='com.test.ViewMatterViewDetailsTest.selectAllClickSave()'><b>selectAllClickSave</b><br>Test class: com.test.ViewMatterViewDetailsTest<br>Parameters: {comment=9.selectAllClickSave, matterName=Contract Breach}</td>
<td></td>
<td>28</td>
<td>com.test.ViewMatterViewDetailsTest@35b74c5c</td></tr>
<tr>
<td title='com.test.ViewMatterViewDetailsTest.uploadFilesandEnableWithEditDocumNameFieldOnlyandCancel()'><b>uploadFilesandEnableWithEditDocumNameFieldOnlyandCancel</b><br>Test class: com.test.ViewMatterViewDetailsTest<br>Parameters: {documName1=PPtFilesNew1, documName2=PPtFilesNew2, filePath=C:\Users\Vengadesh\Documents\Automate Image\MultipleCheck, documName0=PPtFilesNew, count=4, comment=26.uploadFilesandEnableWithEditDocumNameFieldOnlyandCancel, documName3=PPtFilesNew3, matterName=Contract Breach}</td>
<td></td>
<td>75</td>
<td>com.test.ViewMatterViewDetailsTest@35b74c5c</td></tr>
<tr>
<td title='com.test.ViewMatterViewDetailsTest.uploadFilesandEnableWithEditAllandCancel()'><b>uploadFilesandEnableWithEditAllandCancel</b><br>Test class: com.test.ViewMatterViewDetailsTest<br>Parameters: {filePath=C:\Users\Vengadesh\Documents\Automate Image\MultipleCheck, count=4, date3= 19 , date2= 17 , date1= 15 , date0= 11 , documName1=imageFileUpload63, documName2=imageFileUpload64, documName0=imageFileUpload, descp0=document names, comment=24.uploadFilesandEnableWithEditAllandCancel, descp2=Successfully added, documName3=imageFileUpload65, descp1=Files Uploaded, descp3=readded the documents , matterName=Contract Breach}</td>
<td></td>
<td>89</td>
<td>com.test.ViewMatterViewDetailsTest@35b74c5c</td></tr>
<tr>
<td title='com.test.ViewMatterViewDetailsTest.uploadFilesandDisableWithcombinedDocumentNamesandDateandCancel()'><b>uploadFilesandDisableWithcombinedDocumentNamesandDateandCancel</b><br>Test class: com.test.ViewMatterViewDetailsTest<br>Parameters: {filePath=C:\Users\Vengadesh\Documents\Automate Image\MultipleCheck, count=4, date3= 17 , date2= 23 , date1= 28 , date0= 8 , documName1=PPtxFiles12, documName2=PPtxFiles13, documName0=PPtxFiles1, comment=46.uploadFilesandDisableWithcombinedDocumentNamesandDateandCancel, documName3=PPtxFiles14, matterName=Contract Breach}</td>
<td></td>
<td>89</td>
<td>com.test.ViewMatterViewDetailsTest@35b74c5c</td></tr>
<tr>
<td title='com.test.ViewMatterViewDetailsTest.uploadFilesandDisableWithEditDescriptionFieldOnlyandCancel()'><b>uploadFilesandDisableWithEditDescriptionFieldOnlyandCancel</b><br>Test class: com.test.ViewMatterViewDetailsTest<br>Parameters: {filePath=C:\Users\Vengadesh\Documents\Automate Image\MultipleCheck, count=4, descp0=Modify the description, comment=42.uploadFilesandDisableWithEditDescriptionFieldOnlyandCancel, descp2=recheck the names, descp1=Successfully edited, descp3=Files uploading, matterName=Contract Breach}</td>
<td></td>
<td>69</td>
<td>com.test.ViewMatterViewDetailsTest@35b74c5c</td></tr>
<tr>
<td title='com.test.ViewMatterViewDetailsTest.uploadFilesandDisableWithexpirateDateFieldOnlyandCancel()'><b>uploadFilesandDisableWithexpirateDateFieldOnlyandCancel</b><br>Test class: com.test.ViewMatterViewDetailsTest<br>Parameters: {filePath=C:\Users\Vengadesh\Documents\Automate Image\MultipleCheck, count=4, comment=44.uploadFilesandDisableWithexpirateDateFieldOnlyandCancel, date3= 3 , date2= 23 , date1= 8 , date0= 13 , matterName=Contract Breach}</td>
<td></td>
<td>77</td>
<td>com.test.ViewMatterViewDetailsTest@35b74c5c</td></tr>
<tr>
<td title='com.test.ViewMatterViewDetailsTest.uploadFilesandDisableWithcombinedDocumentNamesandDescriptionandCancel()'><b>uploadFilesandDisableWithcombinedDocumentNamesandDescriptionandCancel</b><br>Test class: com.test.ViewMatterViewDetailsTest<br>Parameters: {filePath=C:\Users\Vengadesh\Documents\Automate Image\MultipleCheck, count=4, documName1=MergeDocFiles12, documName2=MergeDocFiles123, documName0=MergeDocFiles1, descp0=Verify the documents, comment=48.uploadFilesandDisableWithcombinedDocumentNamesandDescriptionandCancel, descp2=still verify the testcase, documName3=MergeDocFiles14, descp1=check the document using automation, descp3=Still uploading the files, matterName=Contract Breach}</td>
<td></td>
<td>73</td>
<td>com.test.ViewMatterViewDetailsTest@35b74c5c</td></tr>
<tr>
<td title='com.test.ViewMatterViewDetailsTest.uploadFilesandRemoveMultipleDocumentAndEnableWithSave()'><b>uploadFilesandRemoveMultipleDocumentAndEnableWithSave</b><br>Test class: com.test.ViewMatterViewDetailsTest<br>Parameters: {documentName1=, documentName2=, filePath=C:\Users\Vengadesh\Documents\Automate Image\Legal Matter\3, removeFile3=F135.csv, removeFile2=F134.txt, comment=19.uploadFilesandRemoveMultipleDocumentAndEnableWithSave, removeFile1=F13.png, matterName=Contract Breach}</td>
<td></td>
<td>72</td>
<td>com.test.ViewMatterViewDetailsTest@35b74c5c</td></tr>
<tr>
<td title='com.test.ViewMatterViewDetailsTest.uploadFilesandRemoveMultipleDocumentAndDisableWithCancel()'><b>uploadFilesandRemoveMultipleDocumentAndDisableWithCancel</b><br>Test class: com.test.ViewMatterViewDetailsTest<br>Parameters: {removeFile2=PLWORD.rtf, comment=22.uploadFilesandRemoveMultipleDocumentAndDisableWithCancel, removeFile1=LADText.txt, filePath=C:\Users\Vengadesh\Documents\Automate Image\MultipleCheck, matterName=Contract Breach}</td>
<td></td>
<td>64</td>
<td>com.test.ViewMatterViewDetailsTest@35b74c5c</td></tr>
<tr>
<td title='com.test.ViewMatterViewDetailsTest.uploadFilesandEnableWithcombinedDateandDescriptionandSave()'><b>uploadFilesandEnableWithcombinedDateandDescriptionandSave</b><br>Test class: com.test.ViewMatterViewDetailsTest<br>Parameters: {documentName1=, documentName2=, filePath=C:\Users\Vengadesh\Documents\Automate Image\Legal Matter\11, count=4, date3= 7 , date2= 16 , date1= 28 , date0= 12 , descp0=Verify the documents, comment=35.uploadFilesandEnableWithcombinedDateandDescriptionandSave, descp2=Document name reedit, descp1=Modify the names, descp3=text verifications, matterName=Contract Breach}</td>
<td></td>
<td>87</td>
<td>com.test.ViewMatterViewDetailsTest@35b74c5c</td></tr>
<tr>
<td title='com.test.ViewMatterViewDetailsTest.selectDocumentOnRightSideWithCancel()'><b>selectDocumentOnRightSideWithCancel</b><br>Test class: com.test.ViewMatterViewDetailsTest<br>Parameters: {comment=5.selectDocumentOnRightSideWithCancel, documentSelect2=Apollo TM 2, matterName=Contract Breach, documentSelect1=Neela GH 1}</td>
<td></td>
<td>87</td>
<td>com.test.ViewMatterViewDetailsTest@35b74c5c</td></tr>
<tr>
<td title='com.test.ViewMatterViewDetailsTest.uploadFilesandDisableWithEditDocumNameFieldOnlyandSave()'><b>uploadFilesandDisableWithEditDocumNameFieldOnlyandSave</b><br>Test class: com.test.ViewMatterViewDetailsTest<br>Parameters: {documentName1=, documentName3=, documentName2=, filePath=C:\Users\Vengadesh\Documents\Automate Image\Legal Matter\10, count=4, documName1=DocPDfImage1, documName2=DocPDfImage2, documName0=DocPDfImage, descp0=Welcome to digicoffer, comment=33.uploadFilesandEnableWithcombinedDocumentNamesandDescriptionandSave, descp2=Pdf Files merged, documName3=DocPDfImage3, descp1=Hello Lauditor customer, descp3=Files loading, matterName=Contract Breach}</td>
<td></td>
<td>73</td>
<td>com.test.ViewMatterViewDetailsTest@35b74c5c</td></tr>
</table><p>
</body>
</html>