<?xml version="1.0" encoding="UTF-8"?>
<!-- Generated by org.testng.reporters.JUnitXMLReporter -->
<testsuite ignored="2" hostname="DESKTOP-N596F8M" failures="16" tests="54" name="Test" time="3295.557" errors="0" timestamp="2023-07-31T22:49:07 IST">
  <testcase classname="com.test.ViewMatterViewDetailsTest" name="meetingNameAppearOrNot" time="25.975"/>
  <testcase classname="com.test.ViewMatterViewDetailsTest" name="documentNameCheckingOnDocuments" time="23.19"/>
  <testcase classname="com.test.ViewMatterViewDetailsTest" name="documentRemoveOnDocuments" time="29.718"/>
  <testcase classname="com.test.ViewMatterViewDetailsTest" name="removeDocumentOnLeftSideWithCancel" time="71.294"/>
  <testcase classname="com.test.ViewMatterViewDetailsTest" name="selectDocumentOnRightSideWithCancel" time="87.627"/>
  <testcase classname="com.test.ViewMatterViewDetailsTest" name="selectDocumentOnRightSideWithSave" time="93.867">
    <failure type="org.openqa.selenium.ElementClickInterceptedException" message="element click intercepted: Element is not clickable at point (35, -63)
  (Session info: chrome=115.0.5790.110)
Build info: version: &amp;apos;4.7.0&amp;apos;, revision: &amp;apos;0a5b49d16f&amp;apos;
System info: os.name: &amp;apos;Windows 10&amp;apos;, os.arch: &amp;apos;amd64&amp;apos;, os.version: &amp;apos;10.0&amp;apos;, java.version: &amp;apos;18.0.2.1&amp;apos;
Driver info: org.openqa.selenium.chrome.ChromeDriver
Command: [aa0b0666193f7872b00de78128c7e4af, clickElement {id=353DC6E427DA3FC584361FC455F8F71E_element_50}]
Capabilities {acceptInsecureCerts: false, browserName: chrome, browserVersion: 115.0.5790.110, chrome: {chromedriverVersion: 114.0.5735.90 (386bc09e8f4f..., userDataDir: C:\Users\VENGAD~1\AppData\L...}, goog:chromeOptions: {debuggerAddress: localhost:60930}, networkConnectionEnabled: false, pageLoadStrategy: normal, platformName: WINDOWS, proxy: Proxy(), se:cdp: ws://localhost:60930/devtoo..., se:cdpVersion: 115.0.5790.110, setWindowRect: true, strictFileInteractability: false, timeouts: {implicit: 0, pageLoad: 300000, script: 30000}, unhandledPromptBehavior: dismiss and notify, webauthn:extension:credBlob: true, webauthn:extension:largeBlob: true, webauthn:extension:minPinLength: true, webauthn:extension:prf: true, webauthn:virtualAuthenticators: true}
Element: [[ChromeDriver: chrome on WINDOWS (aa0b0666193f7872b00de78128c7e4af)] -&amp;gt; xpath: (//div //img[@class=&amp;apos;mattersicon&amp;apos;])[1]]
Session ID: aa0b0666193f7872b00de78128c7e4af">
      <![CDATA[org.openqa.selenium.ElementClickInterceptedException: element click intercepted: Element is not clickable at point (35, -63)
  (Session info: chrome=115.0.5790.110)
Build info: version: '4.7.0', revision: '0a5b49d16f'
System info: os.name: 'Windows 10', os.arch: 'amd64', os.version: '10.0', java.version: '18.0.2.1'
Driver info: org.openqa.selenium.chrome.ChromeDriver
Command: [aa0b0666193f7872b00de78128c7e4af, clickElement {id=353DC6E427DA3FC584361FC455F8F71E_element_50}]
Capabilities {acceptInsecureCerts: false, browserName: chrome, browserVersion: 115.0.5790.110, chrome: {chromedriverVersion: 114.0.5735.90 (386bc09e8f4f..., userDataDir: C:\Users\VENGAD~1\AppData\L...}, goog:chromeOptions: {debuggerAddress: localhost:60930}, networkConnectionEnabled: false, pageLoadStrategy: normal, platformName: WINDOWS, proxy: Proxy(), se:cdp: ws://localhost:60930/devtoo..., se:cdpVersion: 115.0.5790.110, setWindowRect: true, strictFileInteractability: false, timeouts: {implicit: 0, pageLoad: 300000, script: 30000}, unhandledPromptBehavior: dismiss and notify, webauthn:extension:credBlob: true, webauthn:extension:largeBlob: true, webauthn:extension:minPinLength: true, webauthn:extension:prf: true, webauthn:virtualAuthenticators: true}
Element: [[ChromeDriver: chrome on WINDOWS (aa0b0666193f7872b00de78128c7e4af)] -> xpath: (//div //img[@class='mattersicon'])[1]]
Session ID: aa0b0666193f7872b00de78128c7e4af
at org.openqa.selenium.remote.codec.w3c.W3CHttpResponseCodec.createException(W3CHttpResponseCodec.java:200)
at org.openqa.selenium.remote.codec.w3c.W3CHttpResponseCodec.decode(W3CHttpResponseCodec.java:133)
at org.openqa.selenium.remote.codec.w3c.W3CHttpResponseCodec.decode(W3CHttpResponseCodec.java:53)
at org.openqa.selenium.remote.HttpCommandExecutor.execute(HttpCommandExecutor.java:184)
at org.openqa.selenium.remote.service.DriverCommandExecutor.invokeExecute(DriverCommandExecutor.java:167)
at org.openqa.selenium.remote.service.DriverCommandExecutor.execute(DriverCommandExecutor.java:142)
at org.openqa.selenium.remote.RemoteWebDriver.execute(RemoteWebDriver.java:541)
at org.openqa.selenium.remote.RemoteWebElement.execute(RemoteWebElement.java:257)
at org.openqa.selenium.remote.RemoteWebElement.click(RemoteWebElement.java:78)
at org.openqa.selenium.support.pagefactory.internal.LocatingElementHandler.invoke(LocatingElementHandler.java:52)
at jdk.proxy2/jdk.proxy2.$Proxy18.click(Unknown Source)
at com.pom.ViewMatterPOM.leftMatterTab(ViewMatterPOM.java:35)
at com.test.ViewMatterViewDetailsTest.selectDocumentOnRightSideWithSave(ViewMatterViewDetailsTest.java:158)
at java.base/java.util.ArrayList.forEach(ArrayList.java:1511)
... Removed 30 stack frames]]>
    </failure>
  </testcase> <!-- selectDocumentOnRightSideWithSave -->
  <testcase classname="com.test.ViewMatterViewDetailsTest" name="removeDocumentOnLeftSideWithSave" time="23.443">
    <failure type="org.openqa.selenium.TimeoutException" message="Expected condition failed: waiting for visibility of Proxy element for: DefaultElementLocator &amp;apos;By.xpath: //input[@placeholder=&amp;apos;Search Group&amp;apos;]&amp;apos; (tried for 10 second(s) with 500 milliseconds interval)">
      <![CDATA[org.openqa.selenium.TimeoutException: Expected condition failed: waiting for visibility of Proxy element for: DefaultElementLocator 'By.xpath: //input[@placeholder='Search Group']' (tried for 10 second(s) with 500 milliseconds interval)
at org.openqa.selenium.support.ui.WebDriverWait.timeoutException(WebDriverWait.java:87)
at org.openqa.selenium.support.ui.FluentWait.until(FluentWait.java:231)
at com.abst.Reusable.visibilityOfElementWait(Reusable.java:121)
at com.pom.ViewMatterPOM.searchBarFieldsandActionBtn(ViewMatterPOM.java:338)
at com.test.ViewMatterViewDetailsTest.removeDocumentOnLeftSideWithSave(ViewMatterViewDetailsTest.java:166)
at java.base/java.util.ArrayList.forEach(ArrayList.java:1511)
Caused by: org.openqa.selenium.NoSuchElementException: no such element: Unable to locate element: {"method":"xpath","selector":"//input[@placeholder='Search Group']"}
  (Session info: chrome=115.0.5790.110)
For documentation on this error, please visit: https://selenium.dev/exceptions/#no_such_element
Build info: version: '4.7.0', revision: '0a5b49d16f'
System info: os.name: 'Windows 10', os.arch: 'amd64', os.version: '10.0', java.version: '18.0.2.1'
Driver info: org.openqa.selenium.chrome.ChromeDriver
Command: [aa0b0666193f7872b00de78128c7e4af, findElement {using=xpath, value=//input[@placeholder='Search Group']}]
Capabilities {acceptInsecureCerts: false, browserName: chrome, browserVersion: 115.0.5790.110, chrome: {chromedriverVersion: 114.0.5735.90 (386bc09e8f4f..., userDataDir: C:\Users\VENGAD~1\AppData\L...}, goog:chromeOptions: {debuggerAddress: localhost:60930}, networkConnectionEnabled: false, pageLoadStrategy: normal, platformName: WINDOWS, proxy: Proxy(), se:cdp: ws://localhost:60930/devtoo..., se:cdpVersion: 115.0.5790.110, setWindowRect: true, strictFileInteractability: false, timeouts: {implicit: 0, pageLoad: 300000, script: 30000}, unhandledPromptBehavior: dismiss and notify, webauthn:extension:credBlob: true, webauthn:extension:largeBlob: true, webauthn:extension:minPinLength: true, webauthn:extension:prf: true, webauthn:virtualAuthenticators: true}
Session ID: aa0b0666193f7872b00de78128c7e4af
at org.openqa.selenium.remote.codec.w3c.W3CHttpResponseCodec.createException(W3CHttpResponseCodec.java:200)
at org.openqa.selenium.remote.codec.w3c.W3CHttpResponseCodec.decode(W3CHttpResponseCodec.java:133)
at org.openqa.selenium.remote.codec.w3c.W3CHttpResponseCodec.decode(W3CHttpResponseCodec.java:53)
at org.openqa.selenium.remote.HttpCommandExecutor.execute(HttpCommandExecutor.java:184)
at org.openqa.selenium.remote.service.DriverCommandExecutor.invokeExecute(DriverCommandExecutor.java:167)
at org.openqa.selenium.remote.service.DriverCommandExecutor.execute(DriverCommandExecutor.java:142)
at org.openqa.selenium.remote.RemoteWebDriver.execute(RemoteWebDriver.java:541)
at org.openqa.selenium.remote.ElementLocation$ElementFinder$2.findElement(ElementLocation.java:162)
at org.openqa.selenium.remote.ElementLocation.findElement(ElementLocation.java:60)
at org.openqa.selenium.remote.RemoteWebDriver.findElement(RemoteWebDriver.java:365)
at org.openqa.selenium.remote.RemoteWebDriver.findElement(RemoteWebDriver.java:357)
at org.openqa.selenium.support.pagefactory.DefaultElementLocator.findElement(DefaultElementLocator.java:70)
at org.openqa.selenium.support.pagefactory.internal.LocatingElementHandler.invoke(LocatingElementHandler.java:39)
at jdk.proxy2/jdk.proxy2.$Proxy18.isDisplayed(Unknown Source)
at org.openqa.selenium.support.ui.ExpectedConditions.elementIfVisible(ExpectedConditions.java:307)
at org.openqa.selenium.support.ui.ExpectedConditions.access$000(ExpectedConditions.java:40)
at org.openqa.selenium.support.ui.ExpectedConditions$10.apply(ExpectedConditions.java:293)
at org.openqa.selenium.support.ui.ExpectedConditions$10.apply(ExpectedConditions.java:290)
at org.openqa.selenium.support.ui.FluentWait.until(FluentWait.java:208)
... 29 more
... Removed 28 stack frames]]>
    </failure>
  </testcase> <!-- removeDocumentOnLeftSideWithSave -->
  <testcase classname="com.test.ViewMatterViewDetailsTest" name="selectAllClickCancel" time="26.271"/>
  <testcase classname="com.test.ViewMatterViewDetailsTest" name="selectAllClickSave" time="28.113"/>
  <testcase classname="com.test.ViewMatterViewDetailsTest" name="unSelectAllClickCancel" time="22.684">
    <failure type="java.lang.AssertionError" message="expected [true] but found [false]">
      <![CDATA[java.lang.AssertionError: expected [true] but found [false]
at com.pom.ViewMatterViewDetailsDocumentsPOM.checkSelectAllCheckboxIsUnSelected(ViewMatterViewDetailsDocumentsPOM.java:210)
at com.test.ViewMatterViewDetailsTest.unSelectAllClickCancel(ViewMatterViewDetailsTest.java:236)
at java.base/java.util.ArrayList.forEach(ArrayList.java:1511)
... Removed 29 stack frames]]>
    </failure>
  </testcase> <!-- unSelectAllClickCancel -->
  <testcase classname="com.test.ViewMatterViewDetailsTest" name="unSelectAllClickSave" time="22.288">
    <failure type="java.lang.AssertionError" message="expected [true] but found [false]">
      <![CDATA[java.lang.AssertionError: expected [true] but found [false]
at com.pom.ViewMatterViewDetailsDocumentsPOM.checkSelectAllCheckboxIsUnSelected(ViewMatterViewDetailsDocumentsPOM.java:210)
at com.test.ViewMatterViewDetailsTest.unSelectAllClickSave(ViewMatterViewDetailsTest.java:254)
at java.base/java.util.ArrayList.forEach(ArrayList.java:1511)
... Removed 29 stack frames]]>
    </failure>
  </testcase> <!-- unSelectAllClickSave -->
  <testcase classname="com.test.ViewMatterViewDetailsTest" name="browseAndUploadFilesAndCancel" time="42.88"/>
  <testcase classname="com.test.ViewMatterViewDetailsTest" name="browseandUploadFilesandRemoveDocumentWithCancelButton" time="51.324"/>
  <testcase classname="com.test.ViewMatterViewDetailsTest" name="browseandUploadFilesandRemoveDocumentWithNext" time="71.468"/>
  <testcase classname="com.test.ViewMatterViewDetailsTest" name="uploadFilesAndEnableWithSave" time="61.815"/>
  <testcase classname="com.test.ViewMatterViewDetailsTest" name="uploadFilestAndEnableWithCancel" time="51.559"/>
  <testcase classname="com.test.ViewMatterViewDetailsTest" name="uploadFilestAndDisableWithSave" time="59.228"/>
  <testcase classname="com.test.ViewMatterViewDetailsTest" name="uploadFilestAndDisableWithCancel" time="51.803"/>
  <testcase classname="com.test.ViewMatterViewDetailsTest" name="uploadFilesandRemoveMultipleDocumentAndEnableWithSave" time="72.171"/>
  <testcase classname="com.test.ViewMatterViewDetailsTest" name="uploadFilesandRemoveMultipleDocumentAndEnableWithCancel" time="39.003">
    <failure type="org.openqa.selenium.TimeoutException" message="Expected condition failed: waiting for visibility of all [Proxy element for: DefaultElementLocator &amp;apos;By.xpath: (//button[@id=&amp;apos;pills-profile-tab&amp;apos;])[2]&amp;apos;] (tried for 10 second(s) with 500 milliseconds interval)">
      <![CDATA[org.openqa.selenium.TimeoutException: Expected condition failed: waiting for visibility of all [Proxy element for: DefaultElementLocator 'By.xpath: (//button[@id='pills-profile-tab'])[2]'] (tried for 10 second(s) with 500 milliseconds interval)
at org.openqa.selenium.support.ui.WebDriverWait.timeoutException(WebDriverWait.java:87)
at org.openqa.selenium.support.ui.FluentWait.until(FluentWait.java:231)
at com.abst.Reusable.visibilityOfAllElements(Reusable.java:132)
at com.pom.ViewMatterViewDetailsDocumentsPOM.uploadNewBtn(ViewMatterViewDetailsDocumentsPOM.java:220)
at com.test.ViewMatterViewDetailsTest.uploadFilesandRemoveMultipleDocumentAndEnableWithCancel(ViewMatterViewDetailsTest.java:498)
at java.base/java.util.ArrayList.forEach(ArrayList.java:1511)
Caused by: org.openqa.selenium.NoSuchElementException: no such element: Unable to locate element: {"method":"xpath","selector":"(//button[@id='pills-profile-tab'])[2]"}
  (Session info: chrome=115.0.5790.110)
For documentation on this error, please visit: https://selenium.dev/exceptions/#no_such_element
Build info: version: '4.7.0', revision: '0a5b49d16f'
System info: os.name: 'Windows 10', os.arch: 'amd64', os.version: '10.0', java.version: '18.0.2.1'
Driver info: org.openqa.selenium.chrome.ChromeDriver
Command: [aa0b0666193f7872b00de78128c7e4af, findElement {using=xpath, value=(//button[@id='pills-profile-tab'])[2]}]
Capabilities {acceptInsecureCerts: false, browserName: chrome, browserVersion: 115.0.5790.110, chrome: {chromedriverVersion: 114.0.5735.90 (386bc09e8f4f..., userDataDir: C:\Users\VENGAD~1\AppData\L...}, goog:chromeOptions: {debuggerAddress: localhost:60930}, networkConnectionEnabled: false, pageLoadStrategy: normal, platformName: WINDOWS, proxy: Proxy(), se:cdp: ws://localhost:60930/devtoo..., se:cdpVersion: 115.0.5790.110, setWindowRect: true, strictFileInteractability: false, timeouts: {implicit: 0, pageLoad: 300000, script: 30000}, unhandledPromptBehavior: dismiss and notify, webauthn:extension:credBlob: true, webauthn:extension:largeBlob: true, webauthn:extension:minPinLength: true, webauthn:extension:prf: true, webauthn:virtualAuthenticators: true}
Session ID: aa0b0666193f7872b00de78128c7e4af
at org.openqa.selenium.remote.codec.w3c.W3CHttpResponseCodec.createException(W3CHttpResponseCodec.java:200)
at org.openqa.selenium.remote.codec.w3c.W3CHttpResponseCodec.decode(W3CHttpResponseCodec.java:133)
at org.openqa.selenium.remote.codec.w3c.W3CHttpResponseCodec.decode(W3CHttpResponseCodec.java:53)
at org.openqa.selenium.remote.HttpCommandExecutor.execute(HttpCommandExecutor.java:184)
at org.openqa.selenium.remote.service.DriverCommandExecutor.invokeExecute(DriverCommandExecutor.java:167)
at org.openqa.selenium.remote.service.DriverCommandExecutor.execute(DriverCommandExecutor.java:142)
at org.openqa.selenium.remote.RemoteWebDriver.execute(RemoteWebDriver.java:541)
at org.openqa.selenium.remote.ElementLocation$ElementFinder$2.findElement(ElementLocation.java:162)
at org.openqa.selenium.remote.ElementLocation.findElement(ElementLocation.java:60)
at org.openqa.selenium.remote.RemoteWebDriver.findElement(RemoteWebDriver.java:365)
at org.openqa.selenium.remote.RemoteWebDriver.findElement(RemoteWebDriver.java:357)
at org.openqa.selenium.support.pagefactory.DefaultElementLocator.findElement(DefaultElementLocator.java:70)
at org.openqa.selenium.support.pagefactory.internal.LocatingElementHandler.invoke(LocatingElementHandler.java:39)
at jdk.proxy2/jdk.proxy2.$Proxy18.isDisplayed(Unknown Source)
at org.openqa.selenium.support.ui.ExpectedConditions$9.apply(ExpectedConditions.java:267)
at org.openqa.selenium.support.ui.ExpectedConditions$9.apply(ExpectedConditions.java:263)
at org.openqa.selenium.support.ui.FluentWait.until(FluentWait.java:208)
... 29 more
... Removed 28 stack frames]]>
    </failure>
  </testcase> <!-- uploadFilesandRemoveMultipleDocumentAndEnableWithCancel -->
  <testcase classname="com.test.ViewMatterViewDetailsTest" name="uploadFilesandRemoveMultipleDocumentAndDisableWithSave" time="70.126"/>
  <testcase classname="com.test.ViewMatterViewDetailsTest" name="uploadFilesandRemoveMultipleDocumentAndDisableWithCancel" time="64.591"/>
  <testcase classname="com.test.ViewMatterViewDetailsTest" name="uploadFilesandEnableWithEditAllandSave" time="82.079"/>
  <testcase classname="com.test.ViewMatterViewDetailsTest" name="uploadFilesandEnableWithEditAllandCancel" time="89.145"/>
  <testcase classname="com.test.ViewMatterViewDetailsTest" name="uploadFilesandEnableWithEditDocumNameFieldOnlyandSave" time="74.952"/>
  <testcase classname="com.test.ViewMatterViewDetailsTest" name="uploadFilesandEnableWithEditDocumNameFieldOnlyandCancel" time="75.111"/>
  <testcase classname="com.test.ViewMatterViewDetailsTest" name="uploadFilesandEnableWithEditDescriptionFieldOnlyandCancel" time="67.633"/>
  <testcase classname="com.test.ViewMatterViewDetailsTest" name="uploadFilesandEnableWithexpirateDateFieldOnlyandSave" time="83.006"/>
  <testcase classname="com.test.ViewMatterViewDetailsTest" name="uploadFilesandEnableWithexpirateDateFieldOnlyandCancel" time="76.191"/>
  <testcase classname="com.test.ViewMatterViewDetailsTest" name="uploadFilesandEnableWithcombinedDocumentNamesandDateandSave" time="58.839">
    <failure type="java.lang.IndexOutOfBoundsException" message="Index 3 out of bounds for length 3">
      <![CDATA[java.lang.IndexOutOfBoundsException: Index 3 out of bounds for length 3
at java.base/jdk.internal.util.Preconditions.outOfBounds(Preconditions.java:100)
at java.base/jdk.internal.util.Preconditions.outOfBoundsCheckIndex(Preconditions.java:106)
at java.base/jdk.internal.util.Preconditions.checkIndex(Preconditions.java:302)
at java.base/java.util.Objects.checkIndex(Objects.java:359)
at java.base/java.util.ArrayList.get(ArrayList.java:427)
at org.openqa.selenium.support.pagefactory.internal.LocatingElementListHandler.invoke(LocatingElementListHandler.java:40)
at jdk.proxy2/jdk.proxy2.$Proxy19.get(Unknown Source)
at com.pom.ViewMatterViewDetailsDocumentsPOM.editDocumentNameandDateFields(ViewMatterViewDetailsDocumentsPOM.java:611)
at com.test.ViewMatterViewDetailsTest.uploadFilesandEnableWithcombinedDocumentNamesandDateandSave(ViewMatterViewDetailsTest.java:939)
at java.base/java.util.ArrayList.forEach(ArrayList.java:1511)
... Removed 27 stack frames]]>
    </failure>
  </testcase> <!-- uploadFilesandEnableWithcombinedDocumentNamesandDateandSave -->
  <testcase classname="com.test.ViewMatterViewDetailsTest" name="uploadFilesandEnableWithcombinedDocumentNamesandDateandCancel" time="88.079"/>
  <testcase classname="com.test.ViewMatterViewDetailsTest" name="uploadFilesandEnableWithcombinedDocumentNamesandDescriptionandSave" time="59.703">
    <failure type="java.lang.IndexOutOfBoundsException" message="Index 3 out of bounds for length 3">
      <![CDATA[java.lang.IndexOutOfBoundsException: Index 3 out of bounds for length 3
at java.base/jdk.internal.util.Preconditions.outOfBounds(Preconditions.java:100)
at java.base/jdk.internal.util.Preconditions.outOfBoundsCheckIndex(Preconditions.java:106)
at java.base/jdk.internal.util.Preconditions.checkIndex(Preconditions.java:302)
at java.base/java.util.Objects.checkIndex(Objects.java:359)
at java.base/java.util.ArrayList.get(ArrayList.java:427)
at org.openqa.selenium.support.pagefactory.internal.LocatingElementListHandler.invoke(LocatingElementListHandler.java:40)
at jdk.proxy2/jdk.proxy2.$Proxy19.get(Unknown Source)
at com.pom.ViewMatterViewDetailsDocumentsPOM.editDocumentNameandDescriptionFields(ViewMatterViewDetailsDocumentsPOM.java:627)
at com.test.ViewMatterViewDetailsTest.uploadFilesandEnableWithcombinedDocumentNamesandDescriptionandSave(ViewMatterViewDetailsTest.java:1023)
at java.base/java.util.ArrayList.forEach(ArrayList.java:1511)
... Removed 27 stack frames]]>
    </failure>
  </testcase> <!-- uploadFilesandEnableWithcombinedDocumentNamesandDescriptionandSave -->
  <testcase classname="com.test.ViewMatterViewDetailsTest" name="uploadFilesandEnableWithcombinedDocumentNamesandDescriptionandCancel" time="72.594"/>
  <testcase classname="com.test.ViewMatterViewDetailsTest" name="uploadFilesandEnableWithcombinedDateandDescriptionandSave" time="87.96"/>
  <testcase classname="com.test.ViewMatterViewDetailsTest" name="uploadFilesandEnableWithcombinedDateandDescriptionandCancel" time="80.508"/>
  <testcase classname="com.test.ViewMatterViewDetailsTest" name="uploadFilesandDisableWithEditAllandSave" time="61.267">
    <failure type="java.lang.IndexOutOfBoundsException" message="Index 3 out of bounds for length 3">
      <![CDATA[java.lang.IndexOutOfBoundsException: Index 3 out of bounds for length 3
at java.base/jdk.internal.util.Preconditions.outOfBounds(Preconditions.java:100)
at java.base/jdk.internal.util.Preconditions.outOfBoundsCheckIndex(Preconditions.java:106)
at java.base/jdk.internal.util.Preconditions.checkIndex(Preconditions.java:302)
at java.base/java.util.Objects.checkIndex(Objects.java:359)
at java.base/java.util.ArrayList.get(ArrayList.java:427)
at org.openqa.selenium.support.pagefactory.internal.LocatingElementListHandler.invoke(LocatingElementListHandler.java:40)
at jdk.proxy2/jdk.proxy2.$Proxy19.get(Unknown Source)
at com.pom.ViewMatterViewDetailsDocumentsPOM.editAllField(ViewMatterViewDetailsDocumentsPOM.java:546)
at com.test.ViewMatterViewDetailsTest.uploadFilesandDisableWithEditAllandSave(ViewMatterViewDetailsTest.java:1196)
at java.base/java.util.ArrayList.forEach(ArrayList.java:1511)
... Removed 27 stack frames]]>
    </failure>
  </testcase> <!-- uploadFilesandDisableWithEditAllandSave -->
  <testcase classname="com.test.ViewMatterViewDetailsTest" name="uploadFilesandDisableWithEditAllandCancel" time="90.035"/>
  <testcase classname="com.test.ViewMatterViewDetailsTest" name="uploadFilesandDisableWithEditDocumNameFieldOnlyandSave" time="73.064"/>
  <testcase classname="com.test.ViewMatterViewDetailsTest" name="uploadFilesandDisableWithEditDocumNameFieldOnlyandCancel" time="76.174"/>
  <testcase classname="com.test.ViewMatterViewDetailsTest" name="uploadFilesandDisableWithEditDescriptionFieldOnlyandSave" time="48.734">
    <failure type="java.lang.IndexOutOfBoundsException" message="Index 3 out of bounds for length 3">
      <![CDATA[java.lang.IndexOutOfBoundsException: Index 3 out of bounds for length 3
at java.base/jdk.internal.util.Preconditions.outOfBounds(Preconditions.java:100)
at java.base/jdk.internal.util.Preconditions.outOfBoundsCheckIndex(Preconditions.java:106)
at java.base/jdk.internal.util.Preconditions.checkIndex(Preconditions.java:302)
at java.base/java.util.Objects.checkIndex(Objects.java:359)
at java.base/java.util.ArrayList.get(ArrayList.java:427)
at org.openqa.selenium.support.pagefactory.internal.LocatingElementListHandler.invoke(LocatingElementListHandler.java:40)
at jdk.proxy2/jdk.proxy2.$Proxy19.get(Unknown Source)
at com.pom.ViewMatterViewDetailsDocumentsPOM.editDocumentNameField(ViewMatterViewDetailsDocumentsPOM.java:561)
at com.test.ViewMatterViewDetailsTest.uploadFilesandDisableWithEditDescriptionFieldOnlyandSave(ViewMatterViewDetailsTest.java:1366)
at java.base/java.util.ArrayList.forEach(ArrayList.java:1511)
... Removed 27 stack frames]]>
    </failure>
  </testcase> <!-- uploadFilesandDisableWithEditDescriptionFieldOnlyandSave -->
  <testcase classname="com.test.ViewMatterViewDetailsTest" name="uploadFilesandDisableWithEditDescriptionFieldOnlyandCancel" time="69.137"/>
  <testcase classname="com.test.ViewMatterViewDetailsTest" name="uploadFilesandDisableWithexpirateDateFieldOnlyandSave" time="85.024"/>
  <testcase classname="com.test.ViewMatterViewDetailsTest" name="uploadFilesandDisableWithexpirateDateFieldOnlyandCancel" time="77.528"/>
  <testcase classname="com.test.ViewMatterViewDetailsTest" name="uploadFilesandDisableWithcombinedDocumentNamesandDateandSave" time="60.543">
    <failure type="java.lang.IndexOutOfBoundsException" message="Index 3 out of bounds for length 3">
      <![CDATA[java.lang.IndexOutOfBoundsException: Index 3 out of bounds for length 3
at java.base/jdk.internal.util.Preconditions.outOfBounds(Preconditions.java:100)
at java.base/jdk.internal.util.Preconditions.outOfBoundsCheckIndex(Preconditions.java:106)
at java.base/jdk.internal.util.Preconditions.checkIndex(Preconditions.java:302)
at java.base/java.util.Objects.checkIndex(Objects.java:359)
at java.base/java.util.ArrayList.get(ArrayList.java:427)
at org.openqa.selenium.support.pagefactory.internal.LocatingElementListHandler.invoke(LocatingElementListHandler.java:40)
at jdk.proxy2/jdk.proxy2.$Proxy19.get(Unknown Source)
at com.pom.ViewMatterViewDetailsDocumentsPOM.editDocumentNameandDateFields(ViewMatterViewDetailsDocumentsPOM.java:611)
at com.test.ViewMatterViewDetailsTest.uploadFilesandDisableWithcombinedDocumentNamesandDateandSave(ViewMatterViewDetailsTest.java:1540)
at java.base/java.util.ArrayList.forEach(ArrayList.java:1511)
... Removed 27 stack frames]]>
    </failure>
  </testcase> <!-- uploadFilesandDisableWithcombinedDocumentNamesandDateandSave -->
  <testcase classname="com.test.ViewMatterViewDetailsTest" name="uploadFilesandDisableWithcombinedDocumentNamesandDateandCancel" time="89.462"/>
  <testcase classname="com.test.ViewMatterViewDetailsTest" name="uploadFilesandDisableWithcombinedDocumentNamesandDescriptionandSave" time="61.094">
    <failure type="java.lang.IndexOutOfBoundsException" message="Index 3 out of bounds for length 3">
      <![CDATA[java.lang.IndexOutOfBoundsException: Index 3 out of bounds for length 3
at java.base/jdk.internal.util.Preconditions.outOfBounds(Preconditions.java:100)
at java.base/jdk.internal.util.Preconditions.outOfBoundsCheckIndex(Preconditions.java:106)
at java.base/jdk.internal.util.Preconditions.checkIndex(Preconditions.java:302)
at java.base/java.util.Objects.checkIndex(Objects.java:359)
at java.base/java.util.ArrayList.get(ArrayList.java:427)
at org.openqa.selenium.support.pagefactory.internal.LocatingElementListHandler.invoke(LocatingElementListHandler.java:40)
at jdk.proxy2/jdk.proxy2.$Proxy19.get(Unknown Source)
at com.pom.ViewMatterViewDetailsDocumentsPOM.editDocumentNameandDescriptionFields(ViewMatterViewDetailsDocumentsPOM.java:627)
at com.test.ViewMatterViewDetailsTest.uploadFilesandDisableWithcombinedDocumentNamesandDescriptionandSave(ViewMatterViewDetailsTest.java:1628)
at java.base/java.util.ArrayList.forEach(ArrayList.java:1511)
... Removed 27 stack frames]]>
    </failure>
  </testcase> <!-- uploadFilesandDisableWithcombinedDocumentNamesandDescriptionandSave -->
  <testcase classname="com.test.ViewMatterViewDetailsTest" name="uploadFilesandDisableWithcombinedDocumentNamesandDescriptionandCancel" time="73.742"/>
  <testcase classname="com.test.ViewMatterViewDetailsTest" name="uploadFilesandDisableWithcombinedDateandDescriptionandSave" time="89.245"/>
  <testcase classname="com.test.ViewMatterViewDetailsTest" name="uploadFilesandDisableWithcombinedDateandDescriptionandCancel" time="82.188"/>
  <testcase classname="com.test.ViewMatterViewDetailsTest" name="uploadFilesandEnableWithMultipleAddTagsandSave" time="43.198">
    <failure type="org.openqa.selenium.TimeoutException" message="Expected condition failed: waiting for visibility of Proxy element for: DefaultElementLocator &amp;apos;By.xpath: //ul[@class=&amp;apos;dropdown-menu custom-dropdown show&amp;apos;] //li[1]&amp;apos; (tried for 10 second(s) with 500 milliseconds interval)">
      <![CDATA[org.openqa.selenium.TimeoutException: Expected condition failed: waiting for visibility of Proxy element for: DefaultElementLocator 'By.xpath: //ul[@class='dropdown-menu custom-dropdown show'] //li[1]' (tried for 10 second(s) with 500 milliseconds interval)
at org.openqa.selenium.support.ui.WebDriverWait.timeoutException(WebDriverWait.java:87)
at org.openqa.selenium.support.ui.FluentWait.until(FluentWait.java:231)
at com.abst.Reusable.visibilityOfElementWait(Reusable.java:121)
at com.pom.ViewMatterViewDetailsPOM.viewDetailsBtn(ViewMatterViewDetailsPOM.java:30)
at com.test.ViewMatterViewDetailsTest.uploadFilesandEnableWithMultipleAddTagsandSave(ViewMatterViewDetailsTest.java:1786)
at java.base/java.util.ArrayList.forEach(ArrayList.java:1511)
Caused by: org.openqa.selenium.NoSuchElementException: no such element: Unable to locate element: {"method":"xpath","selector":"//ul[@class='dropdown-menu custom-dropdown show'] //li[1]"}
  (Session info: chrome=115.0.5790.110)
For documentation on this error, please visit: https://selenium.dev/exceptions/#no_such_element
Build info: version: '4.7.0', revision: '0a5b49d16f'
System info: os.name: 'Windows 10', os.arch: 'amd64', os.version: '10.0', java.version: '18.0.2.1'
Driver info: org.openqa.selenium.chrome.ChromeDriver
Command: [aa0b0666193f7872b00de78128c7e4af, findElement {using=xpath, value=//ul[@class='dropdown-menu custom-dropdown show'] //li[1]}]
Capabilities {acceptInsecureCerts: false, browserName: chrome, browserVersion: 115.0.5790.110, chrome: {chromedriverVersion: 114.0.5735.90 (386bc09e8f4f..., userDataDir: C:\Users\VENGAD~1\AppData\L...}, goog:chromeOptions: {debuggerAddress: localhost:60930}, networkConnectionEnabled: false, pageLoadStrategy: normal, platformName: WINDOWS, proxy: Proxy(), se:cdp: ws://localhost:60930/devtoo..., se:cdpVersion: 115.0.5790.110, setWindowRect: true, strictFileInteractability: false, timeouts: {implicit: 0, pageLoad: 300000, script: 30000}, unhandledPromptBehavior: dismiss and notify, webauthn:extension:credBlob: true, webauthn:extension:largeBlob: true, webauthn:extension:minPinLength: true, webauthn:extension:prf: true, webauthn:virtualAuthenticators: true}
Session ID: aa0b0666193f7872b00de78128c7e4af
at org.openqa.selenium.remote.codec.w3c.W3CHttpResponseCodec.createException(W3CHttpResponseCodec.java:200)
at org.openqa.selenium.remote.codec.w3c.W3CHttpResponseCodec.decode(W3CHttpResponseCodec.java:133)
at org.openqa.selenium.remote.codec.w3c.W3CHttpResponseCodec.decode(W3CHttpResponseCodec.java:53)
at org.openqa.selenium.remote.HttpCommandExecutor.execute(HttpCommandExecutor.java:184)
at org.openqa.selenium.remote.service.DriverCommandExecutor.invokeExecute(DriverCommandExecutor.java:167)
at org.openqa.selenium.remote.service.DriverCommandExecutor.execute(DriverCommandExecutor.java:142)
at org.openqa.selenium.remote.RemoteWebDriver.execute(RemoteWebDriver.java:541)
at org.openqa.selenium.remote.ElementLocation$ElementFinder$2.findElement(ElementLocation.java:162)
at org.openqa.selenium.remote.ElementLocation.findElement(ElementLocation.java:60)
at org.openqa.selenium.remote.RemoteWebDriver.findElement(RemoteWebDriver.java:365)
at org.openqa.selenium.remote.RemoteWebDriver.findElement(RemoteWebDriver.java:357)
at org.openqa.selenium.support.pagefactory.DefaultElementLocator.findElement(DefaultElementLocator.java:70)
at org.openqa.selenium.support.pagefactory.internal.LocatingElementHandler.invoke(LocatingElementHandler.java:39)
at jdk.proxy2/jdk.proxy2.$Proxy18.isDisplayed(Unknown Source)
at org.openqa.selenium.support.ui.ExpectedConditions.elementIfVisible(ExpectedConditions.java:307)
at org.openqa.selenium.support.ui.ExpectedConditions.access$000(ExpectedConditions.java:40)
at org.openqa.selenium.support.ui.ExpectedConditions$10.apply(ExpectedConditions.java:293)
at org.openqa.selenium.support.ui.ExpectedConditions$10.apply(ExpectedConditions.java:290)
at org.openqa.selenium.support.ui.FluentWait.until(FluentWait.java:208)
... 29 more
... Removed 28 stack frames]]>
    </failure>
  </testcase> <!-- uploadFilesandEnableWithMultipleAddTagsandSave -->
  <testcase classname="com.test.ViewMatterViewDetailsTest" name="uploadFilesandEnableWithMultipleAddTagsandCancel" time="43.254">
    <failure type="org.openqa.selenium.TimeoutException" message="Expected condition failed: waiting for visibility of Proxy element for: DefaultElementLocator &amp;apos;By.xpath: //ul[@class=&amp;apos;dropdown-menu custom-dropdown show&amp;apos;] //li[1]&amp;apos; (tried for 10 second(s) with 500 milliseconds interval)">
      <![CDATA[org.openqa.selenium.TimeoutException: Expected condition failed: waiting for visibility of Proxy element for: DefaultElementLocator 'By.xpath: //ul[@class='dropdown-menu custom-dropdown show'] //li[1]' (tried for 10 second(s) with 500 milliseconds interval)
at org.openqa.selenium.support.ui.WebDriverWait.timeoutException(WebDriverWait.java:87)
at org.openqa.selenium.support.ui.FluentWait.until(FluentWait.java:231)
at com.abst.Reusable.visibilityOfElementWait(Reusable.java:121)
at com.pom.ViewMatterViewDetailsPOM.viewDetailsBtn(ViewMatterViewDetailsPOM.java:30)
at com.test.ViewMatterViewDetailsTest.uploadFilesandEnableWithMultipleAddTagsandCancel(ViewMatterViewDetailsTest.java:1834)
at java.base/java.util.ArrayList.forEach(ArrayList.java:1511)
Caused by: org.openqa.selenium.NoSuchElementException: no such element: Unable to locate element: {"method":"xpath","selector":"//ul[@class='dropdown-menu custom-dropdown show'] //li[1]"}
  (Session info: chrome=115.0.5790.110)
For documentation on this error, please visit: https://selenium.dev/exceptions/#no_such_element
Build info: version: '4.7.0', revision: '0a5b49d16f'
System info: os.name: 'Windows 10', os.arch: 'amd64', os.version: '10.0', java.version: '18.0.2.1'
Driver info: org.openqa.selenium.chrome.ChromeDriver
Command: [aa0b0666193f7872b00de78128c7e4af, findElement {using=xpath, value=//ul[@class='dropdown-menu custom-dropdown show'] //li[1]}]
Capabilities {acceptInsecureCerts: false, browserName: chrome, browserVersion: 115.0.5790.110, chrome: {chromedriverVersion: 114.0.5735.90 (386bc09e8f4f..., userDataDir: C:\Users\VENGAD~1\AppData\L...}, goog:chromeOptions: {debuggerAddress: localhost:60930}, networkConnectionEnabled: false, pageLoadStrategy: normal, platformName: WINDOWS, proxy: Proxy(), se:cdp: ws://localhost:60930/devtoo..., se:cdpVersion: 115.0.5790.110, setWindowRect: true, strictFileInteractability: false, timeouts: {implicit: 0, pageLoad: 300000, script: 30000}, unhandledPromptBehavior: dismiss and notify, webauthn:extension:credBlob: true, webauthn:extension:largeBlob: true, webauthn:extension:minPinLength: true, webauthn:extension:prf: true, webauthn:virtualAuthenticators: true}
Session ID: aa0b0666193f7872b00de78128c7e4af
at org.openqa.selenium.remote.codec.w3c.W3CHttpResponseCodec.createException(W3CHttpResponseCodec.java:200)
at org.openqa.selenium.remote.codec.w3c.W3CHttpResponseCodec.decode(W3CHttpResponseCodec.java:133)
at org.openqa.selenium.remote.codec.w3c.W3CHttpResponseCodec.decode(W3CHttpResponseCodec.java:53)
at org.openqa.selenium.remote.HttpCommandExecutor.execute(HttpCommandExecutor.java:184)
at org.openqa.selenium.remote.service.DriverCommandExecutor.invokeExecute(DriverCommandExecutor.java:167)
at org.openqa.selenium.remote.service.DriverCommandExecutor.execute(DriverCommandExecutor.java:142)
at org.openqa.selenium.remote.RemoteWebDriver.execute(RemoteWebDriver.java:541)
at org.openqa.selenium.remote.ElementLocation$ElementFinder$2.findElement(ElementLocation.java:162)
at org.openqa.selenium.remote.ElementLocation.findElement(ElementLocation.java:60)
at org.openqa.selenium.remote.RemoteWebDriver.findElement(RemoteWebDriver.java:365)
at org.openqa.selenium.remote.RemoteWebDriver.findElement(RemoteWebDriver.java:357)
at org.openqa.selenium.support.pagefactory.DefaultElementLocator.findElement(DefaultElementLocator.java:70)
at org.openqa.selenium.support.pagefactory.internal.LocatingElementHandler.invoke(LocatingElementHandler.java:39)
at jdk.proxy2/jdk.proxy2.$Proxy18.isDisplayed(Unknown Source)
at org.openqa.selenium.support.ui.ExpectedConditions.elementIfVisible(ExpectedConditions.java:307)
at org.openqa.selenium.support.ui.ExpectedConditions.access$000(ExpectedConditions.java:40)
at org.openqa.selenium.support.ui.ExpectedConditions$10.apply(ExpectedConditions.java:293)
at org.openqa.selenium.support.ui.ExpectedConditions$10.apply(ExpectedConditions.java:290)
at org.openqa.selenium.support.ui.FluentWait.until(FluentWait.java:208)
... 29 more
... Removed 28 stack frames]]>
    </failure>
  </testcase> <!-- uploadFilesandEnableWithMultipleAddTagsandCancel -->
  <testcase classname="com.test.ViewMatterViewDetailsTest" name="uploadFilesandEnableWithAddTagsSelectAllandSave" time="43.243">
    <failure type="org.openqa.selenium.TimeoutException" message="Expected condition failed: waiting for visibility of Proxy element for: DefaultElementLocator &amp;apos;By.xpath: //ul[@class=&amp;apos;dropdown-menu custom-dropdown show&amp;apos;] //li[1]&amp;apos; (tried for 10 second(s) with 500 milliseconds interval)">
      <![CDATA[org.openqa.selenium.TimeoutException: Expected condition failed: waiting for visibility of Proxy element for: DefaultElementLocator 'By.xpath: //ul[@class='dropdown-menu custom-dropdown show'] //li[1]' (tried for 10 second(s) with 500 milliseconds interval)
at org.openqa.selenium.support.ui.WebDriverWait.timeoutException(WebDriverWait.java:87)
at org.openqa.selenium.support.ui.FluentWait.until(FluentWait.java:231)
at com.abst.Reusable.visibilityOfElementWait(Reusable.java:121)
at com.pom.ViewMatterViewDetailsPOM.viewDetailsBtn(ViewMatterViewDetailsPOM.java:30)
at com.test.ViewMatterViewDetailsTest.uploadFilesandEnableWithAddTagsSelectAllandSave(ViewMatterViewDetailsTest.java:1870)
at java.base/java.util.ArrayList.forEach(ArrayList.java:1511)
Caused by: org.openqa.selenium.NoSuchElementException: no such element: Unable to locate element: {"method":"xpath","selector":"//ul[@class='dropdown-menu custom-dropdown show'] //li[1]"}
  (Session info: chrome=115.0.5790.110)
For documentation on this error, please visit: https://selenium.dev/exceptions/#no_such_element
Build info: version: '4.7.0', revision: '0a5b49d16f'
System info: os.name: 'Windows 10', os.arch: 'amd64', os.version: '10.0', java.version: '18.0.2.1'
Driver info: org.openqa.selenium.chrome.ChromeDriver
Command: [aa0b0666193f7872b00de78128c7e4af, findElement {using=xpath, value=//ul[@class='dropdown-menu custom-dropdown show'] //li[1]}]
Capabilities {acceptInsecureCerts: false, browserName: chrome, browserVersion: 115.0.5790.110, chrome: {chromedriverVersion: 114.0.5735.90 (386bc09e8f4f..., userDataDir: C:\Users\VENGAD~1\AppData\L...}, goog:chromeOptions: {debuggerAddress: localhost:60930}, networkConnectionEnabled: false, pageLoadStrategy: normal, platformName: WINDOWS, proxy: Proxy(), se:cdp: ws://localhost:60930/devtoo..., se:cdpVersion: 115.0.5790.110, setWindowRect: true, strictFileInteractability: false, timeouts: {implicit: 0, pageLoad: 300000, script: 30000}, unhandledPromptBehavior: dismiss and notify, webauthn:extension:credBlob: true, webauthn:extension:largeBlob: true, webauthn:extension:minPinLength: true, webauthn:extension:prf: true, webauthn:virtualAuthenticators: true}
Session ID: aa0b0666193f7872b00de78128c7e4af
at org.openqa.selenium.remote.codec.w3c.W3CHttpResponseCodec.createException(W3CHttpResponseCodec.java:200)
at org.openqa.selenium.remote.codec.w3c.W3CHttpResponseCodec.decode(W3CHttpResponseCodec.java:133)
at org.openqa.selenium.remote.codec.w3c.W3CHttpResponseCodec.decode(W3CHttpResponseCodec.java:53)
at org.openqa.selenium.remote.HttpCommandExecutor.execute(HttpCommandExecutor.java:184)
at org.openqa.selenium.remote.service.DriverCommandExecutor.invokeExecute(DriverCommandExecutor.java:167)
at org.openqa.selenium.remote.service.DriverCommandExecutor.execute(DriverCommandExecutor.java:142)
at org.openqa.selenium.remote.RemoteWebDriver.execute(RemoteWebDriver.java:541)
at org.openqa.selenium.remote.ElementLocation$ElementFinder$2.findElement(ElementLocation.java:162)
at org.openqa.selenium.remote.ElementLocation.findElement(ElementLocation.java:60)
at org.openqa.selenium.remote.RemoteWebDriver.findElement(RemoteWebDriver.java:365)
at org.openqa.selenium.remote.RemoteWebDriver.findElement(RemoteWebDriver.java:357)
at org.openqa.selenium.support.pagefactory.DefaultElementLocator.findElement(DefaultElementLocator.java:70)
at org.openqa.selenium.support.pagefactory.internal.LocatingElementHandler.invoke(LocatingElementHandler.java:39)
at jdk.proxy2/jdk.proxy2.$Proxy18.isDisplayed(Unknown Source)
at org.openqa.selenium.support.ui.ExpectedConditions.elementIfVisible(ExpectedConditions.java:307)
at org.openqa.selenium.support.ui.ExpectedConditions.access$000(ExpectedConditions.java:40)
at org.openqa.selenium.support.ui.ExpectedConditions$10.apply(ExpectedConditions.java:293)
at org.openqa.selenium.support.ui.ExpectedConditions$10.apply(ExpectedConditions.java:290)
at org.openqa.selenium.support.ui.FluentWait.until(FluentWait.java:208)
... 29 more
... Removed 28 stack frames]]>
    </failure>
  </testcase> <!-- uploadFilesandEnableWithAddTagsSelectAllandSave -->
  <testcase classname="com.test.ViewMatterViewDetailsTest" name="uploadFilesandEnableWithAddTagsSelectAllandCancel" time="25.733">
    <failure type="org.openqa.selenium.NoSuchWindowException" message="no such window: target window already closed
from unknown error: web view not found
  (Session info: chrome=115.0.5790.110)
Build info: version: &amp;apos;4.7.0&amp;apos;, revision: &amp;apos;0a5b49d16f&amp;apos;
System info: os.name: &amp;apos;Windows 10&amp;apos;, os.arch: &amp;apos;amd64&amp;apos;, os.version: &amp;apos;10.0&amp;apos;, java.version: &amp;apos;18.0.2.1&amp;apos;
Driver info: org.openqa.selenium.chrome.ChromeDriver
Command: [aa0b0666193f7872b00de78128c7e4af, executeScript {script=window.scrollTo(0,0), args=[]}]
Capabilities {acceptInsecureCerts: false, browserName: chrome, browserVersion: 115.0.5790.110, chrome: {chromedriverVersion: 114.0.5735.90 (386bc09e8f4f..., userDataDir: C:\Users\VENGAD~1\AppData\L...}, goog:chromeOptions: {debuggerAddress: localhost:60930}, networkConnectionEnabled: false, pageLoadStrategy: normal, platformName: WINDOWS, proxy: Proxy(), se:cdp: ws://localhost:60930/devtoo..., se:cdpVersion: 115.0.5790.110, setWindowRect: true, strictFileInteractability: false, timeouts: {implicit: 0, pageLoad: 300000, script: 30000}, unhandledPromptBehavior: dismiss and notify, webauthn:extension:credBlob: true, webauthn:extension:largeBlob: true, webauthn:extension:minPinLength: true, webauthn:extension:prf: true, webauthn:virtualAuthenticators: true}
Session ID: aa0b0666193f7872b00de78128c7e4af">
      <![CDATA[org.openqa.selenium.NoSuchWindowException: no such window: target window already closed
from unknown error: web view not found
  (Session info: chrome=115.0.5790.110)
Build info: version: '4.7.0', revision: '0a5b49d16f'
System info: os.name: 'Windows 10', os.arch: 'amd64', os.version: '10.0', java.version: '18.0.2.1'
Driver info: org.openqa.selenium.chrome.ChromeDriver
Command: [aa0b0666193f7872b00de78128c7e4af, executeScript {script=window.scrollTo(0,0), args=[]}]
Capabilities {acceptInsecureCerts: false, browserName: chrome, browserVersion: 115.0.5790.110, chrome: {chromedriverVersion: 114.0.5735.90 (386bc09e8f4f..., userDataDir: C:\Users\VENGAD~1\AppData\L...}, goog:chromeOptions: {debuggerAddress: localhost:60930}, networkConnectionEnabled: false, pageLoadStrategy: normal, platformName: WINDOWS, proxy: Proxy(), se:cdp: ws://localhost:60930/devtoo..., se:cdpVersion: 115.0.5790.110, setWindowRect: true, strictFileInteractability: false, timeouts: {implicit: 0, pageLoad: 300000, script: 30000}, unhandledPromptBehavior: dismiss and notify, webauthn:extension:credBlob: true, webauthn:extension:largeBlob: true, webauthn:extension:minPinLength: true, webauthn:extension:prf: true, webauthn:virtualAuthenticators: true}
Session ID: aa0b0666193f7872b00de78128c7e4af
at org.openqa.selenium.remote.codec.w3c.W3CHttpResponseCodec.createException(W3CHttpResponseCodec.java:200)
at org.openqa.selenium.remote.codec.w3c.W3CHttpResponseCodec.decode(W3CHttpResponseCodec.java:133)
at org.openqa.selenium.remote.codec.w3c.W3CHttpResponseCodec.decode(W3CHttpResponseCodec.java:53)
at org.openqa.selenium.remote.HttpCommandExecutor.execute(HttpCommandExecutor.java:184)
at org.openqa.selenium.remote.service.DriverCommandExecutor.invokeExecute(DriverCommandExecutor.java:167)
at org.openqa.selenium.remote.service.DriverCommandExecutor.execute(DriverCommandExecutor.java:142)
at org.openqa.selenium.remote.RemoteWebDriver.execute(RemoteWebDriver.java:541)
at org.openqa.selenium.remote.RemoteWebDriver.executeScript(RemoteWebDriver.java:478)
at com.abst.Reusable.pageUp1(Reusable.java:115)
at com.pom.ViewMatterPOM.leftMatterTab(ViewMatterPOM.java:32)
at com.test.ViewMatterViewDetailsTest.uploadFilesandEnableWithAddTagsSelectAllandCancel(ViewMatterViewDetailsTest.java:1925)
at java.base/java.util.ArrayList.forEach(ArrayList.java:1511)
... Removed 28 stack frames]]>
    </failure>
  </testcase> <!-- uploadFilesandEnableWithAddTagsSelectAllandCancel -->
  <testcase classname="com.test.ViewMatterViewDetailsTest" name="uploadFilesandEnableWithAddTagsSelectAllandCancel" time="25.746">
    <failure type="org.openqa.selenium.NoSuchWindowException" message="no such window: target window already closed
from unknown error: web view not found
  (Session info: chrome=115.0.5790.110)
Build info: version: &amp;apos;4.7.0&amp;apos;, revision: &amp;apos;0a5b49d16f&amp;apos;
System info: os.name: &amp;apos;Windows 10&amp;apos;, os.arch: &amp;apos;amd64&amp;apos;, os.version: &amp;apos;10.0&amp;apos;, java.version: &amp;apos;18.0.2.1&amp;apos;
Driver info: org.openqa.selenium.chrome.ChromeDriver
Command: [aa0b0666193f7872b00de78128c7e4af, screenshot {}]
Capabilities {acceptInsecureCerts: false, browserName: chrome, browserVersion: 115.0.5790.110, chrome: {chromedriverVersion: 114.0.5735.90 (386bc09e8f4f..., userDataDir: C:\Users\VENGAD~1\AppData\L...}, goog:chromeOptions: {debuggerAddress: localhost:60930}, networkConnectionEnabled: false, pageLoadStrategy: normal, platformName: WINDOWS, proxy: Proxy(), se:cdp: ws://localhost:60930/devtoo..., se:cdpVersion: 115.0.5790.110, setWindowRect: true, strictFileInteractability: false, timeouts: {implicit: 0, pageLoad: 300000, script: 30000}, unhandledPromptBehavior: dismiss and notify, webauthn:extension:credBlob: true, webauthn:extension:largeBlob: true, webauthn:extension:minPinLength: true, webauthn:extension:prf: true, webauthn:virtualAuthenticators: true}
Session ID: aa0b0666193f7872b00de78128c7e4af">
      <![CDATA[org.openqa.selenium.NoSuchWindowException: no such window: target window already closed
from unknown error: web view not found
  (Session info: chrome=115.0.5790.110)
Build info: version: '4.7.0', revision: '0a5b49d16f'
System info: os.name: 'Windows 10', os.arch: 'amd64', os.version: '10.0', java.version: '18.0.2.1'
Driver info: org.openqa.selenium.chrome.ChromeDriver
Command: [aa0b0666193f7872b00de78128c7e4af, screenshot {}]
Capabilities {acceptInsecureCerts: false, browserName: chrome, browserVersion: 115.0.5790.110, chrome: {chromedriverVersion: 114.0.5735.90 (386bc09e8f4f..., userDataDir: C:\Users\VENGAD~1\AppData\L...}, goog:chromeOptions: {debuggerAddress: localhost:60930}, networkConnectionEnabled: false, pageLoadStrategy: normal, platformName: WINDOWS, proxy: Proxy(), se:cdp: ws://localhost:60930/devtoo..., se:cdpVersion: 115.0.5790.110, setWindowRect: true, strictFileInteractability: false, timeouts: {implicit: 0, pageLoad: 300000, script: 30000}, unhandledPromptBehavior: dismiss and notify, webauthn:extension:credBlob: true, webauthn:extension:largeBlob: true, webauthn:extension:minPinLength: true, webauthn:extension:prf: true, webauthn:virtualAuthenticators: true}
Session ID: aa0b0666193f7872b00de78128c7e4af
at org.openqa.selenium.remote.codec.w3c.W3CHttpResponseCodec.createException(W3CHttpResponseCodec.java:200)
at org.openqa.selenium.remote.codec.w3c.W3CHttpResponseCodec.decode(W3CHttpResponseCodec.java:133)
at org.openqa.selenium.remote.codec.w3c.W3CHttpResponseCodec.decode(W3CHttpResponseCodec.java:53)
at org.openqa.selenium.remote.HttpCommandExecutor.execute(HttpCommandExecutor.java:184)
at org.openqa.selenium.remote.service.DriverCommandExecutor.invokeExecute(DriverCommandExecutor.java:167)
at org.openqa.selenium.remote.service.DriverCommandExecutor.execute(DriverCommandExecutor.java:142)
at org.openqa.selenium.remote.RemoteWebDriver.execute(RemoteWebDriver.java:541)
at org.openqa.selenium.remote.RemoteWebDriver.execute(RemoteWebDriver.java:596)
at org.openqa.selenium.remote.RemoteWebDriver.execute(RemoteWebDriver.java:600)
at org.openqa.selenium.remote.RemoteWebDriver.getScreenshotAs(RemoteWebDriver.java:331)
at com.base.BaseClass.getScreenshot(BaseClass.java:151)
at com.base.Listeners.onTestFailure(Listeners.java:45)
at java.base/java.util.ArrayList.forEach(ArrayList.java:1511)
... Removed 27 stack frames]]>
    </failure>
  </testcase> <!-- uploadFilesandEnableWithAddTagsSelectAllandCancel -->
  <testcase classname="com.test.ViewMatterViewDetailsTest" name="uploadFilesandEnableWithEditDescriptionFieldOnlyandSave" time="0.0">
    <ignored/>
  </testcase> <!-- uploadFilesandEnableWithEditDescriptionFieldOnlyandSave -->
  <testcase classname="com.test.ViewMatterViewDetailsTest" name="descriptionTextinViewDetails" time="0.0">
    <ignored/>
  </testcase> <!-- descriptionTextinViewDetails -->
</testsuite> <!-- Test -->
