<?xml version="1.0" encoding="UTF-8"?>
<!-- Generated by org.testng.reporters.JUnitReportReporter -->
<testsuite hostname="DESKTOP-N596F8M" failures="0" tests="60" name="com.test.CreateMatterTest" time="4052.209" errors="3" timestamp="2023-07-30T11:41:40 IST" skipped="0">
  <testcase classname="com.test.CreateMatterTest" name="clientsIndividuals" time="46.447"/>
  <system-out/>
  <testcase classname="com.test.CreateMatterTest" name="clientsIndividualsWithTeamMembers" time="47.623"/>
  <system-out/>
  <testcase classname="com.test.CreateMatterTest" name="clientsIndividualsWithDocuments" time="45.586"/>
  <system-out/>
  <testcase classname="com.test.CreateMatterTest" name="clientsIndividualsWithTMandDocuments" time="52.167"/>
  <system-out/>
  <testcase classname="com.test.CreateMatterTest" name="clientsEntity" time="41.179"/>
  <system-out/>
  <testcase classname="com.test.CreateMatterTest" name="clientsEntityWithTeamMembers" time="47.730"/>
  <system-out/>
  <testcase classname="com.test.CreateMatterTest" name="clientsEntityWithDocuments" time="47.517"/>
  <system-out/>
  <testcase classname="com.test.CreateMatterTest" name="clientsEntityWithTMandDocuments" time="54.300"/>
  <system-out/>
  <testcase classname="com.test.CreateMatterTest" name="clientsIndividualsandEntity" time="41.460"/>
  <system-out/>
  <testcase classname="com.test.CreateMatterTest" name="clientsIndividualsandEntityWithTeamMembers" time="47.640"/>
  <system-out/>
  <testcase classname="com.test.CreateMatterTest" name="clientsIndividualsandEntityWithDocuments" time="47.455"/>
  <system-out/>
  <testcase classname="com.test.CreateMatterTest" name="clientsIndividualsandEntityWithTMandDocuments" time="54.243"/>
  <system-out/>
  <testcase classname="com.test.CreateMatterTest" name="clientsIndividualsandTempClients" time="85.667"/>
  <system-out/>
  <testcase classname="com.test.CreateMatterTest" name="clientsIndividualsandTempClientsWithTeamMembers" time="86.746"/>
  <system-out/>
  <testcase classname="com.test.CreateMatterTest" name="clientsIndividualsandTempClientsWithDocuments" time="85.209"/>
  <system-out/>
  <testcase classname="com.test.CreateMatterTest" name="clientsIndividualsandTempClientsWithTMandDocuments" time="91.248"/>
  <system-out/>
  <testcase classname="com.test.CreateMatterTest" name="clientsEntityandTempClients" time="80.848"/>
  <system-out/>
  <testcase classname="com.test.CreateMatterTest" name="clientsEntityandTempClientsWithTeamMembers" time="88.209"/>
  <system-out/>
  <testcase classname="com.test.CreateMatterTest" name="clientsEntityandTempClientsWithDocuments" time="86.961"/>
  <system-out/>
  <testcase classname="com.test.CreateMatterTest" name="clientsEntityandTempClientsWithTMandDocuments" time="94.326"/>
  <system-out/>
  <testcase classname="com.test.CreateMatterTest" name="clientsIndividualsandEntityandTempClients" time="81.228"/>
  <system-out/>
  <testcase classname="com.test.CreateMatterTest" name="clientsIndividualsandEntityandTempClientsWithTeamMembers" time="87.626"/>
  <system-out/>
  <testcase classname="com.test.CreateMatterTest" name="clientsIndividualsandEntityandTempClientsWithDocuments" time="80.490">
    <error message="Expected condition failed: waiting for visibility of all [Proxy element for: DefaultElementLocator &#039;By.xpath: //button[@class=&#039;btn btn-default alertbtn&#039;]&#039;] (tried for 10 second(s) with 500 milliseconds interval)" type="org.openqa.selenium.TimeoutException">
      <![CDATA[org.openqa.selenium.TimeoutException: Expected condition failed: waiting for visibility of all [Proxy element for: DefaultElementLocator 'By.xpath: //button[@class='btn btn-default alertbtn']'] (tried for 10 second(s) with 500 milliseconds interval)
at org.openqa.selenium.support.ui.WebDriverWait.timeoutException(WebDriverWait.java:87)
at org.openqa.selenium.support.ui.FluentWait.until(FluentWait.java:231)
at com.abst.Reusable.visibilityOfAllElements(Reusable.java:132)
at com.pom.CreateMatter.addTeamMembersTempClientsBtn(CreateMatter.java:279)
at com.test.CreateMatterTest.clientsIndividualsandEntityandTempClientsWithDocuments(CreateMatterTest.java:657)
at java.base/jdk.internal.reflect.DirectMethodHandleAccessor.invoke(DirectMethodHandleAccessor.java:104)
at java.base/java.lang.reflect.Method.invoke(Method.java:577)
at org.testng.internal.MethodInvocationHelper.invokeMethod(MethodInvocationHelper.java:133)
at org.testng.internal.TestInvoker.invokeMethod(TestInvoker.java:598)
at org.testng.internal.TestInvoker.invokeTestMethod(TestInvoker.java:173)
at org.testng.internal.MethodRunner.runInSequence(MethodRunner.java:46)
at org.testng.internal.TestInvoker$MethodInvocationAgent.invoke(TestInvoker.java:824)
at org.testng.internal.TestInvoker.invokeTestMethods(TestInvoker.java:146)
at org.testng.internal.TestMethodWorker.invokeTestMethods(TestMethodWorker.java:146)
at org.testng.internal.TestMethodWorker.run(TestMethodWorker.java:128)
at java.base/java.util.ArrayList.forEach(ArrayList.java:1511)
at org.testng.TestRunner.privateRun(TestRunner.java:794)
at org.testng.TestRunner.run(TestRunner.java:596)
at org.testng.SuiteRunner.runTest(SuiteRunner.java:377)
at org.testng.SuiteRunner.runSequentially(SuiteRunner.java:371)
at org.testng.SuiteRunner.privateRun(SuiteRunner.java:332)
at org.testng.SuiteRunner.run(SuiteRunner.java:276)
at org.testng.SuiteRunnerWorker.runSuite(SuiteRunnerWorker.java:53)
at org.testng.SuiteRunnerWorker.run(SuiteRunnerWorker.java:96)
at org.testng.TestNG.runSuitesSequentially(TestNG.java:1212)
at org.testng.TestNG.runSuitesLocally(TestNG.java:1134)
at org.testng.TestNG.runSuites(TestNG.java:1063)
at org.testng.TestNG.run(TestNG.java:1031)
at org.testng.remote.AbstractRemoteTestNG.run(AbstractRemoteTestNG.java:115)
at org.testng.remote.RemoteTestNG.initAndRun(RemoteTestNG.java:251)
at org.testng.remote.RemoteTestNG.main(RemoteTestNG.java:77)
Caused by: org.openqa.selenium.NoSuchElementException: no such element: Unable to locate element: {"method":"xpath","selector":"//button[@class='btn btn-default alertbtn']"}
  (Session info: chrome=115.0.5790.110)
For documentation on this error, please visit: https://selenium.dev/exceptions/#no_such_element
Build info: version: '4.7.0', revision: '0a5b49d16f'
System info: os.name: 'Windows 10', os.arch: 'amd64', os.version: '10.0', java.version: '18.0.2.1'
Driver info: org.openqa.selenium.chrome.ChromeDriver
Command: [851ddb30a74ebcb4fe993ac0a3baa74c, findElement {using=xpath, value=//button[@class='btn btn-default alertbtn']}]
Capabilities {acceptInsecureCerts: false, browserName: chrome, browserVersion: 115.0.5790.110, chrome: {chromedriverVersion: 114.0.5735.90 (386bc09e8f4f..., userDataDir: C:\Users\VENGAD~1\AppData\L...}, goog:chromeOptions: {debuggerAddress: localhost:54405}, networkConnectionEnabled: false, pageLoadStrategy: normal, platformName: WINDOWS, proxy: Proxy(), se:cdp: ws://localhost:54405/devtoo..., se:cdpVersion: 115.0.5790.110, setWindowRect: true, strictFileInteractability: false, timeouts: {implicit: 0, pageLoad: 300000, script: 30000}, unhandledPromptBehavior: dismiss and notify, webauthn:extension:credBlob: true, webauthn:extension:largeBlob: true, webauthn:extension:minPinLength: true, webauthn:extension:prf: true, webauthn:virtualAuthenticators: true}
Session ID: 851ddb30a74ebcb4fe993ac0a3baa74c
at java.base/jdk.internal.reflect.DirectConstructorHandleAccessor.newInstance(DirectConstructorHandleAccessor.java:67)
at java.base/java.lang.reflect.Constructor.newInstanceWithCaller(Constructor.java:499)
at java.base/java.lang.reflect.Constructor.newInstance(Constructor.java:483)
at org.openqa.selenium.remote.codec.w3c.W3CHttpResponseCodec.createException(W3CHttpResponseCodec.java:200)
at org.openqa.selenium.remote.codec.w3c.W3CHttpResponseCodec.decode(W3CHttpResponseCodec.java:133)
at org.openqa.selenium.remote.codec.w3c.W3CHttpResponseCodec.decode(W3CHttpResponseCodec.java:53)
at org.openqa.selenium.remote.HttpCommandExecutor.execute(HttpCommandExecutor.java:184)
at org.openqa.selenium.remote.service.DriverCommandExecutor.invokeExecute(DriverCommandExecutor.java:167)
at org.openqa.selenium.remote.service.DriverCommandExecutor.execute(DriverCommandExecutor.java:142)
at org.openqa.selenium.remote.RemoteWebDriver.execute(RemoteWebDriver.java:541)
at org.openqa.selenium.remote.ElementLocation$ElementFinder$2.findElement(ElementLocation.java:162)
at org.openqa.selenium.remote.ElementLocation.findElement(ElementLocation.java:60)
at org.openqa.selenium.remote.RemoteWebDriver.findElement(RemoteWebDriver.java:365)
at org.openqa.selenium.remote.RemoteWebDriver.findElement(RemoteWebDriver.java:357)
at org.openqa.selenium.support.pagefactory.DefaultElementLocator.findElement(DefaultElementLocator.java:70)
at org.openqa.selenium.support.pagefactory.internal.LocatingElementHandler.invoke(LocatingElementHandler.java:39)
at jdk.proxy2/jdk.proxy2.$Proxy18.isDisplayed(Unknown Source)
at org.openqa.selenium.support.ui.ExpectedConditions$9.apply(ExpectedConditions.java:267)
at org.openqa.selenium.support.ui.ExpectedConditions$9.apply(ExpectedConditions.java:263)
at org.openqa.selenium.support.ui.FluentWait.until(FluentWait.java:208)
... 29 more
]]>
    </error>
  </testcase> <!-- clientsIndividualsandEntityandTempClientsWithDocuments -->
  <system-out/>
  <testcase classname="com.test.CreateMatterTest" name="clientsIndividualsandEntityandTempClientsWithTMandDocuments" time="93.866"/>
  <system-out/>
  <testcase classname="com.test.CreateMatterTest" name="clientsIndividualsandTempClientsIndividuals" time="58.857"/>
  <system-out/>
  <testcase classname="com.test.CreateMatterTest" name="clientsIndividualsandTempClientsIndividualsWithTeamMembers" time="66.570"/>
  <system-out/>
  <testcase classname="com.test.CreateMatterTest" name="clientsIndividualsandTempClientsIndividualsWithDocuments" time="63.683"/>
  <system-out/>
  <testcase classname="com.test.CreateMatterTest" name="clientsIndividualsandTempClientsIndividualsWithTMandDocuments" time="70.932"/>
  <system-out/>
  <testcase classname="com.test.CreateMatterTest" name="clientsEntityandTempClientsIndividuals" time="61.214"/>
  <system-out/>
  <testcase classname="com.test.CreateMatterTest" name="clientsEntityandTempClientsIndividualsWithTeamMembers" time="66.947"/>
  <system-out/>
  <testcase classname="com.test.CreateMatterTest" name="clientsEntityandTempClientsIndividualsWithDocuments" time="68.446"/>
  <system-out/>
  <testcase classname="com.test.CreateMatterTest" name="clientsEntityandTempClientsIndividualsWithTMandDocuments" time="45.425">
    <error message="Expected condition failed: waiting for visibility of all [Proxy element for: DefaultElementLocator &#039;By.id: name&#039;] (tried for 10 second(s) with 500 milliseconds interval)" type="org.openqa.selenium.TimeoutException">
      <![CDATA[org.openqa.selenium.TimeoutException: Expected condition failed: waiting for visibility of all [Proxy element for: DefaultElementLocator 'By.id: name'] (tried for 10 second(s) with 500 milliseconds interval)
at org.openqa.selenium.support.ui.WebDriverWait.timeoutException(WebDriverWait.java:87)
at org.openqa.selenium.support.ui.FluentWait.until(FluentWait.java:231)
at com.abst.Reusable.visibilityOfAllElements(Reusable.java:132)
at com.pom.CreateMatter.tempClientIndividuals(CreateMatter.java:235)
at com.test.CreateMatterTest.clientsEntityandTempClientsIndividualsWithTMandDocuments(CreateMatterTest.java:938)
at java.base/jdk.internal.reflect.DirectMethodHandleAccessor.invoke(DirectMethodHandleAccessor.java:104)
at java.base/java.lang.reflect.Method.invoke(Method.java:577)
at org.testng.internal.MethodInvocationHelper.invokeMethod(MethodInvocationHelper.java:133)
at org.testng.internal.TestInvoker.invokeMethod(TestInvoker.java:598)
at org.testng.internal.TestInvoker.invokeTestMethod(TestInvoker.java:173)
at org.testng.internal.MethodRunner.runInSequence(MethodRunner.java:46)
at org.testng.internal.TestInvoker$MethodInvocationAgent.invoke(TestInvoker.java:824)
at org.testng.internal.TestInvoker.invokeTestMethods(TestInvoker.java:146)
at org.testng.internal.TestMethodWorker.invokeTestMethods(TestMethodWorker.java:146)
at org.testng.internal.TestMethodWorker.run(TestMethodWorker.java:128)
at java.base/java.util.ArrayList.forEach(ArrayList.java:1511)
at org.testng.TestRunner.privateRun(TestRunner.java:794)
at org.testng.TestRunner.run(TestRunner.java:596)
at org.testng.SuiteRunner.runTest(SuiteRunner.java:377)
at org.testng.SuiteRunner.runSequentially(SuiteRunner.java:371)
at org.testng.SuiteRunner.privateRun(SuiteRunner.java:332)
at org.testng.SuiteRunner.run(SuiteRunner.java:276)
at org.testng.SuiteRunnerWorker.runSuite(SuiteRunnerWorker.java:53)
at org.testng.SuiteRunnerWorker.run(SuiteRunnerWorker.java:96)
at org.testng.TestNG.runSuitesSequentially(TestNG.java:1212)
at org.testng.TestNG.runSuitesLocally(TestNG.java:1134)
at org.testng.TestNG.runSuites(TestNG.java:1063)
at org.testng.TestNG.run(TestNG.java:1031)
at org.testng.remote.AbstractRemoteTestNG.run(AbstractRemoteTestNG.java:115)
at org.testng.remote.RemoteTestNG.initAndRun(RemoteTestNG.java:251)
at org.testng.remote.RemoteTestNG.main(RemoteTestNG.java:77)
Caused by: org.openqa.selenium.NoSuchElementException: no such element: Unable to locate element: {"method":"css selector","selector":"#name"}
  (Session info: chrome=115.0.5790.110)
For documentation on this error, please visit: https://selenium.dev/exceptions/#no_such_element
Build info: version: '4.7.0', revision: '0a5b49d16f'
System info: os.name: 'Windows 10', os.arch: 'amd64', os.version: '10.0', java.version: '18.0.2.1'
Driver info: org.openqa.selenium.chrome.ChromeDriver
Command: [851ddb30a74ebcb4fe993ac0a3baa74c, findElement {using=id, value=name}]
Capabilities {acceptInsecureCerts: false, browserName: chrome, browserVersion: 115.0.5790.110, chrome: {chromedriverVersion: 114.0.5735.90 (386bc09e8f4f..., userDataDir: C:\Users\VENGAD~1\AppData\L...}, goog:chromeOptions: {debuggerAddress: localhost:54405}, networkConnectionEnabled: false, pageLoadStrategy: normal, platformName: WINDOWS, proxy: Proxy(), se:cdp: ws://localhost:54405/devtoo..., se:cdpVersion: 115.0.5790.110, setWindowRect: true, strictFileInteractability: false, timeouts: {implicit: 0, pageLoad: 300000, script: 30000}, unhandledPromptBehavior: dismiss and notify, webauthn:extension:credBlob: true, webauthn:extension:largeBlob: true, webauthn:extension:minPinLength: true, webauthn:extension:prf: true, webauthn:virtualAuthenticators: true}
Session ID: 851ddb30a74ebcb4fe993ac0a3baa74c
at java.base/jdk.internal.reflect.DirectConstructorHandleAccessor.newInstance(DirectConstructorHandleAccessor.java:67)
at java.base/java.lang.reflect.Constructor.newInstanceWithCaller(Constructor.java:499)
at java.base/java.lang.reflect.Constructor.newInstance(Constructor.java:483)
at org.openqa.selenium.remote.codec.w3c.W3CHttpResponseCodec.createException(W3CHttpResponseCodec.java:200)
at org.openqa.selenium.remote.codec.w3c.W3CHttpResponseCodec.decode(W3CHttpResponseCodec.java:133)
at org.openqa.selenium.remote.codec.w3c.W3CHttpResponseCodec.decode(W3CHttpResponseCodec.java:53)
at org.openqa.selenium.remote.HttpCommandExecutor.execute(HttpCommandExecutor.java:184)
at org.openqa.selenium.remote.service.DriverCommandExecutor.invokeExecute(DriverCommandExecutor.java:167)
at org.openqa.selenium.remote.service.DriverCommandExecutor.execute(DriverCommandExecutor.java:142)
at org.openqa.selenium.remote.RemoteWebDriver.execute(RemoteWebDriver.java:541)
at org.openqa.selenium.remote.ElementLocation$ElementFinder$2.findElement(ElementLocation.java:162)
at org.openqa.selenium.remote.ElementLocation.findElement(ElementLocation.java:60)
at org.openqa.selenium.remote.RemoteWebDriver.findElement(RemoteWebDriver.java:365)
at org.openqa.selenium.remote.RemoteWebDriver.findElement(RemoteWebDriver.java:357)
at org.openqa.selenium.support.pagefactory.DefaultElementLocator.findElement(DefaultElementLocator.java:70)
at org.openqa.selenium.support.pagefactory.internal.LocatingElementHandler.invoke(LocatingElementHandler.java:39)
at jdk.proxy2/jdk.proxy2.$Proxy18.isDisplayed(Unknown Source)
at org.openqa.selenium.support.ui.ExpectedConditions$9.apply(ExpectedConditions.java:267)
at org.openqa.selenium.support.ui.ExpectedConditions$9.apply(ExpectedConditions.java:263)
at org.openqa.selenium.support.ui.FluentWait.until(FluentWait.java:208)
... 29 more
]]>
    </error>
  </testcase> <!-- clientsEntityandTempClientsIndividualsWithTMandDocuments -->
  <system-out/>
  <testcase classname="com.test.CreateMatterTest" name="clientsIndividualsandEntityandTempClientsIndividuals" time="60.084"/>
  <system-out/>
  <testcase classname="com.test.CreateMatterTest" name="clientsIndividualsandEntityandTempClientsIndividualsWithTeamMembers" time="67.099"/>
  <system-out/>
  <testcase classname="com.test.CreateMatterTest" name="clientsIndividualsandEntityandTempClientsIndividualsWithDocuments" time="68.203"/>
  <system-out/>
  <testcase classname="com.test.CreateMatterTest" name="clientsIndividualsandEntityandTempClientsIndividualsWithTMandDocuments" time="73.770"/>
  <system-out/>
  <testcase classname="com.test.CreateMatterTest" name="clientsIndividualsandTempClientsEntity" time="61.839"/>
  <system-out/>
  <testcase classname="com.test.CreateMatterTest" name="clientsIndividualsandTempClientsEntityWithTeamMembers" time="67.913"/>
  <system-out/>
  <testcase classname="com.test.CreateMatterTest" name="clientsIndividualsandTempClientsEntityWithDocuments" time="66.534"/>
  <system-out/>
  <testcase classname="com.test.CreateMatterTest" name="clientsIndividualsandTempClientsEntityWithTMandDocuments" time="73.738"/>
  <system-out/>
  <testcase classname="com.test.CreateMatterTest" name="clientsEntitysandTempClientsEntity" time="63.546"/>
  <system-out/>
  <testcase classname="com.test.CreateMatterTest" name="clientsEntityandTempClientsEntityWithTeamMembers" time="70.134"/>
  <system-out/>
  <testcase classname="com.test.CreateMatterTest" name="clientsEntityandTempClientsEntityWithDocuments" time="70.941"/>
  <system-out/>
  <testcase classname="com.test.CreateMatterTest" name="clientsEntityandTempClientsEntityWithTMandDocuments" time="76.767"/>
  <system-out/>
  <testcase classname="com.test.CreateMatterTest" name="clientsIndividualsandEntityandTempClientsEntity" time="63.846"/>
  <system-out/>
  <testcase classname="com.test.CreateMatterTest" name="clientsIndividualsandEntityandTempClientsEntityWithTeamMembers" time="71.527"/>
  <system-out/>
  <testcase classname="com.test.CreateMatterTest" name="clientsIndividualsandEntityandTempClientsEntityWithDocuments" time="70.941"/>
  <system-out/>
  <testcase classname="com.test.CreateMatterTest" name="clientsIndividualsandEntityandTempClientsEntityWithTMandDocuments" time="78.515"/>
  <system-out/>
  <testcase classname="com.test.CreateMatterTest" name="tempClientsIndividuals" time="55.009"/>
  <system-out/>
  <testcase classname="com.test.CreateMatterTest" name="tempClientsIndividualsWithTeamMembers" time="61.810"/>
  <system-out/>
  <testcase classname="com.test.CreateMatterTest" name="tempClientsIndividualsWithDocuments" time="62.435"/>
  <system-out/>
  <testcase classname="com.test.CreateMatterTest" name="tempClientsIndividualsWithTMandDocuments" time="69.772"/>
  <system-out/>
  <testcase classname="com.test.CreateMatterTest" name="tempClientsEntity" time="58.185"/>
  <system-out/>
  <testcase classname="com.test.CreateMatterTest" name="tempClientsEntityWithTeamMembers" time="64.809"/>
  <system-out/>
  <testcase classname="com.test.CreateMatterTest" name="tempClientsEntityWithDocuments" time="65.829"/>
  <system-out/>
  <testcase classname="com.test.CreateMatterTest" name="tempClientsEntityWithTMandDocuments" time="72.279"/>
  <system-out/>
  <testcase classname="com.test.CreateMatterTest" name="tempClientsIndividualsandEntity" time="78.234"/>
  <system-out/>
  <testcase classname="com.test.CreateMatterTest" name="tempClientsIndividualsandEntityWithTeamMembers" time="63.413">
    <error message="Expected condition failed: waiting for visibility of all [Proxy element for: DefaultElementLocator &#039;By.xpath: //button[@class=&#039;btn btn-default alertbtn&#039;]&#039;] (tried for 10 second(s) with 500 milliseconds interval)" type="org.openqa.selenium.TimeoutException">
      <![CDATA[org.openqa.selenium.TimeoutException: Expected condition failed: waiting for visibility of all [Proxy element for: DefaultElementLocator 'By.xpath: //button[@class='btn btn-default alertbtn']'] (tried for 10 second(s) with 500 milliseconds interval)
at org.openqa.selenium.support.ui.WebDriverWait.timeoutException(WebDriverWait.java:87)
at org.openqa.selenium.support.ui.FluentWait.until(FluentWait.java:231)
at com.abst.Reusable.visibilityOfAllElements(Reusable.java:132)
at com.pom.CreateMatter.addTeamMembersTempClientsBtn(CreateMatter.java:279)
at com.test.CreateMatterTest.tempClientsIndividualsandEntityWithTeamMembers(CreateMatterTest.java:1712)
at java.base/jdk.internal.reflect.DirectMethodHandleAccessor.invoke(DirectMethodHandleAccessor.java:104)
at java.base/java.lang.reflect.Method.invoke(Method.java:577)
at org.testng.internal.MethodInvocationHelper.invokeMethod(MethodInvocationHelper.java:133)
at org.testng.internal.TestInvoker.invokeMethod(TestInvoker.java:598)
at org.testng.internal.TestInvoker.invokeTestMethod(TestInvoker.java:173)
at org.testng.internal.MethodRunner.runInSequence(MethodRunner.java:46)
at org.testng.internal.TestInvoker$MethodInvocationAgent.invoke(TestInvoker.java:824)
at org.testng.internal.TestInvoker.invokeTestMethods(TestInvoker.java:146)
at org.testng.internal.TestMethodWorker.invokeTestMethods(TestMethodWorker.java:146)
at org.testng.internal.TestMethodWorker.run(TestMethodWorker.java:128)
at java.base/java.util.ArrayList.forEach(ArrayList.java:1511)
at org.testng.TestRunner.privateRun(TestRunner.java:794)
at org.testng.TestRunner.run(TestRunner.java:596)
at org.testng.SuiteRunner.runTest(SuiteRunner.java:377)
at org.testng.SuiteRunner.runSequentially(SuiteRunner.java:371)
at org.testng.SuiteRunner.privateRun(SuiteRunner.java:332)
at org.testng.SuiteRunner.run(SuiteRunner.java:276)
at org.testng.SuiteRunnerWorker.runSuite(SuiteRunnerWorker.java:53)
at org.testng.SuiteRunnerWorker.run(SuiteRunnerWorker.java:96)
at org.testng.TestNG.runSuitesSequentially(TestNG.java:1212)
at org.testng.TestNG.runSuitesLocally(TestNG.java:1134)
at org.testng.TestNG.runSuites(TestNG.java:1063)
at org.testng.TestNG.run(TestNG.java:1031)
at org.testng.remote.AbstractRemoteTestNG.run(AbstractRemoteTestNG.java:115)
at org.testng.remote.RemoteTestNG.initAndRun(RemoteTestNG.java:251)
at org.testng.remote.RemoteTestNG.main(RemoteTestNG.java:77)
Caused by: org.openqa.selenium.NoSuchElementException: no such element: Unable to locate element: {"method":"xpath","selector":"//button[@class='btn btn-default alertbtn']"}
  (Session info: chrome=115.0.5790.110)
For documentation on this error, please visit: https://selenium.dev/exceptions/#no_such_element
Build info: version: '4.7.0', revision: '0a5b49d16f'
System info: os.name: 'Windows 10', os.arch: 'amd64', os.version: '10.0', java.version: '18.0.2.1'
Driver info: org.openqa.selenium.chrome.ChromeDriver
Command: [851ddb30a74ebcb4fe993ac0a3baa74c, findElement {using=xpath, value=//button[@class='btn btn-default alertbtn']}]
Capabilities {acceptInsecureCerts: false, browserName: chrome, browserVersion: 115.0.5790.110, chrome: {chromedriverVersion: 114.0.5735.90 (386bc09e8f4f..., userDataDir: C:\Users\VENGAD~1\AppData\L...}, goog:chromeOptions: {debuggerAddress: localhost:54405}, networkConnectionEnabled: false, pageLoadStrategy: normal, platformName: WINDOWS, proxy: Proxy(), se:cdp: ws://localhost:54405/devtoo..., se:cdpVersion: 115.0.5790.110, setWindowRect: true, strictFileInteractability: false, timeouts: {implicit: 0, pageLoad: 300000, script: 30000}, unhandledPromptBehavior: dismiss and notify, webauthn:extension:credBlob: true, webauthn:extension:largeBlob: true, webauthn:extension:minPinLength: true, webauthn:extension:prf: true, webauthn:virtualAuthenticators: true}
Session ID: 851ddb30a74ebcb4fe993ac0a3baa74c
at java.base/jdk.internal.reflect.DirectConstructorHandleAccessor.newInstance(DirectConstructorHandleAccessor.java:67)
at java.base/java.lang.reflect.Constructor.newInstanceWithCaller(Constructor.java:499)
at java.base/java.lang.reflect.Constructor.newInstance(Constructor.java:483)
at org.openqa.selenium.remote.codec.w3c.W3CHttpResponseCodec.createException(W3CHttpResponseCodec.java:200)
at org.openqa.selenium.remote.codec.w3c.W3CHttpResponseCodec.decode(W3CHttpResponseCodec.java:133)
at org.openqa.selenium.remote.codec.w3c.W3CHttpResponseCodec.decode(W3CHttpResponseCodec.java:53)
at org.openqa.selenium.remote.HttpCommandExecutor.execute(HttpCommandExecutor.java:184)
at org.openqa.selenium.remote.service.DriverCommandExecutor.invokeExecute(DriverCommandExecutor.java:167)
at org.openqa.selenium.remote.service.DriverCommandExecutor.execute(DriverCommandExecutor.java:142)
at org.openqa.selenium.remote.RemoteWebDriver.execute(RemoteWebDriver.java:541)
at org.openqa.selenium.remote.ElementLocation$ElementFinder$2.findElement(ElementLocation.java:162)
at org.openqa.selenium.remote.ElementLocation.findElement(ElementLocation.java:60)
at org.openqa.selenium.remote.RemoteWebDriver.findElement(RemoteWebDriver.java:365)
at org.openqa.selenium.remote.RemoteWebDriver.findElement(RemoteWebDriver.java:357)
at org.openqa.selenium.support.pagefactory.DefaultElementLocator.findElement(DefaultElementLocator.java:70)
at org.openqa.selenium.support.pagefactory.internal.LocatingElementHandler.invoke(LocatingElementHandler.java:39)
at jdk.proxy2/jdk.proxy2.$Proxy18.isDisplayed(Unknown Source)
at org.openqa.selenium.support.ui.ExpectedConditions$9.apply(ExpectedConditions.java:267)
at org.openqa.selenium.support.ui.ExpectedConditions$9.apply(ExpectedConditions.java:263)
at org.openqa.selenium.support.ui.FluentWait.until(FluentWait.java:208)
... 29 more
]]>
    </error>
  </testcase> <!-- tempClientsIndividualsandEntityWithTeamMembers -->
  <system-out/>
  <testcase classname="com.test.CreateMatterTest" name="tempClientsIndividualsandEntityWithDocuments" time="85.497"/>
  <system-out/>
  <testcase classname="com.test.CreateMatterTest" name="tempClientsIndividualsandEntityWithTMandDocuments" time="91.695"/>
  <system-out/>
</testsuite> <!-- com.test.CreateMatterTest -->
